ARM GAS  C:\Users\Vento\AppData\Local\Temp\ccxZyWnp.s 			page 1


   1              		.cpu cortex-m3
   2              		.eabi_attribute 20, 1
   3              		.eabi_attribute 21, 1
   4              		.eabi_attribute 23, 3
   5              		.eabi_attribute 24, 1
   6              		.eabi_attribute 25, 1
   7              		.eabi_attribute 26, 1
   8              		.eabi_attribute 30, 1
   9              		.eabi_attribute 34, 1
  10              		.eabi_attribute 18, 4
  11              		.file	"gpio.c"
  12              		.text
  13              	.Ltext0:
  14              		.cfi_sections	.debug_frame
  15              		.section	.text.MX_GPIO_Init,"ax",%progbits
  16              		.align	1
  17              		.global	MX_GPIO_Init
  18              		.arch armv7-m
  19              		.syntax unified
  20              		.thumb
  21              		.thumb_func
  22              		.fpu softvfp
  24              	MX_GPIO_Init:
  25              	.LFB65:
  26              		.file 1 "Core/Src/gpio.c"
   1:Core/Src/gpio.c **** /* USER CODE BEGIN Header */
   2:Core/Src/gpio.c **** /**
   3:Core/Src/gpio.c ****   ******************************************************************************
   4:Core/Src/gpio.c ****   * @file    gpio.c
   5:Core/Src/gpio.c ****   * @brief   This file provides code for the configuration
   6:Core/Src/gpio.c ****   *          of all used GPIO pins.
   7:Core/Src/gpio.c ****   ******************************************************************************
   8:Core/Src/gpio.c ****   * @attention
   9:Core/Src/gpio.c ****   *
  10:Core/Src/gpio.c ****   * Copyright (c) 2021 STMicroelectronics.
  11:Core/Src/gpio.c ****   * All rights reserved.
  12:Core/Src/gpio.c ****   *
  13:Core/Src/gpio.c ****   * This software is licensed under terms that can be found in the LICENSE file
  14:Core/Src/gpio.c ****   * in the root directory of this software component.
  15:Core/Src/gpio.c ****   * If no LICENSE file comes with this software, it is provided AS-IS.
  16:Core/Src/gpio.c ****   *
  17:Core/Src/gpio.c ****   ******************************************************************************
  18:Core/Src/gpio.c ****   */
  19:Core/Src/gpio.c **** /* USER CODE END Header */
  20:Core/Src/gpio.c **** 
  21:Core/Src/gpio.c **** /* Includes ------------------------------------------------------------------*/
  22:Core/Src/gpio.c **** #include "gpio.h"
  23:Core/Src/gpio.c **** 
  24:Core/Src/gpio.c **** /* USER CODE BEGIN 0 */
  25:Core/Src/gpio.c **** 
  26:Core/Src/gpio.c **** /* USER CODE END 0 */
  27:Core/Src/gpio.c **** 
  28:Core/Src/gpio.c **** /*----------------------------------------------------------------------------*/
  29:Core/Src/gpio.c **** /* Configure GPIO                                                             */
  30:Core/Src/gpio.c **** /*----------------------------------------------------------------------------*/
  31:Core/Src/gpio.c **** /* USER CODE BEGIN 1 */
  32:Core/Src/gpio.c **** 
ARM GAS  C:\Users\Vento\AppData\Local\Temp\ccxZyWnp.s 			page 2


  33:Core/Src/gpio.c **** /* USER CODE END 1 */
  34:Core/Src/gpio.c **** 
  35:Core/Src/gpio.c **** /** Configure pins as
  36:Core/Src/gpio.c ****         * Analog
  37:Core/Src/gpio.c ****         * Input
  38:Core/Src/gpio.c ****         * Output
  39:Core/Src/gpio.c ****         * EVENT_OUT
  40:Core/Src/gpio.c ****         * EXTI
  41:Core/Src/gpio.c **** */
  42:Core/Src/gpio.c **** void MX_GPIO_Init(void)
  43:Core/Src/gpio.c **** {
  27              		.loc 1 43 1 view -0
  28              		.cfi_startproc
  29              		@ args = 0, pretend = 0, frame = 32
  30              		@ frame_needed = 0, uses_anonymous_args = 0
  31 0000 2DE9F043 		push	{r4, r5, r6, r7, r8, r9, lr}
  32              	.LCFI0:
  33              		.cfi_def_cfa_offset 28
  34              		.cfi_offset 4, -28
  35              		.cfi_offset 5, -24
  36              		.cfi_offset 6, -20
  37              		.cfi_offset 7, -16
  38              		.cfi_offset 8, -12
  39              		.cfi_offset 9, -8
  40              		.cfi_offset 14, -4
  41 0004 89B0     		sub	sp, sp, #36
  42              	.LCFI1:
  43              		.cfi_def_cfa_offset 64
  44:Core/Src/gpio.c **** 
  45:Core/Src/gpio.c ****   GPIO_InitTypeDef GPIO_InitStruct = {0};
  44              		.loc 1 45 3 view .LVU1
  45              		.loc 1 45 20 is_stmt 0 view .LVU2
  46 0006 0024     		movs	r4, #0
  47 0008 0494     		str	r4, [sp, #16]
  48 000a 0594     		str	r4, [sp, #20]
  49 000c 0694     		str	r4, [sp, #24]
  50 000e 0794     		str	r4, [sp, #28]
  46:Core/Src/gpio.c **** 
  47:Core/Src/gpio.c ****   /* GPIO Ports Clock Enable */
  48:Core/Src/gpio.c ****   __HAL_RCC_GPIOC_CLK_ENABLE();
  51              		.loc 1 48 3 is_stmt 1 view .LVU3
  52              	.LBB2:
  53              		.loc 1 48 3 view .LVU4
  54              		.loc 1 48 3 view .LVU5
  55 0010 464B     		ldr	r3, .L3
  56 0012 9A69     		ldr	r2, [r3, #24]
  57 0014 42F01002 		orr	r2, r2, #16
  58 0018 9A61     		str	r2, [r3, #24]
  59              		.loc 1 48 3 view .LVU6
  60 001a 9A69     		ldr	r2, [r3, #24]
  61 001c 02F01002 		and	r2, r2, #16
  62 0020 0092     		str	r2, [sp]
  63              		.loc 1 48 3 view .LVU7
  64 0022 009A     		ldr	r2, [sp]
  65              	.LBE2:
  66              		.loc 1 48 3 view .LVU8
  49:Core/Src/gpio.c ****   __HAL_RCC_GPIOD_CLK_ENABLE();
ARM GAS  C:\Users\Vento\AppData\Local\Temp\ccxZyWnp.s 			page 3


  67              		.loc 1 49 3 view .LVU9
  68              	.LBB3:
  69              		.loc 1 49 3 view .LVU10
  70              		.loc 1 49 3 view .LVU11
  71 0024 9A69     		ldr	r2, [r3, #24]
  72 0026 42F02002 		orr	r2, r2, #32
  73 002a 9A61     		str	r2, [r3, #24]
  74              		.loc 1 49 3 view .LVU12
  75 002c 9A69     		ldr	r2, [r3, #24]
  76 002e 02F02002 		and	r2, r2, #32
  77 0032 0192     		str	r2, [sp, #4]
  78              		.loc 1 49 3 view .LVU13
  79 0034 019A     		ldr	r2, [sp, #4]
  80              	.LBE3:
  81              		.loc 1 49 3 view .LVU14
  50:Core/Src/gpio.c ****   __HAL_RCC_GPIOA_CLK_ENABLE();
  82              		.loc 1 50 3 view .LVU15
  83              	.LBB4:
  84              		.loc 1 50 3 view .LVU16
  85              		.loc 1 50 3 view .LVU17
  86 0036 9A69     		ldr	r2, [r3, #24]
  87 0038 42F00402 		orr	r2, r2, #4
  88 003c 9A61     		str	r2, [r3, #24]
  89              		.loc 1 50 3 view .LVU18
  90 003e 9A69     		ldr	r2, [r3, #24]
  91 0040 02F00402 		and	r2, r2, #4
  92 0044 0292     		str	r2, [sp, #8]
  93              		.loc 1 50 3 view .LVU19
  94 0046 029A     		ldr	r2, [sp, #8]
  95              	.LBE4:
  96              		.loc 1 50 3 view .LVU20
  51:Core/Src/gpio.c ****   __HAL_RCC_GPIOB_CLK_ENABLE();
  97              		.loc 1 51 3 view .LVU21
  98              	.LBB5:
  99              		.loc 1 51 3 view .LVU22
 100              		.loc 1 51 3 view .LVU23
 101 0048 9A69     		ldr	r2, [r3, #24]
 102 004a 42F00802 		orr	r2, r2, #8
 103 004e 9A61     		str	r2, [r3, #24]
 104              		.loc 1 51 3 view .LVU24
 105 0050 9B69     		ldr	r3, [r3, #24]
 106 0052 03F00803 		and	r3, r3, #8
 107 0056 0393     		str	r3, [sp, #12]
 108              		.loc 1 51 3 view .LVU25
 109 0058 039B     		ldr	r3, [sp, #12]
 110              	.LBE5:
 111              		.loc 1 51 3 view .LVU26
  52:Core/Src/gpio.c **** 
  53:Core/Src/gpio.c ****   /*Configure GPIO pin Output Level */
  54:Core/Src/gpio.c ****   HAL_GPIO_WritePin(GPIO_PUMP_GPIO_Port, GPIO_PUMP_Pin, GPIO_PIN_RESET);
 112              		.loc 1 54 3 view .LVU27
 113 005a DFF8D490 		ldr	r9, .L3+4
 114 005e 2246     		mov	r2, r4
 115 0060 4FF40051 		mov	r1, #8192
 116 0064 4846     		mov	r0, r9
 117 0066 FFF7FEFF 		bl	HAL_GPIO_WritePin
 118              	.LVL0:
ARM GAS  C:\Users\Vento\AppData\Local\Temp\ccxZyWnp.s 			page 4


  55:Core/Src/gpio.c **** 
  56:Core/Src/gpio.c ****   /*Configure GPIO pin Output Level */
  57:Core/Src/gpio.c ****   HAL_GPIO_WritePin(GPIOA, LCD_RS_Pin|SPI1_SS_TOUCH_Pin|SPI1_SS_LCD_Pin|PWM1_Pin, GPIO_PIN_RESET);
 119              		.loc 1 57 3 view .LVU28
 120 006a DFF8C880 		ldr	r8, .L3+8
 121 006e 2246     		mov	r2, r4
 122 0070 49F68001 		movw	r1, #39040
 123 0074 4046     		mov	r0, r8
 124 0076 FFF7FEFF 		bl	HAL_GPIO_WritePin
 125              	.LVL1:
  58:Core/Src/gpio.c **** 
  59:Core/Src/gpio.c ****   /*Configure GPIO pin Output Level */
  60:Core/Src/gpio.c ****   HAL_GPIO_WritePin(GPIOB, LCD_DC_Pin|LCD_LED_Pin|GPIO_SIM_Pin|GPIO_ADAPTER_Pin
 126              		.loc 1 60 3 view .LVU29
 127 007a 2F4F     		ldr	r7, .L3+12
 128 007c 2246     		mov	r2, r4
 129 007e 40F22331 		movw	r1, #803
 130 0082 3846     		mov	r0, r7
 131 0084 FFF7FEFF 		bl	HAL_GPIO_WritePin
 132              	.LVL2:
  61:Core/Src/gpio.c ****                           |GPIO_SOLAR_Pin, GPIO_PIN_RESET);
  62:Core/Src/gpio.c **** 
  63:Core/Src/gpio.c ****   /*Configure GPIO pin : PtPin */
  64:Core/Src/gpio.c ****   GPIO_InitStruct.Pin = GPIO_PUMP_Pin;
 133              		.loc 1 64 3 view .LVU30
 134              		.loc 1 64 23 is_stmt 0 view .LVU31
 135 0088 4FF40053 		mov	r3, #8192
 136 008c 0493     		str	r3, [sp, #16]
  65:Core/Src/gpio.c ****   GPIO_InitStruct.Mode = GPIO_MODE_OUTPUT_PP;
 137              		.loc 1 65 3 is_stmt 1 view .LVU32
 138              		.loc 1 65 24 is_stmt 0 view .LVU33
 139 008e 0126     		movs	r6, #1
 140 0090 0596     		str	r6, [sp, #20]
  66:Core/Src/gpio.c ****   GPIO_InitStruct.Pull = GPIO_PULLDOWN;
 141              		.loc 1 66 3 is_stmt 1 view .LVU34
 142              		.loc 1 66 24 is_stmt 0 view .LVU35
 143 0092 0225     		movs	r5, #2
 144 0094 0695     		str	r5, [sp, #24]
  67:Core/Src/gpio.c ****   GPIO_InitStruct.Speed = GPIO_SPEED_FREQ_LOW;
 145              		.loc 1 67 3 is_stmt 1 view .LVU36
 146              		.loc 1 67 25 is_stmt 0 view .LVU37
 147 0096 0795     		str	r5, [sp, #28]
  68:Core/Src/gpio.c ****   HAL_GPIO_Init(GPIO_PUMP_GPIO_Port, &GPIO_InitStruct);
 148              		.loc 1 68 3 is_stmt 1 view .LVU38
 149 0098 04A9     		add	r1, sp, #16
 150 009a 4846     		mov	r0, r9
 151 009c FFF7FEFF 		bl	HAL_GPIO_Init
 152              	.LVL3:
  69:Core/Src/gpio.c **** 
  70:Core/Src/gpio.c ****   /*Configure GPIO pins : PAPin PAPin PAPin */
  71:Core/Src/gpio.c ****   GPIO_InitStruct.Pin = LCD_RS_Pin|SPI1_SS_TOUCH_Pin|SPI1_SS_LCD_Pin;
 153              		.loc 1 71 3 view .LVU39
 154              		.loc 1 71 23 is_stmt 0 view .LVU40
 155 00a0 4FF4C453 		mov	r3, #6272
 156 00a4 0493     		str	r3, [sp, #16]
  72:Core/Src/gpio.c ****   GPIO_InitStruct.Mode = GPIO_MODE_OUTPUT_PP;
 157              		.loc 1 72 3 is_stmt 1 view .LVU41
ARM GAS  C:\Users\Vento\AppData\Local\Temp\ccxZyWnp.s 			page 5


 158              		.loc 1 72 24 is_stmt 0 view .LVU42
 159 00a6 0596     		str	r6, [sp, #20]
  73:Core/Src/gpio.c ****   GPIO_InitStruct.Pull = GPIO_NOPULL;
 160              		.loc 1 73 3 is_stmt 1 view .LVU43
 161              		.loc 1 73 24 is_stmt 0 view .LVU44
 162 00a8 0694     		str	r4, [sp, #24]
  74:Core/Src/gpio.c ****   GPIO_InitStruct.Speed = GPIO_SPEED_FREQ_LOW;
 163              		.loc 1 74 3 is_stmt 1 view .LVU45
 164              		.loc 1 74 25 is_stmt 0 view .LVU46
 165 00aa 0795     		str	r5, [sp, #28]
  75:Core/Src/gpio.c ****   HAL_GPIO_Init(GPIOA, &GPIO_InitStruct);
 166              		.loc 1 75 3 is_stmt 1 view .LVU47
 167 00ac 04A9     		add	r1, sp, #16
 168 00ae 4046     		mov	r0, r8
 169 00b0 FFF7FEFF 		bl	HAL_GPIO_Init
 170              	.LVL4:
  76:Core/Src/gpio.c **** 
  77:Core/Src/gpio.c ****   /*Configure GPIO pins : PBPin PBPin */
  78:Core/Src/gpio.c ****   GPIO_InitStruct.Pin = LCD_DC_Pin|LCD_LED_Pin;
 171              		.loc 1 78 3 view .LVU48
 172              		.loc 1 78 23 is_stmt 0 view .LVU49
 173 00b4 0323     		movs	r3, #3
 174 00b6 0493     		str	r3, [sp, #16]
  79:Core/Src/gpio.c ****   GPIO_InitStruct.Mode = GPIO_MODE_OUTPUT_PP;
 175              		.loc 1 79 3 is_stmt 1 view .LVU50
 176              		.loc 1 79 24 is_stmt 0 view .LVU51
 177 00b8 0596     		str	r6, [sp, #20]
  80:Core/Src/gpio.c ****   GPIO_InitStruct.Pull = GPIO_NOPULL;
 178              		.loc 1 80 3 is_stmt 1 view .LVU52
 179              		.loc 1 80 24 is_stmt 0 view .LVU53
 180 00ba 0694     		str	r4, [sp, #24]
  81:Core/Src/gpio.c ****   GPIO_InitStruct.Speed = GPIO_SPEED_FREQ_LOW;
 181              		.loc 1 81 3 is_stmt 1 view .LVU54
 182              		.loc 1 81 25 is_stmt 0 view .LVU55
 183 00bc 0795     		str	r5, [sp, #28]
  82:Core/Src/gpio.c ****   HAL_GPIO_Init(GPIOB, &GPIO_InitStruct);
 184              		.loc 1 82 3 is_stmt 1 view .LVU56
 185 00be 04A9     		add	r1, sp, #16
 186 00c0 3846     		mov	r0, r7
 187 00c2 FFF7FEFF 		bl	HAL_GPIO_Init
 188              	.LVL5:
  83:Core/Src/gpio.c **** 
  84:Core/Src/gpio.c ****   /*Configure GPIO pins : PBPin PBPin */
  85:Core/Src/gpio.c ****   GPIO_InitStruct.Pin = GPIO_B_STATE_Pin|GPIO_A_STATE_Pin;
 189              		.loc 1 85 3 view .LVU57
 190              		.loc 1 85 23 is_stmt 0 view .LVU58
 191 00c6 41F21003 		movw	r3, #4112
 192 00ca 0493     		str	r3, [sp, #16]
  86:Core/Src/gpio.c ****   GPIO_InitStruct.Mode = GPIO_MODE_INPUT;
 193              		.loc 1 86 3 is_stmt 1 view .LVU59
 194              		.loc 1 86 24 is_stmt 0 view .LVU60
 195 00cc 0594     		str	r4, [sp, #20]
  87:Core/Src/gpio.c ****   GPIO_InitStruct.Pull = GPIO_PULLDOWN;
 196              		.loc 1 87 3 is_stmt 1 view .LVU61
 197              		.loc 1 87 24 is_stmt 0 view .LVU62
 198 00ce 0695     		str	r5, [sp, #24]
  88:Core/Src/gpio.c ****   HAL_GPIO_Init(GPIOB, &GPIO_InitStruct);
ARM GAS  C:\Users\Vento\AppData\Local\Temp\ccxZyWnp.s 			page 6


 199              		.loc 1 88 3 is_stmt 1 view .LVU63
 200 00d0 04A9     		add	r1, sp, #16
 201 00d2 3846     		mov	r0, r7
 202 00d4 FFF7FEFF 		bl	HAL_GPIO_Init
 203              	.LVL6:
  89:Core/Src/gpio.c **** 
  90:Core/Src/gpio.c ****   /*Configure GPIO pin : PtPin */
  91:Core/Src/gpio.c ****   GPIO_InitStruct.Pin = T_IRQ_Pin;
 204              		.loc 1 91 3 view .LVU64
 205              		.loc 1 91 23 is_stmt 0 view .LVU65
 206 00d8 4FF48073 		mov	r3, #256
 207 00dc 0493     		str	r3, [sp, #16]
  92:Core/Src/gpio.c ****   GPIO_InitStruct.Mode = GPIO_MODE_IT_FALLING;
 208              		.loc 1 92 3 is_stmt 1 view .LVU66
 209              		.loc 1 92 24 is_stmt 0 view .LVU67
 210 00de 174B     		ldr	r3, .L3+16
 211 00e0 0593     		str	r3, [sp, #20]
  93:Core/Src/gpio.c ****   GPIO_InitStruct.Pull = GPIO_PULLUP;
 212              		.loc 1 93 3 is_stmt 1 view .LVU68
 213              		.loc 1 93 24 is_stmt 0 view .LVU69
 214 00e2 0696     		str	r6, [sp, #24]
  94:Core/Src/gpio.c ****   HAL_GPIO_Init(T_IRQ_GPIO_Port, &GPIO_InitStruct);
 215              		.loc 1 94 3 is_stmt 1 view .LVU70
 216 00e4 04A9     		add	r1, sp, #16
 217 00e6 4046     		mov	r0, r8
 218 00e8 FFF7FEFF 		bl	HAL_GPIO_Init
 219              	.LVL7:
  95:Core/Src/gpio.c **** 
  96:Core/Src/gpio.c ****   /*Configure GPIO pin : PtPin */
  97:Core/Src/gpio.c ****   GPIO_InitStruct.Pin = PWM1_Pin;
 220              		.loc 1 97 3 view .LVU71
 221              		.loc 1 97 23 is_stmt 0 view .LVU72
 222 00ec 4FF40043 		mov	r3, #32768
 223 00f0 0493     		str	r3, [sp, #16]
  98:Core/Src/gpio.c ****   GPIO_InitStruct.Mode = GPIO_MODE_OUTPUT_PP;
 224              		.loc 1 98 3 is_stmt 1 view .LVU73
 225              		.loc 1 98 24 is_stmt 0 view .LVU74
 226 00f2 0596     		str	r6, [sp, #20]
  99:Core/Src/gpio.c ****   GPIO_InitStruct.Pull = GPIO_PULLDOWN;
 227              		.loc 1 99 3 is_stmt 1 view .LVU75
 228              		.loc 1 99 24 is_stmt 0 view .LVU76
 229 00f4 0695     		str	r5, [sp, #24]
 100:Core/Src/gpio.c ****   GPIO_InitStruct.Speed = GPIO_SPEED_FREQ_MEDIUM;
 230              		.loc 1 100 3 is_stmt 1 view .LVU77
 231              		.loc 1 100 25 is_stmt 0 view .LVU78
 232 00f6 0796     		str	r6, [sp, #28]
 101:Core/Src/gpio.c ****   HAL_GPIO_Init(PWM1_GPIO_Port, &GPIO_InitStruct);
 233              		.loc 1 101 3 is_stmt 1 view .LVU79
 234 00f8 04A9     		add	r1, sp, #16
 235 00fa 4046     		mov	r0, r8
 236 00fc FFF7FEFF 		bl	HAL_GPIO_Init
 237              	.LVL8:
 102:Core/Src/gpio.c **** 
 103:Core/Src/gpio.c ****   /*Configure GPIO pins : PBPin PBPin PBPin */
 104:Core/Src/gpio.c ****   GPIO_InitStruct.Pin = GPIO_SIM_Pin|GPIO_ADAPTER_Pin|GPIO_SOLAR_Pin;
 238              		.loc 1 104 3 view .LVU80
 239              		.loc 1 104 23 is_stmt 0 view .LVU81
ARM GAS  C:\Users\Vento\AppData\Local\Temp\ccxZyWnp.s 			page 7


 240 0100 4FF44873 		mov	r3, #800
 241 0104 0493     		str	r3, [sp, #16]
 105:Core/Src/gpio.c ****   GPIO_InitStruct.Mode = GPIO_MODE_OUTPUT_PP;
 242              		.loc 1 105 3 is_stmt 1 view .LVU82
 243              		.loc 1 105 24 is_stmt 0 view .LVU83
 244 0106 0596     		str	r6, [sp, #20]
 106:Core/Src/gpio.c ****   GPIO_InitStruct.Pull = GPIO_PULLDOWN;
 245              		.loc 1 106 3 is_stmt 1 view .LVU84
 246              		.loc 1 106 24 is_stmt 0 view .LVU85
 247 0108 0695     		str	r5, [sp, #24]
 107:Core/Src/gpio.c ****   GPIO_InitStruct.Speed = GPIO_SPEED_FREQ_LOW;
 248              		.loc 1 107 3 is_stmt 1 view .LVU86
 249              		.loc 1 107 25 is_stmt 0 view .LVU87
 250 010a 0795     		str	r5, [sp, #28]
 108:Core/Src/gpio.c ****   HAL_GPIO_Init(GPIOB, &GPIO_InitStruct);
 251              		.loc 1 108 3 is_stmt 1 view .LVU88
 252 010c 04A9     		add	r1, sp, #16
 253 010e 3846     		mov	r0, r7
 254 0110 FFF7FEFF 		bl	HAL_GPIO_Init
 255              	.LVL9:
 109:Core/Src/gpio.c **** 
 110:Core/Src/gpio.c ****   /* EXTI interrupt init*/
 111:Core/Src/gpio.c ****   HAL_NVIC_SetPriority(EXTI9_5_IRQn, 5, 0);
 256              		.loc 1 111 3 view .LVU89
 257 0114 2246     		mov	r2, r4
 258 0116 0521     		movs	r1, #5
 259 0118 1720     		movs	r0, #23
 260 011a FFF7FEFF 		bl	HAL_NVIC_SetPriority
 261              	.LVL10:
 112:Core/Src/gpio.c ****   HAL_NVIC_EnableIRQ(EXTI9_5_IRQn);
 262              		.loc 1 112 3 view .LVU90
 263 011e 1720     		movs	r0, #23
 264 0120 FFF7FEFF 		bl	HAL_NVIC_EnableIRQ
 265              	.LVL11:
 113:Core/Src/gpio.c **** 
 114:Core/Src/gpio.c **** }
 266              		.loc 1 114 1 is_stmt 0 view .LVU91
 267 0124 09B0     		add	sp, sp, #36
 268              	.LCFI2:
 269              		.cfi_def_cfa_offset 28
 270              		@ sp needed
 271 0126 BDE8F083 		pop	{r4, r5, r6, r7, r8, r9, pc}
 272              	.L4:
 273 012a 00BF     		.align	2
 274              	.L3:
 275 012c 00100240 		.word	1073876992
 276 0130 00100140 		.word	1073811456
 277 0134 00080140 		.word	1073809408
 278 0138 000C0140 		.word	1073810432
 279 013c 00002110 		.word	270598144
 280              		.cfi_endproc
 281              	.LFE65:
 283              		.text
 284              	.Letext0:
 285              		.file 2 "d:\\tools\\gcc-arm-none-eabi-10.3-2021.07\\arm-none-eabi\\include\\machine\\_default_type
 286              		.file 3 "d:\\tools\\gcc-arm-none-eabi-10.3-2021.07\\arm-none-eabi\\include\\sys\\_stdint.h"
 287              		.file 4 "Drivers/CMSIS/Device/ST/STM32F1xx/Include/stm32f103xb.h"
ARM GAS  C:\Users\Vento\AppData\Local\Temp\ccxZyWnp.s 			page 8


 288              		.file 5 "Drivers/STM32F1xx_HAL_Driver/Inc/stm32f1xx_hal_gpio.h"
 289              		.file 6 "Drivers/STM32F1xx_HAL_Driver/Inc/stm32f1xx_hal_cortex.h"
ARM GAS  C:\Users\Vento\AppData\Local\Temp\ccxZyWnp.s 			page 9


DEFINED SYMBOLS
                            *ABS*:00000000 gpio.c
C:\Users\Vento\AppData\Local\Temp\ccxZyWnp.s:16     .text.MX_GPIO_Init:00000000 $t
C:\Users\Vento\AppData\Local\Temp\ccxZyWnp.s:24     .text.MX_GPIO_Init:00000000 MX_GPIO_Init
C:\Users\Vento\AppData\Local\Temp\ccxZyWnp.s:275    .text.MX_GPIO_Init:0000012c $d

UNDEFINED SYMBOLS
HAL_GPIO_WritePin
HAL_GPIO_Init
HAL_NVIC_SetPriority
HAL_NVIC_EnableIRQ
