ARM GAS  C:\Users\Vento\AppData\Local\Temp\ccxXMS4V.s 			page 1


   1              		.cpu cortex-m3
   2              		.eabi_attribute 20, 1
   3              		.eabi_attribute 21, 1
   4              		.eabi_attribute 23, 3
   5              		.eabi_attribute 24, 1
   6              		.eabi_attribute 25, 1
   7              		.eabi_attribute 26, 1
   8              		.eabi_attribute 30, 1
   9              		.eabi_attribute 34, 1
  10              		.eabi_attribute 18, 4
  11              		.file	"i2c.c"
  12              		.text
  13              	.Ltext0:
  14              		.cfi_sections	.debug_frame
  15              		.section	.text.MX_I2C1_Init,"ax",%progbits
  16              		.align	1
  17              		.global	MX_I2C1_Init
  18              		.arch armv7-m
  19              		.syntax unified
  20              		.thumb
  21              		.thumb_func
  22              		.fpu softvfp
  24              	MX_I2C1_Init:
  25              	.LFB65:
  26              		.file 1 "Core/Src/i2c.c"
   1:Core/Src/i2c.c **** /* USER CODE BEGIN Header */
   2:Core/Src/i2c.c **** /**
   3:Core/Src/i2c.c ****   ******************************************************************************
   4:Core/Src/i2c.c ****   * @file    i2c.c
   5:Core/Src/i2c.c ****   * @brief   This file provides code for the configuration
   6:Core/Src/i2c.c ****   *          of the I2C instances.
   7:Core/Src/i2c.c ****   ******************************************************************************
   8:Core/Src/i2c.c ****   * @attention
   9:Core/Src/i2c.c ****   *
  10:Core/Src/i2c.c ****   * Copyright (c) 2021 STMicroelectronics.
  11:Core/Src/i2c.c ****   * All rights reserved.
  12:Core/Src/i2c.c ****   *
  13:Core/Src/i2c.c ****   * This software is licensed under terms that can be found in the LICENSE file
  14:Core/Src/i2c.c ****   * in the root directory of this software component.
  15:Core/Src/i2c.c ****   * If no LICENSE file comes with this software, it is provided AS-IS.
  16:Core/Src/i2c.c ****   *
  17:Core/Src/i2c.c ****   ******************************************************************************
  18:Core/Src/i2c.c ****   */
  19:Core/Src/i2c.c **** /* USER CODE END Header */
  20:Core/Src/i2c.c **** /* Includes ------------------------------------------------------------------*/
  21:Core/Src/i2c.c **** #include "i2c.h"
  22:Core/Src/i2c.c **** 
  23:Core/Src/i2c.c **** /* USER CODE BEGIN 0 */
  24:Core/Src/i2c.c **** 
  25:Core/Src/i2c.c **** /* USER CODE END 0 */
  26:Core/Src/i2c.c **** 
  27:Core/Src/i2c.c **** I2C_HandleTypeDef hi2c1;
  28:Core/Src/i2c.c **** 
  29:Core/Src/i2c.c **** /* I2C1 init function */
  30:Core/Src/i2c.c **** void MX_I2C1_Init(void)
  31:Core/Src/i2c.c **** {
  27              		.loc 1 31 1 view -0
ARM GAS  C:\Users\Vento\AppData\Local\Temp\ccxXMS4V.s 			page 2


  28              		.cfi_startproc
  29              		@ args = 0, pretend = 0, frame = 0
  30              		@ frame_needed = 0, uses_anonymous_args = 0
  31 0000 08B5     		push	{r3, lr}
  32              	.LCFI0:
  33              		.cfi_def_cfa_offset 8
  34              		.cfi_offset 3, -8
  35              		.cfi_offset 14, -4
  32:Core/Src/i2c.c **** 
  33:Core/Src/i2c.c ****   /* USER CODE BEGIN I2C1_Init 0 */
  34:Core/Src/i2c.c **** 
  35:Core/Src/i2c.c ****   /* USER CODE END I2C1_Init 0 */
  36:Core/Src/i2c.c **** 
  37:Core/Src/i2c.c ****   /* USER CODE BEGIN I2C1_Init 1 */
  38:Core/Src/i2c.c **** 
  39:Core/Src/i2c.c ****   /* USER CODE END I2C1_Init 1 */
  40:Core/Src/i2c.c ****   hi2c1.Instance = I2C1;
  36              		.loc 1 40 3 view .LVU1
  37              		.loc 1 40 18 is_stmt 0 view .LVU2
  38 0002 0B48     		ldr	r0, .L5
  39 0004 0B4B     		ldr	r3, .L5+4
  40 0006 0360     		str	r3, [r0]
  41:Core/Src/i2c.c ****   hi2c1.Init.ClockSpeed = 100000;
  41              		.loc 1 41 3 is_stmt 1 view .LVU3
  42              		.loc 1 41 25 is_stmt 0 view .LVU4
  43 0008 0B4B     		ldr	r3, .L5+8
  44 000a 4360     		str	r3, [r0, #4]
  42:Core/Src/i2c.c ****   hi2c1.Init.DutyCycle = I2C_DUTYCYCLE_2;
  45              		.loc 1 42 3 is_stmt 1 view .LVU5
  46              		.loc 1 42 24 is_stmt 0 view .LVU6
  47 000c 0023     		movs	r3, #0
  48 000e 8360     		str	r3, [r0, #8]
  43:Core/Src/i2c.c ****   hi2c1.Init.OwnAddress1 = 0;
  49              		.loc 1 43 3 is_stmt 1 view .LVU7
  50              		.loc 1 43 26 is_stmt 0 view .LVU8
  51 0010 C360     		str	r3, [r0, #12]
  44:Core/Src/i2c.c ****   hi2c1.Init.AddressingMode = I2C_ADDRESSINGMODE_7BIT;
  52              		.loc 1 44 3 is_stmt 1 view .LVU9
  53              		.loc 1 44 29 is_stmt 0 view .LVU10
  54 0012 4FF48042 		mov	r2, #16384
  55 0016 0261     		str	r2, [r0, #16]
  45:Core/Src/i2c.c ****   hi2c1.Init.DualAddressMode = I2C_DUALADDRESS_DISABLE;
  56              		.loc 1 45 3 is_stmt 1 view .LVU11
  57              		.loc 1 45 30 is_stmt 0 view .LVU12
  58 0018 4361     		str	r3, [r0, #20]
  46:Core/Src/i2c.c ****   hi2c1.Init.OwnAddress2 = 0;
  59              		.loc 1 46 3 is_stmt 1 view .LVU13
  60              		.loc 1 46 26 is_stmt 0 view .LVU14
  61 001a 8361     		str	r3, [r0, #24]
  47:Core/Src/i2c.c ****   hi2c1.Init.GeneralCallMode = I2C_GENERALCALL_DISABLE;
  62              		.loc 1 47 3 is_stmt 1 view .LVU15
  63              		.loc 1 47 30 is_stmt 0 view .LVU16
  64 001c C361     		str	r3, [r0, #28]
  48:Core/Src/i2c.c ****   hi2c1.Init.NoStretchMode = I2C_NOSTRETCH_DISABLE;
  65              		.loc 1 48 3 is_stmt 1 view .LVU17
  66              		.loc 1 48 28 is_stmt 0 view .LVU18
  67 001e 0362     		str	r3, [r0, #32]
ARM GAS  C:\Users\Vento\AppData\Local\Temp\ccxXMS4V.s 			page 3


  49:Core/Src/i2c.c ****   if (HAL_I2C_Init(&hi2c1) != HAL_OK)
  68              		.loc 1 49 3 is_stmt 1 view .LVU19
  69              		.loc 1 49 7 is_stmt 0 view .LVU20
  70 0020 FFF7FEFF 		bl	HAL_I2C_Init
  71              	.LVL0:
  72              		.loc 1 49 6 view .LVU21
  73 0024 00B9     		cbnz	r0, .L4
  74              	.L1:
  50:Core/Src/i2c.c ****   {
  51:Core/Src/i2c.c ****     Error_Handler();
  52:Core/Src/i2c.c ****   }
  53:Core/Src/i2c.c ****   /* USER CODE BEGIN I2C1_Init 2 */
  54:Core/Src/i2c.c **** 
  55:Core/Src/i2c.c ****   /* USER CODE END I2C1_Init 2 */
  56:Core/Src/i2c.c **** 
  57:Core/Src/i2c.c **** }
  75              		.loc 1 57 1 view .LVU22
  76 0026 08BD     		pop	{r3, pc}
  77              	.L4:
  51:Core/Src/i2c.c ****   }
  78              		.loc 1 51 5 is_stmt 1 view .LVU23
  79 0028 FFF7FEFF 		bl	Error_Handler
  80              	.LVL1:
  81              		.loc 1 57 1 is_stmt 0 view .LVU24
  82 002c FBE7     		b	.L1
  83              	.L6:
  84 002e 00BF     		.align	2
  85              	.L5:
  86 0030 00000000 		.word	.LANCHOR0
  87 0034 00540040 		.word	1073763328
  88 0038 A0860100 		.word	100000
  89              		.cfi_endproc
  90              	.LFE65:
  92              		.section	.text.HAL_I2C_MspInit,"ax",%progbits
  93              		.align	1
  94              		.global	HAL_I2C_MspInit
  95              		.syntax unified
  96              		.thumb
  97              		.thumb_func
  98              		.fpu softvfp
 100              	HAL_I2C_MspInit:
 101              	.LVL2:
 102              	.LFB66:
  58:Core/Src/i2c.c **** 
  59:Core/Src/i2c.c **** void HAL_I2C_MspInit(I2C_HandleTypeDef* i2cHandle)
  60:Core/Src/i2c.c **** {
 103              		.loc 1 60 1 is_stmt 1 view -0
 104              		.cfi_startproc
 105              		@ args = 0, pretend = 0, frame = 24
 106              		@ frame_needed = 0, uses_anonymous_args = 0
 107              		.loc 1 60 1 is_stmt 0 view .LVU26
 108 0000 10B5     		push	{r4, lr}
 109              	.LCFI1:
 110              		.cfi_def_cfa_offset 8
 111              		.cfi_offset 4, -8
 112              		.cfi_offset 14, -4
 113 0002 86B0     		sub	sp, sp, #24
ARM GAS  C:\Users\Vento\AppData\Local\Temp\ccxXMS4V.s 			page 4


 114              	.LCFI2:
 115              		.cfi_def_cfa_offset 32
  61:Core/Src/i2c.c **** 
  62:Core/Src/i2c.c ****   GPIO_InitTypeDef GPIO_InitStruct = {0};
 116              		.loc 1 62 3 is_stmt 1 view .LVU27
 117              		.loc 1 62 20 is_stmt 0 view .LVU28
 118 0004 0023     		movs	r3, #0
 119 0006 0293     		str	r3, [sp, #8]
 120 0008 0393     		str	r3, [sp, #12]
 121 000a 0493     		str	r3, [sp, #16]
 122 000c 0593     		str	r3, [sp, #20]
  63:Core/Src/i2c.c ****   if(i2cHandle->Instance==I2C1)
 123              		.loc 1 63 3 is_stmt 1 view .LVU29
 124              		.loc 1 63 15 is_stmt 0 view .LVU30
 125 000e 0268     		ldr	r2, [r0]
 126              		.loc 1 63 5 view .LVU31
 127 0010 154B     		ldr	r3, .L11
 128 0012 9A42     		cmp	r2, r3
 129 0014 01D0     		beq	.L10
 130              	.LVL3:
 131              	.L7:
  64:Core/Src/i2c.c ****   {
  65:Core/Src/i2c.c ****   /* USER CODE BEGIN I2C1_MspInit 0 */
  66:Core/Src/i2c.c **** 
  67:Core/Src/i2c.c ****   /* USER CODE END I2C1_MspInit 0 */
  68:Core/Src/i2c.c **** 
  69:Core/Src/i2c.c ****     __HAL_RCC_GPIOB_CLK_ENABLE();
  70:Core/Src/i2c.c ****     /**I2C1 GPIO Configuration
  71:Core/Src/i2c.c ****     PB6     ------> I2C1_SCL
  72:Core/Src/i2c.c ****     PB7     ------> I2C1_SDA
  73:Core/Src/i2c.c ****     */
  74:Core/Src/i2c.c ****     GPIO_InitStruct.Pin = GPIO_PIN_6|GPIO_PIN_7;
  75:Core/Src/i2c.c ****     GPIO_InitStruct.Mode = GPIO_MODE_AF_OD;
  76:Core/Src/i2c.c ****     GPIO_InitStruct.Speed = GPIO_SPEED_FREQ_HIGH;
  77:Core/Src/i2c.c ****     HAL_GPIO_Init(GPIOB, &GPIO_InitStruct);
  78:Core/Src/i2c.c **** 
  79:Core/Src/i2c.c ****     /* I2C1 clock enable */
  80:Core/Src/i2c.c ****     __HAL_RCC_I2C1_CLK_ENABLE();
  81:Core/Src/i2c.c **** 
  82:Core/Src/i2c.c ****     /* I2C1 interrupt Init */
  83:Core/Src/i2c.c ****     HAL_NVIC_SetPriority(I2C1_EV_IRQn, 5, 0);
  84:Core/Src/i2c.c ****     HAL_NVIC_EnableIRQ(I2C1_EV_IRQn);
  85:Core/Src/i2c.c ****   /* USER CODE BEGIN I2C1_MspInit 1 */
  86:Core/Src/i2c.c **** 
  87:Core/Src/i2c.c ****   /* USER CODE END I2C1_MspInit 1 */
  88:Core/Src/i2c.c ****   }
  89:Core/Src/i2c.c **** }
 132              		.loc 1 89 1 view .LVU32
 133 0016 06B0     		add	sp, sp, #24
 134              	.LCFI3:
 135              		.cfi_remember_state
 136              		.cfi_def_cfa_offset 8
 137              		@ sp needed
 138 0018 10BD     		pop	{r4, pc}
 139              	.LVL4:
 140              	.L10:
 141              	.LCFI4:
ARM GAS  C:\Users\Vento\AppData\Local\Temp\ccxXMS4V.s 			page 5


 142              		.cfi_restore_state
  69:Core/Src/i2c.c ****     /**I2C1 GPIO Configuration
 143              		.loc 1 69 5 is_stmt 1 view .LVU33
 144              	.LBB2:
  69:Core/Src/i2c.c ****     /**I2C1 GPIO Configuration
 145              		.loc 1 69 5 view .LVU34
  69:Core/Src/i2c.c ****     /**I2C1 GPIO Configuration
 146              		.loc 1 69 5 view .LVU35
 147 001a 144C     		ldr	r4, .L11+4
 148 001c A369     		ldr	r3, [r4, #24]
 149 001e 43F00803 		orr	r3, r3, #8
 150 0022 A361     		str	r3, [r4, #24]
  69:Core/Src/i2c.c ****     /**I2C1 GPIO Configuration
 151              		.loc 1 69 5 view .LVU36
 152 0024 A369     		ldr	r3, [r4, #24]
 153 0026 03F00803 		and	r3, r3, #8
 154 002a 0093     		str	r3, [sp]
  69:Core/Src/i2c.c ****     /**I2C1 GPIO Configuration
 155              		.loc 1 69 5 view .LVU37
 156 002c 009B     		ldr	r3, [sp]
 157              	.LBE2:
  69:Core/Src/i2c.c ****     /**I2C1 GPIO Configuration
 158              		.loc 1 69 5 view .LVU38
  74:Core/Src/i2c.c ****     GPIO_InitStruct.Mode = GPIO_MODE_AF_OD;
 159              		.loc 1 74 5 view .LVU39
  74:Core/Src/i2c.c ****     GPIO_InitStruct.Mode = GPIO_MODE_AF_OD;
 160              		.loc 1 74 25 is_stmt 0 view .LVU40
 161 002e C023     		movs	r3, #192
 162 0030 0293     		str	r3, [sp, #8]
  75:Core/Src/i2c.c ****     GPIO_InitStruct.Speed = GPIO_SPEED_FREQ_HIGH;
 163              		.loc 1 75 5 is_stmt 1 view .LVU41
  75:Core/Src/i2c.c ****     GPIO_InitStruct.Speed = GPIO_SPEED_FREQ_HIGH;
 164              		.loc 1 75 26 is_stmt 0 view .LVU42
 165 0032 1223     		movs	r3, #18
 166 0034 0393     		str	r3, [sp, #12]
  76:Core/Src/i2c.c ****     HAL_GPIO_Init(GPIOB, &GPIO_InitStruct);
 167              		.loc 1 76 5 is_stmt 1 view .LVU43
  76:Core/Src/i2c.c ****     HAL_GPIO_Init(GPIOB, &GPIO_InitStruct);
 168              		.loc 1 76 27 is_stmt 0 view .LVU44
 169 0036 0323     		movs	r3, #3
 170 0038 0593     		str	r3, [sp, #20]
  77:Core/Src/i2c.c **** 
 171              		.loc 1 77 5 is_stmt 1 view .LVU45
 172 003a 02A9     		add	r1, sp, #8
 173 003c 0C48     		ldr	r0, .L11+8
 174              	.LVL5:
  77:Core/Src/i2c.c **** 
 175              		.loc 1 77 5 is_stmt 0 view .LVU46
 176 003e FFF7FEFF 		bl	HAL_GPIO_Init
 177              	.LVL6:
  80:Core/Src/i2c.c **** 
 178              		.loc 1 80 5 is_stmt 1 view .LVU47
 179              	.LBB3:
  80:Core/Src/i2c.c **** 
 180              		.loc 1 80 5 view .LVU48
  80:Core/Src/i2c.c **** 
 181              		.loc 1 80 5 view .LVU49
ARM GAS  C:\Users\Vento\AppData\Local\Temp\ccxXMS4V.s 			page 6


 182 0042 E369     		ldr	r3, [r4, #28]
 183 0044 43F40013 		orr	r3, r3, #2097152
 184 0048 E361     		str	r3, [r4, #28]
  80:Core/Src/i2c.c **** 
 185              		.loc 1 80 5 view .LVU50
 186 004a E369     		ldr	r3, [r4, #28]
 187 004c 03F40013 		and	r3, r3, #2097152
 188 0050 0193     		str	r3, [sp, #4]
  80:Core/Src/i2c.c **** 
 189              		.loc 1 80 5 view .LVU51
 190 0052 019B     		ldr	r3, [sp, #4]
 191              	.LBE3:
  80:Core/Src/i2c.c **** 
 192              		.loc 1 80 5 view .LVU52
  83:Core/Src/i2c.c ****     HAL_NVIC_EnableIRQ(I2C1_EV_IRQn);
 193              		.loc 1 83 5 view .LVU53
 194 0054 0022     		movs	r2, #0
 195 0056 0521     		movs	r1, #5
 196 0058 1F20     		movs	r0, #31
 197 005a FFF7FEFF 		bl	HAL_NVIC_SetPriority
 198              	.LVL7:
  84:Core/Src/i2c.c ****   /* USER CODE BEGIN I2C1_MspInit 1 */
 199              		.loc 1 84 5 view .LVU54
 200 005e 1F20     		movs	r0, #31
 201 0060 FFF7FEFF 		bl	HAL_NVIC_EnableIRQ
 202              	.LVL8:
 203              		.loc 1 89 1 is_stmt 0 view .LVU55
 204 0064 D7E7     		b	.L7
 205              	.L12:
 206 0066 00BF     		.align	2
 207              	.L11:
 208 0068 00540040 		.word	1073763328
 209 006c 00100240 		.word	1073876992
 210 0070 000C0140 		.word	1073810432
 211              		.cfi_endproc
 212              	.LFE66:
 214              		.section	.text.HAL_I2C_MspDeInit,"ax",%progbits
 215              		.align	1
 216              		.global	HAL_I2C_MspDeInit
 217              		.syntax unified
 218              		.thumb
 219              		.thumb_func
 220              		.fpu softvfp
 222              	HAL_I2C_MspDeInit:
 223              	.LVL9:
 224              	.LFB67:
  90:Core/Src/i2c.c **** 
  91:Core/Src/i2c.c **** void HAL_I2C_MspDeInit(I2C_HandleTypeDef* i2cHandle)
  92:Core/Src/i2c.c **** {
 225              		.loc 1 92 1 is_stmt 1 view -0
 226              		.cfi_startproc
 227              		@ args = 0, pretend = 0, frame = 0
 228              		@ frame_needed = 0, uses_anonymous_args = 0
  93:Core/Src/i2c.c **** 
  94:Core/Src/i2c.c ****   if(i2cHandle->Instance==I2C1)
 229              		.loc 1 94 3 view .LVU57
 230              		.loc 1 94 15 is_stmt 0 view .LVU58
ARM GAS  C:\Users\Vento\AppData\Local\Temp\ccxXMS4V.s 			page 7


 231 0000 0268     		ldr	r2, [r0]
 232              		.loc 1 94 5 view .LVU59
 233 0002 0B4B     		ldr	r3, .L20
 234 0004 9A42     		cmp	r2, r3
 235 0006 00D0     		beq	.L19
 236 0008 7047     		bx	lr
 237              	.L19:
  92:Core/Src/i2c.c **** 
 238              		.loc 1 92 1 view .LVU60
 239 000a 10B5     		push	{r4, lr}
 240              	.LCFI5:
 241              		.cfi_def_cfa_offset 8
 242              		.cfi_offset 4, -8
 243              		.cfi_offset 14, -4
  95:Core/Src/i2c.c ****   {
  96:Core/Src/i2c.c ****   /* USER CODE BEGIN I2C1_MspDeInit 0 */
  97:Core/Src/i2c.c **** 
  98:Core/Src/i2c.c ****   /* USER CODE END I2C1_MspDeInit 0 */
  99:Core/Src/i2c.c ****     /* Peripheral clock disable */
 100:Core/Src/i2c.c ****     __HAL_RCC_I2C1_CLK_DISABLE();
 244              		.loc 1 100 5 is_stmt 1 view .LVU61
 245 000c 094A     		ldr	r2, .L20+4
 246 000e D369     		ldr	r3, [r2, #28]
 247 0010 23F40013 		bic	r3, r3, #2097152
 248 0014 D361     		str	r3, [r2, #28]
 101:Core/Src/i2c.c **** 
 102:Core/Src/i2c.c ****     /**I2C1 GPIO Configuration
 103:Core/Src/i2c.c ****     PB6     ------> I2C1_SCL
 104:Core/Src/i2c.c ****     PB7     ------> I2C1_SDA
 105:Core/Src/i2c.c ****     */
 106:Core/Src/i2c.c ****     HAL_GPIO_DeInit(GPIOB, GPIO_PIN_6);
 249              		.loc 1 106 5 view .LVU62
 250 0016 084C     		ldr	r4, .L20+8
 251 0018 4021     		movs	r1, #64
 252 001a 2046     		mov	r0, r4
 253              	.LVL10:
 254              		.loc 1 106 5 is_stmt 0 view .LVU63
 255 001c FFF7FEFF 		bl	HAL_GPIO_DeInit
 256              	.LVL11:
 107:Core/Src/i2c.c **** 
 108:Core/Src/i2c.c ****     HAL_GPIO_DeInit(GPIOB, GPIO_PIN_7);
 257              		.loc 1 108 5 is_stmt 1 view .LVU64
 258 0020 8021     		movs	r1, #128
 259 0022 2046     		mov	r0, r4
 260 0024 FFF7FEFF 		bl	HAL_GPIO_DeInit
 261              	.LVL12:
 109:Core/Src/i2c.c **** 
 110:Core/Src/i2c.c ****     /* I2C1 interrupt Deinit */
 111:Core/Src/i2c.c ****     HAL_NVIC_DisableIRQ(I2C1_EV_IRQn);
 262              		.loc 1 111 5 view .LVU65
 263 0028 1F20     		movs	r0, #31
 264 002a FFF7FEFF 		bl	HAL_NVIC_DisableIRQ
 265              	.LVL13:
 112:Core/Src/i2c.c ****   /* USER CODE BEGIN I2C1_MspDeInit 1 */
 113:Core/Src/i2c.c **** 
 114:Core/Src/i2c.c ****   /* USER CODE END I2C1_MspDeInit 1 */
 115:Core/Src/i2c.c ****   }
ARM GAS  C:\Users\Vento\AppData\Local\Temp\ccxXMS4V.s 			page 8


 116:Core/Src/i2c.c **** }
 266              		.loc 1 116 1 is_stmt 0 view .LVU66
 267 002e 10BD     		pop	{r4, pc}
 268              	.L21:
 269              		.align	2
 270              	.L20:
 271 0030 00540040 		.word	1073763328
 272 0034 00100240 		.word	1073876992
 273 0038 000C0140 		.word	1073810432
 274              		.cfi_endproc
 275              	.LFE67:
 277              		.global	hi2c1
 278              		.section	.bss.hi2c1,"aw",%nobits
 279              		.align	2
 280              		.set	.LANCHOR0,. + 0
 283              	hi2c1:
 284 0000 00000000 		.space	84
 284      00000000 
 284      00000000 
 284      00000000 
 284      00000000 
 285              		.text
 286              	.Letext0:
 287              		.file 2 "d:\\tools\\gcc-arm-none-eabi-10.3-2021.07\\arm-none-eabi\\include\\machine\\_default_type
 288              		.file 3 "d:\\tools\\gcc-arm-none-eabi-10.3-2021.07\\arm-none-eabi\\include\\sys\\_stdint.h"
 289              		.file 4 "Drivers/CMSIS/Device/ST/STM32F1xx/Include/stm32f103xb.h"
 290              		.file 5 "Drivers/STM32F1xx_HAL_Driver/Inc/stm32f1xx_hal_def.h"
 291              		.file 6 "Drivers/STM32F1xx_HAL_Driver/Inc/stm32f1xx_hal_gpio.h"
 292              		.file 7 "Drivers/STM32F1xx_HAL_Driver/Inc/stm32f1xx_hal_dma.h"
 293              		.file 8 "Drivers/STM32F1xx_HAL_Driver/Inc/stm32f1xx_hal_i2c.h"
 294              		.file 9 "Drivers/STM32F1xx_HAL_Driver/Inc/stm32f1xx_hal_cortex.h"
 295              		.file 10 "Core/Inc/main.h"
 296              		.file 11 "Core/Inc/i2c.h"
ARM GAS  C:\Users\Vento\AppData\Local\Temp\ccxXMS4V.s 			page 9


DEFINED SYMBOLS
                            *ABS*:00000000 i2c.c
C:\Users\Vento\AppData\Local\Temp\ccxXMS4V.s:16     .text.MX_I2C1_Init:00000000 $t
C:\Users\Vento\AppData\Local\Temp\ccxXMS4V.s:24     .text.MX_I2C1_Init:00000000 MX_I2C1_Init
C:\Users\Vento\AppData\Local\Temp\ccxXMS4V.s:86     .text.MX_I2C1_Init:00000030 $d
C:\Users\Vento\AppData\Local\Temp\ccxXMS4V.s:93     .text.HAL_I2C_MspInit:00000000 $t
C:\Users\Vento\AppData\Local\Temp\ccxXMS4V.s:100    .text.HAL_I2C_MspInit:00000000 HAL_I2C_MspInit
C:\Users\Vento\AppData\Local\Temp\ccxXMS4V.s:208    .text.HAL_I2C_MspInit:00000068 $d
C:\Users\Vento\AppData\Local\Temp\ccxXMS4V.s:215    .text.HAL_I2C_MspDeInit:00000000 $t
C:\Users\Vento\AppData\Local\Temp\ccxXMS4V.s:222    .text.HAL_I2C_MspDeInit:00000000 HAL_I2C_MspDeInit
C:\Users\Vento\AppData\Local\Temp\ccxXMS4V.s:271    .text.HAL_I2C_MspDeInit:00000030 $d
C:\Users\Vento\AppData\Local\Temp\ccxXMS4V.s:283    .bss.hi2c1:00000000 hi2c1
C:\Users\Vento\AppData\Local\Temp\ccxXMS4V.s:279    .bss.hi2c1:00000000 $d

UNDEFINED SYMBOLS
HAL_I2C_Init
Error_Handler
HAL_GPIO_Init
HAL_NVIC_SetPriority
HAL_NVIC_EnableIRQ
HAL_GPIO_DeInit
HAL_NVIC_DisableIRQ
