ARM GAS  C:\Users\Vento\AppData\Local\Temp\ccKMO61z.s 			page 1


   1              		.cpu cortex-m3
   2              		.eabi_attribute 20, 1
   3              		.eabi_attribute 21, 1
   4              		.eabi_attribute 23, 3
   5              		.eabi_attribute 24, 1
   6              		.eabi_attribute 25, 1
   7              		.eabi_attribute 26, 1
   8              		.eabi_attribute 30, 1
   9              		.eabi_attribute 34, 1
  10              		.eabi_attribute 18, 4
  11              		.file	"stm32f1xx_it.c"
  12              		.text
  13              	.Ltext0:
  14              		.cfi_sections	.debug_frame
  15              		.section	.text.NMI_Handler,"ax",%progbits
  16              		.align	1
  17              		.global	NMI_Handler
  18              		.arch armv7-m
  19              		.syntax unified
  20              		.thumb
  21              		.thumb_func
  22              		.fpu softvfp
  24              	NMI_Handler:
  25              	.LFB65:
  26              		.file 1 "Core/Src/stm32f1xx_it.c"
   1:Core/Src/stm32f1xx_it.c **** /* USER CODE BEGIN Header */
   2:Core/Src/stm32f1xx_it.c **** /**
   3:Core/Src/stm32f1xx_it.c ****   ******************************************************************************
   4:Core/Src/stm32f1xx_it.c ****   * @file    stm32f1xx_it.c
   5:Core/Src/stm32f1xx_it.c ****   * @brief   Interrupt Service Routines.
   6:Core/Src/stm32f1xx_it.c ****   ******************************************************************************
   7:Core/Src/stm32f1xx_it.c ****   * @attention
   8:Core/Src/stm32f1xx_it.c ****   *
   9:Core/Src/stm32f1xx_it.c ****   * <h2><center>&copy; Copyright (c) 2021 STMicroelectronics.
  10:Core/Src/stm32f1xx_it.c ****   * All rights reserved.</center></h2>
  11:Core/Src/stm32f1xx_it.c ****   *
  12:Core/Src/stm32f1xx_it.c ****   * This software component is licensed by ST under Ultimate Liberty license
  13:Core/Src/stm32f1xx_it.c ****   * SLA0044, the "License"; You may not use this file except in compliance with
  14:Core/Src/stm32f1xx_it.c ****   * the License. You may obtain a copy of the License at:
  15:Core/Src/stm32f1xx_it.c ****   *                             www.st.com/SLA0044
  16:Core/Src/stm32f1xx_it.c ****   *
  17:Core/Src/stm32f1xx_it.c ****   ******************************************************************************
  18:Core/Src/stm32f1xx_it.c ****   */
  19:Core/Src/stm32f1xx_it.c **** /* USER CODE END Header */
  20:Core/Src/stm32f1xx_it.c **** 
  21:Core/Src/stm32f1xx_it.c **** /* Includes ------------------------------------------------------------------*/
  22:Core/Src/stm32f1xx_it.c **** #include "main.h"
  23:Core/Src/stm32f1xx_it.c **** #include "stm32f1xx_it.h"
  24:Core/Src/stm32f1xx_it.c **** /* Private includes ----------------------------------------------------------*/
  25:Core/Src/stm32f1xx_it.c **** /* USER CODE BEGIN Includes */
  26:Core/Src/stm32f1xx_it.c **** /* USER CODE END Includes */
  27:Core/Src/stm32f1xx_it.c **** 
  28:Core/Src/stm32f1xx_it.c **** /* Private typedef -----------------------------------------------------------*/
  29:Core/Src/stm32f1xx_it.c **** /* USER CODE BEGIN TD */
  30:Core/Src/stm32f1xx_it.c **** typedef struct
  31:Core/Src/stm32f1xx_it.c **** {
  32:Core/Src/stm32f1xx_it.c ****   uint32_t ADC_L;
ARM GAS  C:\Users\Vento\AppData\Local\Temp\ccKMO61z.s 			page 2


  33:Core/Src/stm32f1xx_it.c ****   uint32_t ADC_R;
  34:Core/Src/stm32f1xx_it.c ****   uint8_t PWM_Percent;
  35:Core/Src/stm32f1xx_it.c **** } SolarSense;
  36:Core/Src/stm32f1xx_it.c **** 
  37:Core/Src/stm32f1xx_it.c **** /* USER CODE END TD */
  38:Core/Src/stm32f1xx_it.c **** 
  39:Core/Src/stm32f1xx_it.c **** /* Private define ------------------------------------------------------------*/
  40:Core/Src/stm32f1xx_it.c **** /* USER CODE BEGIN PD */
  41:Core/Src/stm32f1xx_it.c **** 
  42:Core/Src/stm32f1xx_it.c **** /* USER CODE END PD */
  43:Core/Src/stm32f1xx_it.c **** 
  44:Core/Src/stm32f1xx_it.c **** /* Private macro -------------------------------------------------------------*/
  45:Core/Src/stm32f1xx_it.c **** /* USER CODE BEGIN PM */
  46:Core/Src/stm32f1xx_it.c **** 
  47:Core/Src/stm32f1xx_it.c **** /* USER CODE END PM */
  48:Core/Src/stm32f1xx_it.c **** 
  49:Core/Src/stm32f1xx_it.c **** /* Private variables ---------------------------------------------------------*/
  50:Core/Src/stm32f1xx_it.c **** /* USER CODE BEGIN PV */
  51:Core/Src/stm32f1xx_it.c **** 
  52:Core/Src/stm32f1xx_it.c **** /* USER CODE END PV */
  53:Core/Src/stm32f1xx_it.c **** 
  54:Core/Src/stm32f1xx_it.c **** /* Private function prototypes -----------------------------------------------*/
  55:Core/Src/stm32f1xx_it.c **** /* USER CODE BEGIN PFP */
  56:Core/Src/stm32f1xx_it.c **** 
  57:Core/Src/stm32f1xx_it.c **** /* USER CODE END PFP */
  58:Core/Src/stm32f1xx_it.c **** 
  59:Core/Src/stm32f1xx_it.c **** /* Private user code ---------------------------------------------------------*/
  60:Core/Src/stm32f1xx_it.c **** /* USER CODE BEGIN 0 */
  61:Core/Src/stm32f1xx_it.c **** extern SolarSense Solar_Sense;
  62:Core/Src/stm32f1xx_it.c **** uint16_t TIM2_Tick = 0;
  63:Core/Src/stm32f1xx_it.c **** 
  64:Core/Src/stm32f1xx_it.c **** /* USER CODE END 0 */
  65:Core/Src/stm32f1xx_it.c **** 
  66:Core/Src/stm32f1xx_it.c **** /* External variables --------------------------------------------------------*/
  67:Core/Src/stm32f1xx_it.c **** extern I2C_HandleTypeDef hi2c1;
  68:Core/Src/stm32f1xx_it.c **** extern TIM_HandleTypeDef htim2;
  69:Core/Src/stm32f1xx_it.c **** extern UART_HandleTypeDef huart1;
  70:Core/Src/stm32f1xx_it.c **** extern TIM_HandleTypeDef htim1;
  71:Core/Src/stm32f1xx_it.c **** 
  72:Core/Src/stm32f1xx_it.c **** /* USER CODE BEGIN EV */
  73:Core/Src/stm32f1xx_it.c **** 
  74:Core/Src/stm32f1xx_it.c **** /* USER CODE END EV */
  75:Core/Src/stm32f1xx_it.c **** 
  76:Core/Src/stm32f1xx_it.c **** /******************************************************************************/
  77:Core/Src/stm32f1xx_it.c **** /*           Cortex-M3 Processor Interruption and Exception Handlers          */
  78:Core/Src/stm32f1xx_it.c **** /******************************************************************************/
  79:Core/Src/stm32f1xx_it.c **** /**
  80:Core/Src/stm32f1xx_it.c ****   * @brief This function handles Non maskable interrupt.
  81:Core/Src/stm32f1xx_it.c ****   */
  82:Core/Src/stm32f1xx_it.c **** void NMI_Handler(void)
  83:Core/Src/stm32f1xx_it.c **** {
  27              		.loc 1 83 1 view -0
  28              		.cfi_startproc
  29              		@ Volatile: function does not return.
  30              		@ args = 0, pretend = 0, frame = 0
  31              		@ frame_needed = 0, uses_anonymous_args = 0
  32              		@ link register save eliminated.
ARM GAS  C:\Users\Vento\AppData\Local\Temp\ccKMO61z.s 			page 3


  33              	.L2:
  84:Core/Src/stm32f1xx_it.c ****   /* USER CODE BEGIN NonMaskableInt_IRQn 0 */
  85:Core/Src/stm32f1xx_it.c **** 
  86:Core/Src/stm32f1xx_it.c ****   /* USER CODE END NonMaskableInt_IRQn 0 */
  87:Core/Src/stm32f1xx_it.c ****   /* USER CODE BEGIN NonMaskableInt_IRQn 1 */
  88:Core/Src/stm32f1xx_it.c ****   while (1)
  34              		.loc 1 88 3 discriminator 1 view .LVU1
  89:Core/Src/stm32f1xx_it.c ****   {
  90:Core/Src/stm32f1xx_it.c ****   }
  35              		.loc 1 90 3 discriminator 1 view .LVU2
  88:Core/Src/stm32f1xx_it.c ****   {
  36              		.loc 1 88 9 discriminator 1 view .LVU3
  37 0000 FEE7     		b	.L2
  38              		.cfi_endproc
  39              	.LFE65:
  41              		.section	.text.HardFault_Handler,"ax",%progbits
  42              		.align	1
  43              		.global	HardFault_Handler
  44              		.syntax unified
  45              		.thumb
  46              		.thumb_func
  47              		.fpu softvfp
  49              	HardFault_Handler:
  50              	.LFB66:
  91:Core/Src/stm32f1xx_it.c ****   /* USER CODE END NonMaskableInt_IRQn 1 */
  92:Core/Src/stm32f1xx_it.c **** }
  93:Core/Src/stm32f1xx_it.c **** 
  94:Core/Src/stm32f1xx_it.c **** /**
  95:Core/Src/stm32f1xx_it.c ****   * @brief This function handles Hard fault interrupt.
  96:Core/Src/stm32f1xx_it.c ****   */
  97:Core/Src/stm32f1xx_it.c **** void HardFault_Handler(void)
  98:Core/Src/stm32f1xx_it.c **** {
  51              		.loc 1 98 1 view -0
  52              		.cfi_startproc
  53              		@ Volatile: function does not return.
  54              		@ args = 0, pretend = 0, frame = 0
  55              		@ frame_needed = 0, uses_anonymous_args = 0
  56              		@ link register save eliminated.
  57              	.L4:
  99:Core/Src/stm32f1xx_it.c ****   /* USER CODE BEGIN HardFault_IRQn 0 */
 100:Core/Src/stm32f1xx_it.c **** 
 101:Core/Src/stm32f1xx_it.c ****   /* USER CODE END HardFault_IRQn 0 */
 102:Core/Src/stm32f1xx_it.c ****   while (1)
  58              		.loc 1 102 3 discriminator 1 view .LVU5
 103:Core/Src/stm32f1xx_it.c ****   {
 104:Core/Src/stm32f1xx_it.c ****     /* USER CODE BEGIN W1_HardFault_IRQn 0 */
 105:Core/Src/stm32f1xx_it.c ****     /* USER CODE END W1_HardFault_IRQn 0 */
 106:Core/Src/stm32f1xx_it.c ****   }
  59              		.loc 1 106 3 discriminator 1 view .LVU6
 102:Core/Src/stm32f1xx_it.c ****   {
  60              		.loc 1 102 9 discriminator 1 view .LVU7
  61 0000 FEE7     		b	.L4
  62              		.cfi_endproc
  63              	.LFE66:
  65              		.section	.text.MemManage_Handler,"ax",%progbits
  66              		.align	1
  67              		.global	MemManage_Handler
ARM GAS  C:\Users\Vento\AppData\Local\Temp\ccKMO61z.s 			page 4


  68              		.syntax unified
  69              		.thumb
  70              		.thumb_func
  71              		.fpu softvfp
  73              	MemManage_Handler:
  74              	.LFB67:
 107:Core/Src/stm32f1xx_it.c **** }
 108:Core/Src/stm32f1xx_it.c **** 
 109:Core/Src/stm32f1xx_it.c **** /**
 110:Core/Src/stm32f1xx_it.c ****   * @brief This function handles Memory management fault.
 111:Core/Src/stm32f1xx_it.c ****   */
 112:Core/Src/stm32f1xx_it.c **** void MemManage_Handler(void)
 113:Core/Src/stm32f1xx_it.c **** {
  75              		.loc 1 113 1 view -0
  76              		.cfi_startproc
  77              		@ Volatile: function does not return.
  78              		@ args = 0, pretend = 0, frame = 0
  79              		@ frame_needed = 0, uses_anonymous_args = 0
  80              		@ link register save eliminated.
  81              	.L6:
 114:Core/Src/stm32f1xx_it.c ****   /* USER CODE BEGIN MemoryManagement_IRQn 0 */
 115:Core/Src/stm32f1xx_it.c **** 
 116:Core/Src/stm32f1xx_it.c ****   /* USER CODE END MemoryManagement_IRQn 0 */
 117:Core/Src/stm32f1xx_it.c ****   while (1)
  82              		.loc 1 117 3 discriminator 1 view .LVU9
 118:Core/Src/stm32f1xx_it.c ****   {
 119:Core/Src/stm32f1xx_it.c ****     /* USER CODE BEGIN W1_MemoryManagement_IRQn 0 */
 120:Core/Src/stm32f1xx_it.c ****     /* USER CODE END W1_MemoryManagement_IRQn 0 */
 121:Core/Src/stm32f1xx_it.c ****   }
  83              		.loc 1 121 3 discriminator 1 view .LVU10
 117:Core/Src/stm32f1xx_it.c ****   {
  84              		.loc 1 117 9 discriminator 1 view .LVU11
  85 0000 FEE7     		b	.L6
  86              		.cfi_endproc
  87              	.LFE67:
  89              		.section	.text.BusFault_Handler,"ax",%progbits
  90              		.align	1
  91              		.global	BusFault_Handler
  92              		.syntax unified
  93              		.thumb
  94              		.thumb_func
  95              		.fpu softvfp
  97              	BusFault_Handler:
  98              	.LFB68:
 122:Core/Src/stm32f1xx_it.c **** }
 123:Core/Src/stm32f1xx_it.c **** 
 124:Core/Src/stm32f1xx_it.c **** /**
 125:Core/Src/stm32f1xx_it.c ****   * @brief This function handles Prefetch fault, memory access fault.
 126:Core/Src/stm32f1xx_it.c ****   */
 127:Core/Src/stm32f1xx_it.c **** void BusFault_Handler(void)
 128:Core/Src/stm32f1xx_it.c **** {
  99              		.loc 1 128 1 view -0
 100              		.cfi_startproc
 101              		@ Volatile: function does not return.
 102              		@ args = 0, pretend = 0, frame = 0
 103              		@ frame_needed = 0, uses_anonymous_args = 0
 104              		@ link register save eliminated.
ARM GAS  C:\Users\Vento\AppData\Local\Temp\ccKMO61z.s 			page 5


 105              	.L8:
 129:Core/Src/stm32f1xx_it.c ****   /* USER CODE BEGIN BusFault_IRQn 0 */
 130:Core/Src/stm32f1xx_it.c **** 
 131:Core/Src/stm32f1xx_it.c ****   /* USER CODE END BusFault_IRQn 0 */
 132:Core/Src/stm32f1xx_it.c ****   while (1)
 106              		.loc 1 132 3 discriminator 1 view .LVU13
 133:Core/Src/stm32f1xx_it.c ****   {
 134:Core/Src/stm32f1xx_it.c ****     /* USER CODE BEGIN W1_BusFault_IRQn 0 */
 135:Core/Src/stm32f1xx_it.c ****     /* USER CODE END W1_BusFault_IRQn 0 */
 136:Core/Src/stm32f1xx_it.c ****   }
 107              		.loc 1 136 3 discriminator 1 view .LVU14
 132:Core/Src/stm32f1xx_it.c ****   {
 108              		.loc 1 132 9 discriminator 1 view .LVU15
 109 0000 FEE7     		b	.L8
 110              		.cfi_endproc
 111              	.LFE68:
 113              		.section	.text.UsageFault_Handler,"ax",%progbits
 114              		.align	1
 115              		.global	UsageFault_Handler
 116              		.syntax unified
 117              		.thumb
 118              		.thumb_func
 119              		.fpu softvfp
 121              	UsageFault_Handler:
 122              	.LFB69:
 137:Core/Src/stm32f1xx_it.c **** }
 138:Core/Src/stm32f1xx_it.c **** 
 139:Core/Src/stm32f1xx_it.c **** /**
 140:Core/Src/stm32f1xx_it.c ****   * @brief This function handles Undefined instruction or illegal state.
 141:Core/Src/stm32f1xx_it.c ****   */
 142:Core/Src/stm32f1xx_it.c **** void UsageFault_Handler(void)
 143:Core/Src/stm32f1xx_it.c **** {
 123              		.loc 1 143 1 view -0
 124              		.cfi_startproc
 125              		@ Volatile: function does not return.
 126              		@ args = 0, pretend = 0, frame = 0
 127              		@ frame_needed = 0, uses_anonymous_args = 0
 128              		@ link register save eliminated.
 129              	.L10:
 144:Core/Src/stm32f1xx_it.c ****   /* USER CODE BEGIN UsageFault_IRQn 0 */
 145:Core/Src/stm32f1xx_it.c **** 
 146:Core/Src/stm32f1xx_it.c ****   /* USER CODE END UsageFault_IRQn 0 */
 147:Core/Src/stm32f1xx_it.c ****   while (1)
 130              		.loc 1 147 3 discriminator 1 view .LVU17
 148:Core/Src/stm32f1xx_it.c ****   {
 149:Core/Src/stm32f1xx_it.c ****     /* USER CODE BEGIN W1_UsageFault_IRQn 0 */
 150:Core/Src/stm32f1xx_it.c ****     /* USER CODE END W1_UsageFault_IRQn 0 */
 151:Core/Src/stm32f1xx_it.c ****   }
 131              		.loc 1 151 3 discriminator 1 view .LVU18
 147:Core/Src/stm32f1xx_it.c ****   {
 132              		.loc 1 147 9 discriminator 1 view .LVU19
 133 0000 FEE7     		b	.L10
 134              		.cfi_endproc
 135              	.LFE69:
 137              		.section	.text.DebugMon_Handler,"ax",%progbits
 138              		.align	1
 139              		.global	DebugMon_Handler
ARM GAS  C:\Users\Vento\AppData\Local\Temp\ccKMO61z.s 			page 6


 140              		.syntax unified
 141              		.thumb
 142              		.thumb_func
 143              		.fpu softvfp
 145              	DebugMon_Handler:
 146              	.LFB70:
 152:Core/Src/stm32f1xx_it.c **** }
 153:Core/Src/stm32f1xx_it.c **** 
 154:Core/Src/stm32f1xx_it.c **** /**
 155:Core/Src/stm32f1xx_it.c ****   * @brief This function handles Debug monitor.
 156:Core/Src/stm32f1xx_it.c ****   */
 157:Core/Src/stm32f1xx_it.c **** void DebugMon_Handler(void)
 158:Core/Src/stm32f1xx_it.c **** {
 147              		.loc 1 158 1 view -0
 148              		.cfi_startproc
 149              		@ args = 0, pretend = 0, frame = 0
 150              		@ frame_needed = 0, uses_anonymous_args = 0
 151              		@ link register save eliminated.
 159:Core/Src/stm32f1xx_it.c ****   /* USER CODE BEGIN DebugMonitor_IRQn 0 */
 160:Core/Src/stm32f1xx_it.c **** 
 161:Core/Src/stm32f1xx_it.c ****   /* USER CODE END DebugMonitor_IRQn 0 */
 162:Core/Src/stm32f1xx_it.c ****   /* USER CODE BEGIN DebugMonitor_IRQn 1 */
 163:Core/Src/stm32f1xx_it.c **** 
 164:Core/Src/stm32f1xx_it.c ****   /* USER CODE END DebugMonitor_IRQn 1 */
 165:Core/Src/stm32f1xx_it.c **** }
 152              		.loc 1 165 1 view .LVU21
 153 0000 7047     		bx	lr
 154              		.cfi_endproc
 155              	.LFE70:
 157              		.section	.text.EXTI9_5_IRQHandler,"ax",%progbits
 158              		.align	1
 159              		.global	EXTI9_5_IRQHandler
 160              		.syntax unified
 161              		.thumb
 162              		.thumb_func
 163              		.fpu softvfp
 165              	EXTI9_5_IRQHandler:
 166              	.LFB71:
 166:Core/Src/stm32f1xx_it.c **** 
 167:Core/Src/stm32f1xx_it.c **** /******************************************************************************/
 168:Core/Src/stm32f1xx_it.c **** /* STM32F1xx Peripheral Interrupt Handlers                                    */
 169:Core/Src/stm32f1xx_it.c **** /* Add here the Interrupt Handlers for the used peripherals.                  */
 170:Core/Src/stm32f1xx_it.c **** /* For the available peripheral interrupt handler names,                      */
 171:Core/Src/stm32f1xx_it.c **** /* please refer to the startup file (startup_stm32f1xx.s).                    */
 172:Core/Src/stm32f1xx_it.c **** /******************************************************************************/
 173:Core/Src/stm32f1xx_it.c **** 
 174:Core/Src/stm32f1xx_it.c **** /**
 175:Core/Src/stm32f1xx_it.c ****   * @brief This function handles EXTI line[9:5] interrupts.
 176:Core/Src/stm32f1xx_it.c ****   */
 177:Core/Src/stm32f1xx_it.c **** void EXTI9_5_IRQHandler(void)
 178:Core/Src/stm32f1xx_it.c **** {
 167              		.loc 1 178 1 view -0
 168              		.cfi_startproc
 169              		@ args = 0, pretend = 0, frame = 0
 170              		@ frame_needed = 0, uses_anonymous_args = 0
 171 0000 08B5     		push	{r3, lr}
 172              	.LCFI0:
ARM GAS  C:\Users\Vento\AppData\Local\Temp\ccKMO61z.s 			page 7


 173              		.cfi_def_cfa_offset 8
 174              		.cfi_offset 3, -8
 175              		.cfi_offset 14, -4
 179:Core/Src/stm32f1xx_it.c ****   /* USER CODE BEGIN EXTI9_5_IRQn 0 */
 180:Core/Src/stm32f1xx_it.c **** 
 181:Core/Src/stm32f1xx_it.c ****   /* USER CODE END EXTI9_5_IRQn 0 */
 182:Core/Src/stm32f1xx_it.c ****   HAL_GPIO_EXTI_IRQHandler(T_IRQ_Pin);
 176              		.loc 1 182 3 view .LVU23
 177 0002 4FF48070 		mov	r0, #256
 178 0006 FFF7FEFF 		bl	HAL_GPIO_EXTI_IRQHandler
 179              	.LVL0:
 183:Core/Src/stm32f1xx_it.c ****   /* USER CODE BEGIN EXTI9_5_IRQn 1 */
 184:Core/Src/stm32f1xx_it.c **** 
 185:Core/Src/stm32f1xx_it.c ****   /* USER CODE END EXTI9_5_IRQn 1 */
 186:Core/Src/stm32f1xx_it.c **** }
 180              		.loc 1 186 1 is_stmt 0 view .LVU24
 181 000a 08BD     		pop	{r3, pc}
 182              		.cfi_endproc
 183              	.LFE71:
 185              		.section	.text.TIM1_UP_IRQHandler,"ax",%progbits
 186              		.align	1
 187              		.global	TIM1_UP_IRQHandler
 188              		.syntax unified
 189              		.thumb
 190              		.thumb_func
 191              		.fpu softvfp
 193              	TIM1_UP_IRQHandler:
 194              	.LFB72:
 187:Core/Src/stm32f1xx_it.c **** 
 188:Core/Src/stm32f1xx_it.c **** /**
 189:Core/Src/stm32f1xx_it.c ****   * @brief This function handles TIM1 update interrupt.
 190:Core/Src/stm32f1xx_it.c ****   */
 191:Core/Src/stm32f1xx_it.c **** void TIM1_UP_IRQHandler(void)
 192:Core/Src/stm32f1xx_it.c **** {
 195              		.loc 1 192 1 is_stmt 1 view -0
 196              		.cfi_startproc
 197              		@ args = 0, pretend = 0, frame = 0
 198              		@ frame_needed = 0, uses_anonymous_args = 0
 199 0000 08B5     		push	{r3, lr}
 200              	.LCFI1:
 201              		.cfi_def_cfa_offset 8
 202              		.cfi_offset 3, -8
 203              		.cfi_offset 14, -4
 193:Core/Src/stm32f1xx_it.c ****   /* USER CODE BEGIN TIM1_UP_IRQn 0 */
 194:Core/Src/stm32f1xx_it.c **** 
 195:Core/Src/stm32f1xx_it.c ****   /* USER CODE END TIM1_UP_IRQn 0 */
 196:Core/Src/stm32f1xx_it.c ****   HAL_TIM_IRQHandler(&htim1);
 204              		.loc 1 196 3 view .LVU26
 205 0002 0248     		ldr	r0, .L16
 206 0004 FFF7FEFF 		bl	HAL_TIM_IRQHandler
 207              	.LVL1:
 197:Core/Src/stm32f1xx_it.c ****   /* USER CODE BEGIN TIM1_UP_IRQn 1 */
 198:Core/Src/stm32f1xx_it.c **** 
 199:Core/Src/stm32f1xx_it.c ****   /* USER CODE END TIM1_UP_IRQn 1 */
 200:Core/Src/stm32f1xx_it.c **** }
 208              		.loc 1 200 1 is_stmt 0 view .LVU27
 209 0008 08BD     		pop	{r3, pc}
ARM GAS  C:\Users\Vento\AppData\Local\Temp\ccKMO61z.s 			page 8


 210              	.L17:
 211 000a 00BF     		.align	2
 212              	.L16:
 213 000c 00000000 		.word	htim1
 214              		.cfi_endproc
 215              	.LFE72:
 217              		.section	.text.TIM2_IRQHandler,"ax",%progbits
 218              		.align	1
 219              		.global	TIM2_IRQHandler
 220              		.syntax unified
 221              		.thumb
 222              		.thumb_func
 223              		.fpu softvfp
 225              	TIM2_IRQHandler:
 226              	.LFB73:
 201:Core/Src/stm32f1xx_it.c **** 
 202:Core/Src/stm32f1xx_it.c **** /**
 203:Core/Src/stm32f1xx_it.c ****   * @brief This function handles TIM2 global interrupt.
 204:Core/Src/stm32f1xx_it.c ****   */
 205:Core/Src/stm32f1xx_it.c **** void TIM2_IRQHandler(void)
 206:Core/Src/stm32f1xx_it.c **** {
 227              		.loc 1 206 1 is_stmt 1 view -0
 228              		.cfi_startproc
 229              		@ args = 0, pretend = 0, frame = 0
 230              		@ frame_needed = 0, uses_anonymous_args = 0
 231 0000 08B5     		push	{r3, lr}
 232              	.LCFI2:
 233              		.cfi_def_cfa_offset 8
 234              		.cfi_offset 3, -8
 235              		.cfi_offset 14, -4
 207:Core/Src/stm32f1xx_it.c ****   /* USER CODE BEGIN TIM2_IRQn 0 */
 208:Core/Src/stm32f1xx_it.c **** 
 209:Core/Src/stm32f1xx_it.c ****   /* USER CODE END TIM2_IRQn 0 */
 210:Core/Src/stm32f1xx_it.c ****   HAL_TIM_IRQHandler(&htim2);
 236              		.loc 1 210 3 view .LVU29
 237 0002 0248     		ldr	r0, .L20
 238 0004 FFF7FEFF 		bl	HAL_TIM_IRQHandler
 239              	.LVL2:
 211:Core/Src/stm32f1xx_it.c ****   /* USER CODE BEGIN TIM2_IRQn 1 */
 212:Core/Src/stm32f1xx_it.c **** 
 213:Core/Src/stm32f1xx_it.c ****   /* USER CODE END TIM2_IRQn 1 */
 214:Core/Src/stm32f1xx_it.c **** }
 240              		.loc 1 214 1 is_stmt 0 view .LVU30
 241 0008 08BD     		pop	{r3, pc}
 242              	.L21:
 243 000a 00BF     		.align	2
 244              	.L20:
 245 000c 00000000 		.word	htim2
 246              		.cfi_endproc
 247              	.LFE73:
 249              		.section	.text.I2C1_EV_IRQHandler,"ax",%progbits
 250              		.align	1
 251              		.global	I2C1_EV_IRQHandler
 252              		.syntax unified
 253              		.thumb
 254              		.thumb_func
 255              		.fpu softvfp
ARM GAS  C:\Users\Vento\AppData\Local\Temp\ccKMO61z.s 			page 9


 257              	I2C1_EV_IRQHandler:
 258              	.LFB74:
 215:Core/Src/stm32f1xx_it.c **** 
 216:Core/Src/stm32f1xx_it.c **** /**
 217:Core/Src/stm32f1xx_it.c ****   * @brief This function handles I2C1 event interrupt.
 218:Core/Src/stm32f1xx_it.c ****   */
 219:Core/Src/stm32f1xx_it.c **** void I2C1_EV_IRQHandler(void)
 220:Core/Src/stm32f1xx_it.c **** {
 259              		.loc 1 220 1 is_stmt 1 view -0
 260              		.cfi_startproc
 261              		@ args = 0, pretend = 0, frame = 0
 262              		@ frame_needed = 0, uses_anonymous_args = 0
 263 0000 08B5     		push	{r3, lr}
 264              	.LCFI3:
 265              		.cfi_def_cfa_offset 8
 266              		.cfi_offset 3, -8
 267              		.cfi_offset 14, -4
 221:Core/Src/stm32f1xx_it.c ****   /* USER CODE BEGIN I2C1_EV_IRQn 0 */
 222:Core/Src/stm32f1xx_it.c **** 
 223:Core/Src/stm32f1xx_it.c ****   /* USER CODE END I2C1_EV_IRQn 0 */
 224:Core/Src/stm32f1xx_it.c ****   HAL_I2C_EV_IRQHandler(&hi2c1);
 268              		.loc 1 224 3 view .LVU32
 269 0002 0248     		ldr	r0, .L24
 270 0004 FFF7FEFF 		bl	HAL_I2C_EV_IRQHandler
 271              	.LVL3:
 225:Core/Src/stm32f1xx_it.c ****   /* USER CODE BEGIN I2C1_EV_IRQn 1 */
 226:Core/Src/stm32f1xx_it.c **** 
 227:Core/Src/stm32f1xx_it.c ****   /* USER CODE END I2C1_EV_IRQn 1 */
 228:Core/Src/stm32f1xx_it.c **** }
 272              		.loc 1 228 1 is_stmt 0 view .LVU33
 273 0008 08BD     		pop	{r3, pc}
 274              	.L25:
 275 000a 00BF     		.align	2
 276              	.L24:
 277 000c 00000000 		.word	hi2c1
 278              		.cfi_endproc
 279              	.LFE74:
 281              		.section	.text.USART1_IRQHandler,"ax",%progbits
 282              		.align	1
 283              		.global	USART1_IRQHandler
 284              		.syntax unified
 285              		.thumb
 286              		.thumb_func
 287              		.fpu softvfp
 289              	USART1_IRQHandler:
 290              	.LFB75:
 229:Core/Src/stm32f1xx_it.c **** 
 230:Core/Src/stm32f1xx_it.c **** /**
 231:Core/Src/stm32f1xx_it.c ****   * @brief This function handles USART1 global interrupt.
 232:Core/Src/stm32f1xx_it.c ****   */
 233:Core/Src/stm32f1xx_it.c **** void USART1_IRQHandler(void)
 234:Core/Src/stm32f1xx_it.c **** {
 291              		.loc 1 234 1 is_stmt 1 view -0
 292              		.cfi_startproc
 293              		@ args = 0, pretend = 0, frame = 0
 294              		@ frame_needed = 0, uses_anonymous_args = 0
 295 0000 08B5     		push	{r3, lr}
ARM GAS  C:\Users\Vento\AppData\Local\Temp\ccKMO61z.s 			page 10


 296              	.LCFI4:
 297              		.cfi_def_cfa_offset 8
 298              		.cfi_offset 3, -8
 299              		.cfi_offset 14, -4
 235:Core/Src/stm32f1xx_it.c ****   /* USER CODE BEGIN USART1_IRQn 0 */
 236:Core/Src/stm32f1xx_it.c **** 
 237:Core/Src/stm32f1xx_it.c ****   /* USER CODE END USART1_IRQn 0 */
 238:Core/Src/stm32f1xx_it.c ****   HAL_UART_IRQHandler(&huart1);
 300              		.loc 1 238 3 view .LVU35
 301 0002 0248     		ldr	r0, .L28
 302 0004 FFF7FEFF 		bl	HAL_UART_IRQHandler
 303              	.LVL4:
 239:Core/Src/stm32f1xx_it.c ****   /* USER CODE BEGIN USART1_IRQn 1 */
 240:Core/Src/stm32f1xx_it.c **** 
 241:Core/Src/stm32f1xx_it.c ****   /* USER CODE END USART1_IRQn 1 */
 242:Core/Src/stm32f1xx_it.c **** }
 304              		.loc 1 242 1 is_stmt 0 view .LVU36
 305 0008 08BD     		pop	{r3, pc}
 306              	.L29:
 307 000a 00BF     		.align	2
 308              	.L28:
 309 000c 00000000 		.word	huart1
 310              		.cfi_endproc
 311              	.LFE75:
 313              		.global	TIM2_Tick
 314              		.section	.bss.TIM2_Tick,"aw",%nobits
 315              		.align	1
 318              	TIM2_Tick:
 319 0000 0000     		.space	2
 320              		.text
 321              	.Letext0:
 322              		.file 2 "d:\\tools\\gcc-arm-none-eabi-10.3-2021.07\\arm-none-eabi\\include\\machine\\_default_type
 323              		.file 3 "d:\\tools\\gcc-arm-none-eabi-10.3-2021.07\\arm-none-eabi\\include\\sys\\_stdint.h"
 324              		.file 4 "Drivers/CMSIS/Device/ST/STM32F1xx/Include/stm32f103xb.h"
 325              		.file 5 "Drivers/STM32F1xx_HAL_Driver/Inc/stm32f1xx_hal_def.h"
 326              		.file 6 "Drivers/STM32F1xx_HAL_Driver/Inc/stm32f1xx_hal_dma.h"
 327              		.file 7 "Drivers/STM32F1xx_HAL_Driver/Inc/stm32f1xx_hal_i2c.h"
 328              		.file 8 "Drivers/STM32F1xx_HAL_Driver/Inc/stm32f1xx_hal_tim.h"
 329              		.file 9 "Drivers/STM32F1xx_HAL_Driver/Inc/stm32f1xx_hal_uart.h"
 330              		.file 10 "Drivers/STM32F1xx_HAL_Driver/Inc/stm32f1xx_hal_gpio.h"
ARM GAS  C:\Users\Vento\AppData\Local\Temp\ccKMO61z.s 			page 11


DEFINED SYMBOLS
                            *ABS*:00000000 stm32f1xx_it.c
C:\Users\Vento\AppData\Local\Temp\ccKMO61z.s:16     .text.NMI_Handler:00000000 $t
C:\Users\Vento\AppData\Local\Temp\ccKMO61z.s:24     .text.NMI_Handler:00000000 NMI_Handler
C:\Users\Vento\AppData\Local\Temp\ccKMO61z.s:42     .text.HardFault_Handler:00000000 $t
C:\Users\Vento\AppData\Local\Temp\ccKMO61z.s:49     .text.HardFault_Handler:00000000 HardFault_Handler
C:\Users\Vento\AppData\Local\Temp\ccKMO61z.s:66     .text.MemManage_Handler:00000000 $t
C:\Users\Vento\AppData\Local\Temp\ccKMO61z.s:73     .text.MemManage_Handler:00000000 MemManage_Handler
C:\Users\Vento\AppData\Local\Temp\ccKMO61z.s:90     .text.BusFault_Handler:00000000 $t
C:\Users\Vento\AppData\Local\Temp\ccKMO61z.s:97     .text.BusFault_Handler:00000000 BusFault_Handler
C:\Users\Vento\AppData\Local\Temp\ccKMO61z.s:114    .text.UsageFault_Handler:00000000 $t
C:\Users\Vento\AppData\Local\Temp\ccKMO61z.s:121    .text.UsageFault_Handler:00000000 UsageFault_Handler
C:\Users\Vento\AppData\Local\Temp\ccKMO61z.s:138    .text.DebugMon_Handler:00000000 $t
C:\Users\Vento\AppData\Local\Temp\ccKMO61z.s:145    .text.DebugMon_Handler:00000000 DebugMon_Handler
C:\Users\Vento\AppData\Local\Temp\ccKMO61z.s:158    .text.EXTI9_5_IRQHandler:00000000 $t
C:\Users\Vento\AppData\Local\Temp\ccKMO61z.s:165    .text.EXTI9_5_IRQHandler:00000000 EXTI9_5_IRQHandler
C:\Users\Vento\AppData\Local\Temp\ccKMO61z.s:186    .text.TIM1_UP_IRQHandler:00000000 $t
C:\Users\Vento\AppData\Local\Temp\ccKMO61z.s:193    .text.TIM1_UP_IRQHandler:00000000 TIM1_UP_IRQHandler
C:\Users\Vento\AppData\Local\Temp\ccKMO61z.s:213    .text.TIM1_UP_IRQHandler:0000000c $d
C:\Users\Vento\AppData\Local\Temp\ccKMO61z.s:218    .text.TIM2_IRQHandler:00000000 $t
C:\Users\Vento\AppData\Local\Temp\ccKMO61z.s:225    .text.TIM2_IRQHandler:00000000 TIM2_IRQHandler
C:\Users\Vento\AppData\Local\Temp\ccKMO61z.s:245    .text.TIM2_IRQHandler:0000000c $d
C:\Users\Vento\AppData\Local\Temp\ccKMO61z.s:250    .text.I2C1_EV_IRQHandler:00000000 $t
C:\Users\Vento\AppData\Local\Temp\ccKMO61z.s:257    .text.I2C1_EV_IRQHandler:00000000 I2C1_EV_IRQHandler
C:\Users\Vento\AppData\Local\Temp\ccKMO61z.s:277    .text.I2C1_EV_IRQHandler:0000000c $d
C:\Users\Vento\AppData\Local\Temp\ccKMO61z.s:282    .text.USART1_IRQHandler:00000000 $t
C:\Users\Vento\AppData\Local\Temp\ccKMO61z.s:289    .text.USART1_IRQHandler:00000000 USART1_IRQHandler
C:\Users\Vento\AppData\Local\Temp\ccKMO61z.s:309    .text.USART1_IRQHandler:0000000c $d
C:\Users\Vento\AppData\Local\Temp\ccKMO61z.s:318    .bss.TIM2_Tick:00000000 TIM2_Tick
C:\Users\Vento\AppData\Local\Temp\ccKMO61z.s:315    .bss.TIM2_Tick:00000000 $d

UNDEFINED SYMBOLS
HAL_GPIO_EXTI_IRQHandler
HAL_TIM_IRQHandler
htim1
htim2
HAL_I2C_EV_IRQHandler
hi2c1
HAL_UART_IRQHandler
huart1
