ARM GAS  C:\Users\Vento\AppData\Local\Temp\cc8ZRFAk.s 			page 1


   1              		.cpu cortex-m3
   2              		.eabi_attribute 20, 1
   3              		.eabi_attribute 21, 1
   4              		.eabi_attribute 23, 3
   5              		.eabi_attribute 24, 1
   6              		.eabi_attribute 25, 1
   7              		.eabi_attribute 26, 1
   8              		.eabi_attribute 30, 1
   9              		.eabi_attribute 34, 1
  10              		.eabi_attribute 18, 4
  11              		.file	"usart.c"
  12              		.text
  13              	.Ltext0:
  14              		.cfi_sections	.debug_frame
  15              		.section	.text.MX_USART1_UART_Init,"ax",%progbits
  16              		.align	1
  17              		.global	MX_USART1_UART_Init
  18              		.arch armv7-m
  19              		.syntax unified
  20              		.thumb
  21              		.thumb_func
  22              		.fpu softvfp
  24              	MX_USART1_UART_Init:
  25              	.LFB65:
  26              		.file 1 "Core/Src/usart.c"
   1:Core/Src/usart.c **** /* USER CODE BEGIN Header */
   2:Core/Src/usart.c **** /**
   3:Core/Src/usart.c ****   ******************************************************************************
   4:Core/Src/usart.c ****   * @file    usart.c
   5:Core/Src/usart.c ****   * @brief   This file provides code for the configuration
   6:Core/Src/usart.c ****   *          of the USART instances.
   7:Core/Src/usart.c ****   ******************************************************************************
   8:Core/Src/usart.c ****   * @attention
   9:Core/Src/usart.c ****   *
  10:Core/Src/usart.c ****   * Copyright (c) 2021 STMicroelectronics.
  11:Core/Src/usart.c ****   * All rights reserved.
  12:Core/Src/usart.c ****   *
  13:Core/Src/usart.c ****   * This software is licensed under terms that can be found in the LICENSE file
  14:Core/Src/usart.c ****   * in the root directory of this software component.
  15:Core/Src/usart.c ****   * If no LICENSE file comes with this software, it is provided AS-IS.
  16:Core/Src/usart.c ****   *
  17:Core/Src/usart.c ****   ******************************************************************************
  18:Core/Src/usart.c ****   */
  19:Core/Src/usart.c **** /* USER CODE END Header */
  20:Core/Src/usart.c **** /* Includes ------------------------------------------------------------------*/
  21:Core/Src/usart.c **** #include "usart.h"
  22:Core/Src/usart.c **** 
  23:Core/Src/usart.c **** /* USER CODE BEGIN 0 */
  24:Core/Src/usart.c **** 
  25:Core/Src/usart.c **** /* USER CODE END 0 */
  26:Core/Src/usart.c **** 
  27:Core/Src/usart.c **** UART_HandleTypeDef huart1;
  28:Core/Src/usart.c **** UART_HandleTypeDef huart3;
  29:Core/Src/usart.c **** 
  30:Core/Src/usart.c **** /* USART1 init function */
  31:Core/Src/usart.c **** 
  32:Core/Src/usart.c **** void MX_USART1_UART_Init(void)
ARM GAS  C:\Users\Vento\AppData\Local\Temp\cc8ZRFAk.s 			page 2


  33:Core/Src/usart.c **** {
  27              		.loc 1 33 1 view -0
  28              		.cfi_startproc
  29              		@ args = 0, pretend = 0, frame = 0
  30              		@ frame_needed = 0, uses_anonymous_args = 0
  31 0000 08B5     		push	{r3, lr}
  32              	.LCFI0:
  33              		.cfi_def_cfa_offset 8
  34              		.cfi_offset 3, -8
  35              		.cfi_offset 14, -4
  34:Core/Src/usart.c **** 
  35:Core/Src/usart.c ****   /* USER CODE BEGIN USART1_Init 0 */
  36:Core/Src/usart.c **** 
  37:Core/Src/usart.c ****   /* USER CODE END USART1_Init 0 */
  38:Core/Src/usart.c **** 
  39:Core/Src/usart.c ****   /* USER CODE BEGIN USART1_Init 1 */
  40:Core/Src/usart.c **** 
  41:Core/Src/usart.c ****   /* USER CODE END USART1_Init 1 */
  42:Core/Src/usart.c ****   huart1.Instance = USART1;
  36              		.loc 1 42 3 view .LVU1
  37              		.loc 1 42 19 is_stmt 0 view .LVU2
  38 0002 0A48     		ldr	r0, .L5
  39 0004 0A4B     		ldr	r3, .L5+4
  40 0006 0360     		str	r3, [r0]
  43:Core/Src/usart.c ****   huart1.Init.BaudRate = 115200;
  41              		.loc 1 43 3 is_stmt 1 view .LVU3
  42              		.loc 1 43 24 is_stmt 0 view .LVU4
  43 0008 4FF4E133 		mov	r3, #115200
  44 000c 4360     		str	r3, [r0, #4]
  44:Core/Src/usart.c ****   huart1.Init.WordLength = UART_WORDLENGTH_8B;
  45              		.loc 1 44 3 is_stmt 1 view .LVU5
  46              		.loc 1 44 26 is_stmt 0 view .LVU6
  47 000e 0023     		movs	r3, #0
  48 0010 8360     		str	r3, [r0, #8]
  45:Core/Src/usart.c ****   huart1.Init.StopBits = UART_STOPBITS_1;
  49              		.loc 1 45 3 is_stmt 1 view .LVU7
  50              		.loc 1 45 24 is_stmt 0 view .LVU8
  51 0012 C360     		str	r3, [r0, #12]
  46:Core/Src/usart.c ****   huart1.Init.Parity = UART_PARITY_NONE;
  52              		.loc 1 46 3 is_stmt 1 view .LVU9
  53              		.loc 1 46 22 is_stmt 0 view .LVU10
  54 0014 0361     		str	r3, [r0, #16]
  47:Core/Src/usart.c ****   huart1.Init.Mode = UART_MODE_TX_RX;
  55              		.loc 1 47 3 is_stmt 1 view .LVU11
  56              		.loc 1 47 20 is_stmt 0 view .LVU12
  57 0016 0C22     		movs	r2, #12
  58 0018 4261     		str	r2, [r0, #20]
  48:Core/Src/usart.c ****   huart1.Init.HwFlowCtl = UART_HWCONTROL_NONE;
  59              		.loc 1 48 3 is_stmt 1 view .LVU13
  60              		.loc 1 48 25 is_stmt 0 view .LVU14
  61 001a 8361     		str	r3, [r0, #24]
  49:Core/Src/usart.c ****   huart1.Init.OverSampling = UART_OVERSAMPLING_16;
  62              		.loc 1 49 3 is_stmt 1 view .LVU15
  63              		.loc 1 49 28 is_stmt 0 view .LVU16
  64 001c C361     		str	r3, [r0, #28]
  50:Core/Src/usart.c ****   if (HAL_UART_Init(&huart1) != HAL_OK)
  65              		.loc 1 50 3 is_stmt 1 view .LVU17
ARM GAS  C:\Users\Vento\AppData\Local\Temp\cc8ZRFAk.s 			page 3


  66              		.loc 1 50 7 is_stmt 0 view .LVU18
  67 001e FFF7FEFF 		bl	HAL_UART_Init
  68              	.LVL0:
  69              		.loc 1 50 6 view .LVU19
  70 0022 00B9     		cbnz	r0, .L4
  71              	.L1:
  51:Core/Src/usart.c ****   {
  52:Core/Src/usart.c ****     Error_Handler();
  53:Core/Src/usart.c ****   }
  54:Core/Src/usart.c ****   /* USER CODE BEGIN USART1_Init 2 */
  55:Core/Src/usart.c **** 
  56:Core/Src/usart.c ****   /* USER CODE END USART1_Init 2 */
  57:Core/Src/usart.c **** 
  58:Core/Src/usart.c **** }
  72              		.loc 1 58 1 view .LVU20
  73 0024 08BD     		pop	{r3, pc}
  74              	.L4:
  52:Core/Src/usart.c ****   }
  75              		.loc 1 52 5 is_stmt 1 view .LVU21
  76 0026 FFF7FEFF 		bl	Error_Handler
  77              	.LVL1:
  78              		.loc 1 58 1 is_stmt 0 view .LVU22
  79 002a FBE7     		b	.L1
  80              	.L6:
  81              		.align	2
  82              	.L5:
  83 002c 00000000 		.word	.LANCHOR0
  84 0030 00380140 		.word	1073821696
  85              		.cfi_endproc
  86              	.LFE65:
  88              		.section	.text.MX_USART3_UART_Init,"ax",%progbits
  89              		.align	1
  90              		.global	MX_USART3_UART_Init
  91              		.syntax unified
  92              		.thumb
  93              		.thumb_func
  94              		.fpu softvfp
  96              	MX_USART3_UART_Init:
  97              	.LFB66:
  59:Core/Src/usart.c **** /* USART3 init function */
  60:Core/Src/usart.c **** 
  61:Core/Src/usart.c **** void MX_USART3_UART_Init(void)
  62:Core/Src/usart.c **** {
  98              		.loc 1 62 1 is_stmt 1 view -0
  99              		.cfi_startproc
 100              		@ args = 0, pretend = 0, frame = 0
 101              		@ frame_needed = 0, uses_anonymous_args = 0
 102 0000 08B5     		push	{r3, lr}
 103              	.LCFI1:
 104              		.cfi_def_cfa_offset 8
 105              		.cfi_offset 3, -8
 106              		.cfi_offset 14, -4
  63:Core/Src/usart.c **** 
  64:Core/Src/usart.c ****   /* USER CODE BEGIN USART3_Init 0 */
  65:Core/Src/usart.c **** 
  66:Core/Src/usart.c ****   /* USER CODE END USART3_Init 0 */
  67:Core/Src/usart.c **** 
ARM GAS  C:\Users\Vento\AppData\Local\Temp\cc8ZRFAk.s 			page 4


  68:Core/Src/usart.c ****   /* USER CODE BEGIN USART3_Init 1 */
  69:Core/Src/usart.c **** 
  70:Core/Src/usart.c ****   /* USER CODE END USART3_Init 1 */
  71:Core/Src/usart.c ****   huart3.Instance = USART3;
 107              		.loc 1 71 3 view .LVU24
 108              		.loc 1 71 19 is_stmt 0 view .LVU25
 109 0002 0A48     		ldr	r0, .L11
 110 0004 0A4B     		ldr	r3, .L11+4
 111 0006 0360     		str	r3, [r0]
  72:Core/Src/usart.c ****   huart3.Init.BaudRate = 115200;
 112              		.loc 1 72 3 is_stmt 1 view .LVU26
 113              		.loc 1 72 24 is_stmt 0 view .LVU27
 114 0008 4FF4E133 		mov	r3, #115200
 115 000c 4360     		str	r3, [r0, #4]
  73:Core/Src/usart.c ****   huart3.Init.WordLength = UART_WORDLENGTH_8B;
 116              		.loc 1 73 3 is_stmt 1 view .LVU28
 117              		.loc 1 73 26 is_stmt 0 view .LVU29
 118 000e 0023     		movs	r3, #0
 119 0010 8360     		str	r3, [r0, #8]
  74:Core/Src/usart.c ****   huart3.Init.StopBits = UART_STOPBITS_1;
 120              		.loc 1 74 3 is_stmt 1 view .LVU30
 121              		.loc 1 74 24 is_stmt 0 view .LVU31
 122 0012 C360     		str	r3, [r0, #12]
  75:Core/Src/usart.c ****   huart3.Init.Parity = UART_PARITY_NONE;
 123              		.loc 1 75 3 is_stmt 1 view .LVU32
 124              		.loc 1 75 22 is_stmt 0 view .LVU33
 125 0014 0361     		str	r3, [r0, #16]
  76:Core/Src/usart.c ****   huart3.Init.Mode = UART_MODE_TX_RX;
 126              		.loc 1 76 3 is_stmt 1 view .LVU34
 127              		.loc 1 76 20 is_stmt 0 view .LVU35
 128 0016 0C22     		movs	r2, #12
 129 0018 4261     		str	r2, [r0, #20]
  77:Core/Src/usart.c ****   huart3.Init.HwFlowCtl = UART_HWCONTROL_NONE;
 130              		.loc 1 77 3 is_stmt 1 view .LVU36
 131              		.loc 1 77 25 is_stmt 0 view .LVU37
 132 001a 8361     		str	r3, [r0, #24]
  78:Core/Src/usart.c ****   huart3.Init.OverSampling = UART_OVERSAMPLING_16;
 133              		.loc 1 78 3 is_stmt 1 view .LVU38
 134              		.loc 1 78 28 is_stmt 0 view .LVU39
 135 001c C361     		str	r3, [r0, #28]
  79:Core/Src/usart.c ****   if (HAL_UART_Init(&huart3) != HAL_OK)
 136              		.loc 1 79 3 is_stmt 1 view .LVU40
 137              		.loc 1 79 7 is_stmt 0 view .LVU41
 138 001e FFF7FEFF 		bl	HAL_UART_Init
 139              	.LVL2:
 140              		.loc 1 79 6 view .LVU42
 141 0022 00B9     		cbnz	r0, .L10
 142              	.L7:
  80:Core/Src/usart.c ****   {
  81:Core/Src/usart.c ****     Error_Handler();
  82:Core/Src/usart.c ****   }
  83:Core/Src/usart.c ****   /* USER CODE BEGIN USART3_Init 2 */
  84:Core/Src/usart.c **** 
  85:Core/Src/usart.c ****   /* USER CODE END USART3_Init 2 */
  86:Core/Src/usart.c **** 
  87:Core/Src/usart.c **** }
 143              		.loc 1 87 1 view .LVU43
ARM GAS  C:\Users\Vento\AppData\Local\Temp\cc8ZRFAk.s 			page 5


 144 0024 08BD     		pop	{r3, pc}
 145              	.L10:
  81:Core/Src/usart.c ****   }
 146              		.loc 1 81 5 is_stmt 1 view .LVU44
 147 0026 FFF7FEFF 		bl	Error_Handler
 148              	.LVL3:
 149              		.loc 1 87 1 is_stmt 0 view .LVU45
 150 002a FBE7     		b	.L7
 151              	.L12:
 152              		.align	2
 153              	.L11:
 154 002c 00000000 		.word	.LANCHOR1
 155 0030 00480040 		.word	1073760256
 156              		.cfi_endproc
 157              	.LFE66:
 159              		.section	.text.HAL_UART_MspInit,"ax",%progbits
 160              		.align	1
 161              		.global	HAL_UART_MspInit
 162              		.syntax unified
 163              		.thumb
 164              		.thumb_func
 165              		.fpu softvfp
 167              	HAL_UART_MspInit:
 168              	.LVL4:
 169              	.LFB67:
  88:Core/Src/usart.c **** 
  89:Core/Src/usart.c **** void HAL_UART_MspInit(UART_HandleTypeDef* uartHandle)
  90:Core/Src/usart.c **** {
 170              		.loc 1 90 1 is_stmt 1 view -0
 171              		.cfi_startproc
 172              		@ args = 0, pretend = 0, frame = 32
 173              		@ frame_needed = 0, uses_anonymous_args = 0
 174              		.loc 1 90 1 is_stmt 0 view .LVU47
 175 0000 30B5     		push	{r4, r5, lr}
 176              	.LCFI2:
 177              		.cfi_def_cfa_offset 12
 178              		.cfi_offset 4, -12
 179              		.cfi_offset 5, -8
 180              		.cfi_offset 14, -4
 181 0002 89B0     		sub	sp, sp, #36
 182              	.LCFI3:
 183              		.cfi_def_cfa_offset 48
  91:Core/Src/usart.c **** 
  92:Core/Src/usart.c ****   GPIO_InitTypeDef GPIO_InitStruct = {0};
 184              		.loc 1 92 3 is_stmt 1 view .LVU48
 185              		.loc 1 92 20 is_stmt 0 view .LVU49
 186 0004 0023     		movs	r3, #0
 187 0006 0493     		str	r3, [sp, #16]
 188 0008 0593     		str	r3, [sp, #20]
 189 000a 0693     		str	r3, [sp, #24]
 190 000c 0793     		str	r3, [sp, #28]
  93:Core/Src/usart.c ****   if(uartHandle->Instance==USART1)
 191              		.loc 1 93 3 is_stmt 1 view .LVU50
 192              		.loc 1 93 16 is_stmt 0 view .LVU51
 193 000e 0368     		ldr	r3, [r0]
 194              		.loc 1 93 5 view .LVU52
 195 0010 314A     		ldr	r2, .L19
ARM GAS  C:\Users\Vento\AppData\Local\Temp\cc8ZRFAk.s 			page 6


 196 0012 9342     		cmp	r3, r2
 197 0014 04D0     		beq	.L17
  94:Core/Src/usart.c ****   {
  95:Core/Src/usart.c ****   /* USER CODE BEGIN USART1_MspInit 0 */
  96:Core/Src/usart.c **** 
  97:Core/Src/usart.c ****   /* USER CODE END USART1_MspInit 0 */
  98:Core/Src/usart.c ****     /* USART1 clock enable */
  99:Core/Src/usart.c ****     __HAL_RCC_USART1_CLK_ENABLE();
 100:Core/Src/usart.c **** 
 101:Core/Src/usart.c ****     __HAL_RCC_GPIOA_CLK_ENABLE();
 102:Core/Src/usart.c ****     /**USART1 GPIO Configuration
 103:Core/Src/usart.c ****     PA9     ------> USART1_TX
 104:Core/Src/usart.c ****     PA10     ------> USART1_RX
 105:Core/Src/usart.c ****     */
 106:Core/Src/usart.c ****     GPIO_InitStruct.Pin = GPIO_PIN_9;
 107:Core/Src/usart.c ****     GPIO_InitStruct.Mode = GPIO_MODE_AF_PP;
 108:Core/Src/usart.c ****     GPIO_InitStruct.Speed = GPIO_SPEED_FREQ_HIGH;
 109:Core/Src/usart.c ****     HAL_GPIO_Init(GPIOA, &GPIO_InitStruct);
 110:Core/Src/usart.c **** 
 111:Core/Src/usart.c ****     GPIO_InitStruct.Pin = GPIO_PIN_10;
 112:Core/Src/usart.c ****     GPIO_InitStruct.Mode = GPIO_MODE_INPUT;
 113:Core/Src/usart.c ****     GPIO_InitStruct.Pull = GPIO_NOPULL;
 114:Core/Src/usart.c ****     HAL_GPIO_Init(GPIOA, &GPIO_InitStruct);
 115:Core/Src/usart.c **** 
 116:Core/Src/usart.c ****     /* USART1 interrupt Init */
 117:Core/Src/usart.c ****     HAL_NVIC_SetPriority(USART1_IRQn, 5, 0);
 118:Core/Src/usart.c ****     HAL_NVIC_EnableIRQ(USART1_IRQn);
 119:Core/Src/usart.c ****   /* USER CODE BEGIN USART1_MspInit 1 */
 120:Core/Src/usart.c **** 
 121:Core/Src/usart.c ****   /* USER CODE END USART1_MspInit 1 */
 122:Core/Src/usart.c ****   }
 123:Core/Src/usart.c ****   else if(uartHandle->Instance==USART3)
 198              		.loc 1 123 8 is_stmt 1 view .LVU53
 199              		.loc 1 123 10 is_stmt 0 view .LVU54
 200 0016 314A     		ldr	r2, .L19+4
 201 0018 9342     		cmp	r3, r2
 202 001a 33D0     		beq	.L18
 203              	.LVL5:
 204              	.L13:
 124:Core/Src/usart.c ****   {
 125:Core/Src/usart.c ****   /* USER CODE BEGIN USART3_MspInit 0 */
 126:Core/Src/usart.c **** 
 127:Core/Src/usart.c ****   /* USER CODE END USART3_MspInit 0 */
 128:Core/Src/usart.c ****     /* USART3 clock enable */
 129:Core/Src/usart.c ****     __HAL_RCC_USART3_CLK_ENABLE();
 130:Core/Src/usart.c **** 
 131:Core/Src/usart.c ****     __HAL_RCC_GPIOB_CLK_ENABLE();
 132:Core/Src/usart.c ****     /**USART3 GPIO Configuration
 133:Core/Src/usart.c ****     PB10     ------> USART3_TX
 134:Core/Src/usart.c ****     PB11     ------> USART3_RX
 135:Core/Src/usart.c ****     */
 136:Core/Src/usart.c ****     GPIO_InitStruct.Pin = GPIO_PIN_10;
 137:Core/Src/usart.c ****     GPIO_InitStruct.Mode = GPIO_MODE_AF_PP;
 138:Core/Src/usart.c ****     GPIO_InitStruct.Speed = GPIO_SPEED_FREQ_HIGH;
 139:Core/Src/usart.c ****     HAL_GPIO_Init(GPIOB, &GPIO_InitStruct);
 140:Core/Src/usart.c **** 
 141:Core/Src/usart.c ****     GPIO_InitStruct.Pin = GPIO_PIN_11;
ARM GAS  C:\Users\Vento\AppData\Local\Temp\cc8ZRFAk.s 			page 7


 142:Core/Src/usart.c ****     GPIO_InitStruct.Mode = GPIO_MODE_INPUT;
 143:Core/Src/usart.c ****     GPIO_InitStruct.Pull = GPIO_NOPULL;
 144:Core/Src/usart.c ****     HAL_GPIO_Init(GPIOB, &GPIO_InitStruct);
 145:Core/Src/usart.c **** 
 146:Core/Src/usart.c ****   /* USER CODE BEGIN USART3_MspInit 1 */
 147:Core/Src/usart.c **** 
 148:Core/Src/usart.c ****   /* USER CODE END USART3_MspInit 1 */
 149:Core/Src/usart.c ****   }
 150:Core/Src/usart.c **** }
 205              		.loc 1 150 1 view .LVU55
 206 001c 09B0     		add	sp, sp, #36
 207              	.LCFI4:
 208              		.cfi_remember_state
 209              		.cfi_def_cfa_offset 12
 210              		@ sp needed
 211 001e 30BD     		pop	{r4, r5, pc}
 212              	.LVL6:
 213              	.L17:
 214              	.LCFI5:
 215              		.cfi_restore_state
  99:Core/Src/usart.c **** 
 216              		.loc 1 99 5 is_stmt 1 view .LVU56
 217              	.LBB2:
  99:Core/Src/usart.c **** 
 218              		.loc 1 99 5 view .LVU57
  99:Core/Src/usart.c **** 
 219              		.loc 1 99 5 view .LVU58
 220 0020 2F4B     		ldr	r3, .L19+8
 221 0022 9A69     		ldr	r2, [r3, #24]
 222 0024 42F48042 		orr	r2, r2, #16384
 223 0028 9A61     		str	r2, [r3, #24]
  99:Core/Src/usart.c **** 
 224              		.loc 1 99 5 view .LVU59
 225 002a 9A69     		ldr	r2, [r3, #24]
 226 002c 02F48042 		and	r2, r2, #16384
 227 0030 0092     		str	r2, [sp]
  99:Core/Src/usart.c **** 
 228              		.loc 1 99 5 view .LVU60
 229 0032 009A     		ldr	r2, [sp]
 230              	.LBE2:
  99:Core/Src/usart.c **** 
 231              		.loc 1 99 5 view .LVU61
 101:Core/Src/usart.c ****     /**USART1 GPIO Configuration
 232              		.loc 1 101 5 view .LVU62
 233              	.LBB3:
 101:Core/Src/usart.c ****     /**USART1 GPIO Configuration
 234              		.loc 1 101 5 view .LVU63
 101:Core/Src/usart.c ****     /**USART1 GPIO Configuration
 235              		.loc 1 101 5 view .LVU64
 236 0034 9A69     		ldr	r2, [r3, #24]
 237 0036 42F00402 		orr	r2, r2, #4
 238 003a 9A61     		str	r2, [r3, #24]
 101:Core/Src/usart.c ****     /**USART1 GPIO Configuration
 239              		.loc 1 101 5 view .LVU65
 240 003c 9B69     		ldr	r3, [r3, #24]
 241 003e 03F00403 		and	r3, r3, #4
 242 0042 0193     		str	r3, [sp, #4]
ARM GAS  C:\Users\Vento\AppData\Local\Temp\cc8ZRFAk.s 			page 8


 101:Core/Src/usart.c ****     /**USART1 GPIO Configuration
 243              		.loc 1 101 5 view .LVU66
 244 0044 019B     		ldr	r3, [sp, #4]
 245              	.LBE3:
 101:Core/Src/usart.c ****     /**USART1 GPIO Configuration
 246              		.loc 1 101 5 view .LVU67
 106:Core/Src/usart.c ****     GPIO_InitStruct.Mode = GPIO_MODE_AF_PP;
 247              		.loc 1 106 5 view .LVU68
 106:Core/Src/usart.c ****     GPIO_InitStruct.Mode = GPIO_MODE_AF_PP;
 248              		.loc 1 106 25 is_stmt 0 view .LVU69
 249 0046 4FF40073 		mov	r3, #512
 250 004a 0493     		str	r3, [sp, #16]
 107:Core/Src/usart.c ****     GPIO_InitStruct.Speed = GPIO_SPEED_FREQ_HIGH;
 251              		.loc 1 107 5 is_stmt 1 view .LVU70
 107:Core/Src/usart.c ****     GPIO_InitStruct.Speed = GPIO_SPEED_FREQ_HIGH;
 252              		.loc 1 107 26 is_stmt 0 view .LVU71
 253 004c 0223     		movs	r3, #2
 254 004e 0593     		str	r3, [sp, #20]
 108:Core/Src/usart.c ****     HAL_GPIO_Init(GPIOA, &GPIO_InitStruct);
 255              		.loc 1 108 5 is_stmt 1 view .LVU72
 108:Core/Src/usart.c ****     HAL_GPIO_Init(GPIOA, &GPIO_InitStruct);
 256              		.loc 1 108 27 is_stmt 0 view .LVU73
 257 0050 0323     		movs	r3, #3
 258 0052 0793     		str	r3, [sp, #28]
 109:Core/Src/usart.c **** 
 259              		.loc 1 109 5 is_stmt 1 view .LVU74
 260 0054 234D     		ldr	r5, .L19+12
 261 0056 04A9     		add	r1, sp, #16
 262 0058 2846     		mov	r0, r5
 263              	.LVL7:
 109:Core/Src/usart.c **** 
 264              		.loc 1 109 5 is_stmt 0 view .LVU75
 265 005a FFF7FEFF 		bl	HAL_GPIO_Init
 266              	.LVL8:
 111:Core/Src/usart.c ****     GPIO_InitStruct.Mode = GPIO_MODE_INPUT;
 267              		.loc 1 111 5 is_stmt 1 view .LVU76
 111:Core/Src/usart.c ****     GPIO_InitStruct.Mode = GPIO_MODE_INPUT;
 268              		.loc 1 111 25 is_stmt 0 view .LVU77
 269 005e 4FF48063 		mov	r3, #1024
 270 0062 0493     		str	r3, [sp, #16]
 112:Core/Src/usart.c ****     GPIO_InitStruct.Pull = GPIO_NOPULL;
 271              		.loc 1 112 5 is_stmt 1 view .LVU78
 112:Core/Src/usart.c ****     GPIO_InitStruct.Pull = GPIO_NOPULL;
 272              		.loc 1 112 26 is_stmt 0 view .LVU79
 273 0064 0024     		movs	r4, #0
 274 0066 0594     		str	r4, [sp, #20]
 113:Core/Src/usart.c ****     HAL_GPIO_Init(GPIOA, &GPIO_InitStruct);
 275              		.loc 1 113 5 is_stmt 1 view .LVU80
 113:Core/Src/usart.c ****     HAL_GPIO_Init(GPIOA, &GPIO_InitStruct);
 276              		.loc 1 113 26 is_stmt 0 view .LVU81
 277 0068 0694     		str	r4, [sp, #24]
 114:Core/Src/usart.c **** 
 278              		.loc 1 114 5 is_stmt 1 view .LVU82
 279 006a 04A9     		add	r1, sp, #16
 280 006c 2846     		mov	r0, r5
 281 006e FFF7FEFF 		bl	HAL_GPIO_Init
 282              	.LVL9:
ARM GAS  C:\Users\Vento\AppData\Local\Temp\cc8ZRFAk.s 			page 9


 117:Core/Src/usart.c ****     HAL_NVIC_EnableIRQ(USART1_IRQn);
 283              		.loc 1 117 5 view .LVU83
 284 0072 2246     		mov	r2, r4
 285 0074 0521     		movs	r1, #5
 286 0076 2520     		movs	r0, #37
 287 0078 FFF7FEFF 		bl	HAL_NVIC_SetPriority
 288              	.LVL10:
 118:Core/Src/usart.c ****   /* USER CODE BEGIN USART1_MspInit 1 */
 289              		.loc 1 118 5 view .LVU84
 290 007c 2520     		movs	r0, #37
 291 007e FFF7FEFF 		bl	HAL_NVIC_EnableIRQ
 292              	.LVL11:
 293 0082 CBE7     		b	.L13
 294              	.LVL12:
 295              	.L18:
 129:Core/Src/usart.c **** 
 296              		.loc 1 129 5 view .LVU85
 297              	.LBB4:
 129:Core/Src/usart.c **** 
 298              		.loc 1 129 5 view .LVU86
 129:Core/Src/usart.c **** 
 299              		.loc 1 129 5 view .LVU87
 300 0084 164B     		ldr	r3, .L19+8
 301 0086 DA69     		ldr	r2, [r3, #28]
 302 0088 42F48022 		orr	r2, r2, #262144
 303 008c DA61     		str	r2, [r3, #28]
 129:Core/Src/usart.c **** 
 304              		.loc 1 129 5 view .LVU88
 305 008e DA69     		ldr	r2, [r3, #28]
 306 0090 02F48022 		and	r2, r2, #262144
 307 0094 0292     		str	r2, [sp, #8]
 129:Core/Src/usart.c **** 
 308              		.loc 1 129 5 view .LVU89
 309 0096 029A     		ldr	r2, [sp, #8]
 310              	.LBE4:
 129:Core/Src/usart.c **** 
 311              		.loc 1 129 5 view .LVU90
 131:Core/Src/usart.c ****     /**USART3 GPIO Configuration
 312              		.loc 1 131 5 view .LVU91
 313              	.LBB5:
 131:Core/Src/usart.c ****     /**USART3 GPIO Configuration
 314              		.loc 1 131 5 view .LVU92
 131:Core/Src/usart.c ****     /**USART3 GPIO Configuration
 315              		.loc 1 131 5 view .LVU93
 316 0098 9A69     		ldr	r2, [r3, #24]
 317 009a 42F00802 		orr	r2, r2, #8
 318 009e 9A61     		str	r2, [r3, #24]
 131:Core/Src/usart.c ****     /**USART3 GPIO Configuration
 319              		.loc 1 131 5 view .LVU94
 320 00a0 9B69     		ldr	r3, [r3, #24]
 321 00a2 03F00803 		and	r3, r3, #8
 322 00a6 0393     		str	r3, [sp, #12]
 131:Core/Src/usart.c ****     /**USART3 GPIO Configuration
 323              		.loc 1 131 5 view .LVU95
 324 00a8 039B     		ldr	r3, [sp, #12]
 325              	.LBE5:
 131:Core/Src/usart.c ****     /**USART3 GPIO Configuration
ARM GAS  C:\Users\Vento\AppData\Local\Temp\cc8ZRFAk.s 			page 10


 326              		.loc 1 131 5 view .LVU96
 136:Core/Src/usart.c ****     GPIO_InitStruct.Mode = GPIO_MODE_AF_PP;
 327              		.loc 1 136 5 view .LVU97
 136:Core/Src/usart.c ****     GPIO_InitStruct.Mode = GPIO_MODE_AF_PP;
 328              		.loc 1 136 25 is_stmt 0 view .LVU98
 329 00aa 4FF48063 		mov	r3, #1024
 330 00ae 0493     		str	r3, [sp, #16]
 137:Core/Src/usart.c ****     GPIO_InitStruct.Speed = GPIO_SPEED_FREQ_HIGH;
 331              		.loc 1 137 5 is_stmt 1 view .LVU99
 137:Core/Src/usart.c ****     GPIO_InitStruct.Speed = GPIO_SPEED_FREQ_HIGH;
 332              		.loc 1 137 26 is_stmt 0 view .LVU100
 333 00b0 0223     		movs	r3, #2
 334 00b2 0593     		str	r3, [sp, #20]
 138:Core/Src/usart.c ****     HAL_GPIO_Init(GPIOB, &GPIO_InitStruct);
 335              		.loc 1 138 5 is_stmt 1 view .LVU101
 138:Core/Src/usart.c ****     HAL_GPIO_Init(GPIOB, &GPIO_InitStruct);
 336              		.loc 1 138 27 is_stmt 0 view .LVU102
 337 00b4 0323     		movs	r3, #3
 338 00b6 0793     		str	r3, [sp, #28]
 139:Core/Src/usart.c **** 
 339              		.loc 1 139 5 is_stmt 1 view .LVU103
 340 00b8 0B4C     		ldr	r4, .L19+16
 341 00ba 04A9     		add	r1, sp, #16
 342 00bc 2046     		mov	r0, r4
 343              	.LVL13:
 139:Core/Src/usart.c **** 
 344              		.loc 1 139 5 is_stmt 0 view .LVU104
 345 00be FFF7FEFF 		bl	HAL_GPIO_Init
 346              	.LVL14:
 141:Core/Src/usart.c ****     GPIO_InitStruct.Mode = GPIO_MODE_INPUT;
 347              		.loc 1 141 5 is_stmt 1 view .LVU105
 141:Core/Src/usart.c ****     GPIO_InitStruct.Mode = GPIO_MODE_INPUT;
 348              		.loc 1 141 25 is_stmt 0 view .LVU106
 349 00c2 4FF40063 		mov	r3, #2048
 350 00c6 0493     		str	r3, [sp, #16]
 142:Core/Src/usart.c ****     GPIO_InitStruct.Pull = GPIO_NOPULL;
 351              		.loc 1 142 5 is_stmt 1 view .LVU107
 142:Core/Src/usart.c ****     GPIO_InitStruct.Pull = GPIO_NOPULL;
 352              		.loc 1 142 26 is_stmt 0 view .LVU108
 353 00c8 0023     		movs	r3, #0
 354 00ca 0593     		str	r3, [sp, #20]
 143:Core/Src/usart.c ****     HAL_GPIO_Init(GPIOB, &GPIO_InitStruct);
 355              		.loc 1 143 5 is_stmt 1 view .LVU109
 143:Core/Src/usart.c ****     HAL_GPIO_Init(GPIOB, &GPIO_InitStruct);
 356              		.loc 1 143 26 is_stmt 0 view .LVU110
 357 00cc 0693     		str	r3, [sp, #24]
 144:Core/Src/usart.c **** 
 358              		.loc 1 144 5 is_stmt 1 view .LVU111
 359 00ce 04A9     		add	r1, sp, #16
 360 00d0 2046     		mov	r0, r4
 361 00d2 FFF7FEFF 		bl	HAL_GPIO_Init
 362              	.LVL15:
 363              		.loc 1 150 1 is_stmt 0 view .LVU112
 364 00d6 A1E7     		b	.L13
 365              	.L20:
 366              		.align	2
 367              	.L19:
ARM GAS  C:\Users\Vento\AppData\Local\Temp\cc8ZRFAk.s 			page 11


 368 00d8 00380140 		.word	1073821696
 369 00dc 00480040 		.word	1073760256
 370 00e0 00100240 		.word	1073876992
 371 00e4 00080140 		.word	1073809408
 372 00e8 000C0140 		.word	1073810432
 373              		.cfi_endproc
 374              	.LFE67:
 376              		.section	.text.HAL_UART_MspDeInit,"ax",%progbits
 377              		.align	1
 378              		.global	HAL_UART_MspDeInit
 379              		.syntax unified
 380              		.thumb
 381              		.thumb_func
 382              		.fpu softvfp
 384              	HAL_UART_MspDeInit:
 385              	.LVL16:
 386              	.LFB68:
 151:Core/Src/usart.c **** 
 152:Core/Src/usart.c **** void HAL_UART_MspDeInit(UART_HandleTypeDef* uartHandle)
 153:Core/Src/usart.c **** {
 387              		.loc 1 153 1 is_stmt 1 view -0
 388              		.cfi_startproc
 389              		@ args = 0, pretend = 0, frame = 0
 390              		@ frame_needed = 0, uses_anonymous_args = 0
 391              		.loc 1 153 1 is_stmt 0 view .LVU114
 392 0000 08B5     		push	{r3, lr}
 393              	.LCFI6:
 394              		.cfi_def_cfa_offset 8
 395              		.cfi_offset 3, -8
 396              		.cfi_offset 14, -4
 154:Core/Src/usart.c **** 
 155:Core/Src/usart.c ****   if(uartHandle->Instance==USART1)
 397              		.loc 1 155 3 is_stmt 1 view .LVU115
 398              		.loc 1 155 16 is_stmt 0 view .LVU116
 399 0002 0368     		ldr	r3, [r0]
 400              		.loc 1 155 5 view .LVU117
 401 0004 104A     		ldr	r2, .L27
 402 0006 9342     		cmp	r3, r2
 403 0008 03D0     		beq	.L25
 156:Core/Src/usart.c ****   {
 157:Core/Src/usart.c ****   /* USER CODE BEGIN USART1_MspDeInit 0 */
 158:Core/Src/usart.c **** 
 159:Core/Src/usart.c ****   /* USER CODE END USART1_MspDeInit 0 */
 160:Core/Src/usart.c ****     /* Peripheral clock disable */
 161:Core/Src/usart.c ****     __HAL_RCC_USART1_CLK_DISABLE();
 162:Core/Src/usart.c **** 
 163:Core/Src/usart.c ****     /**USART1 GPIO Configuration
 164:Core/Src/usart.c ****     PA9     ------> USART1_TX
 165:Core/Src/usart.c ****     PA10     ------> USART1_RX
 166:Core/Src/usart.c ****     */
 167:Core/Src/usart.c ****     HAL_GPIO_DeInit(GPIOA, GPIO_PIN_9|GPIO_PIN_10);
 168:Core/Src/usart.c **** 
 169:Core/Src/usart.c ****     /* USART1 interrupt Deinit */
 170:Core/Src/usart.c ****     HAL_NVIC_DisableIRQ(USART1_IRQn);
 171:Core/Src/usart.c ****   /* USER CODE BEGIN USART1_MspDeInit 1 */
 172:Core/Src/usart.c **** 
 173:Core/Src/usart.c ****   /* USER CODE END USART1_MspDeInit 1 */
ARM GAS  C:\Users\Vento\AppData\Local\Temp\cc8ZRFAk.s 			page 12


 174:Core/Src/usart.c ****   }
 175:Core/Src/usart.c ****   else if(uartHandle->Instance==USART3)
 404              		.loc 1 175 8 is_stmt 1 view .LVU118
 405              		.loc 1 175 10 is_stmt 0 view .LVU119
 406 000a 104A     		ldr	r2, .L27+4
 407 000c 9342     		cmp	r3, r2
 408 000e 0FD0     		beq	.L26
 409              	.LVL17:
 410              	.L21:
 176:Core/Src/usart.c ****   {
 177:Core/Src/usart.c ****   /* USER CODE BEGIN USART3_MspDeInit 0 */
 178:Core/Src/usart.c **** 
 179:Core/Src/usart.c ****   /* USER CODE END USART3_MspDeInit 0 */
 180:Core/Src/usart.c ****     /* Peripheral clock disable */
 181:Core/Src/usart.c ****     __HAL_RCC_USART3_CLK_DISABLE();
 182:Core/Src/usart.c **** 
 183:Core/Src/usart.c ****     /**USART3 GPIO Configuration
 184:Core/Src/usart.c ****     PB10     ------> USART3_TX
 185:Core/Src/usart.c ****     PB11     ------> USART3_RX
 186:Core/Src/usart.c ****     */
 187:Core/Src/usart.c ****     HAL_GPIO_DeInit(GPIOB, GPIO_PIN_10|GPIO_PIN_11);
 188:Core/Src/usart.c **** 
 189:Core/Src/usart.c ****   /* USER CODE BEGIN USART3_MspDeInit 1 */
 190:Core/Src/usart.c **** 
 191:Core/Src/usart.c ****   /* USER CODE END USART3_MspDeInit 1 */
 192:Core/Src/usart.c ****   }
 193:Core/Src/usart.c **** }
 411              		.loc 1 193 1 view .LVU120
 412 0010 08BD     		pop	{r3, pc}
 413              	.LVL18:
 414              	.L25:
 161:Core/Src/usart.c **** 
 415              		.loc 1 161 5 is_stmt 1 view .LVU121
 416 0012 02F55842 		add	r2, r2, #55296
 417 0016 9369     		ldr	r3, [r2, #24]
 418 0018 23F48043 		bic	r3, r3, #16384
 419 001c 9361     		str	r3, [r2, #24]
 167:Core/Src/usart.c **** 
 420              		.loc 1 167 5 view .LVU122
 421 001e 4FF4C061 		mov	r1, #1536
 422 0022 0B48     		ldr	r0, .L27+8
 423              	.LVL19:
 167:Core/Src/usart.c **** 
 424              		.loc 1 167 5 is_stmt 0 view .LVU123
 425 0024 FFF7FEFF 		bl	HAL_GPIO_DeInit
 426              	.LVL20:
 170:Core/Src/usart.c ****   /* USER CODE BEGIN USART1_MspDeInit 1 */
 427              		.loc 1 170 5 is_stmt 1 view .LVU124
 428 0028 2520     		movs	r0, #37
 429 002a FFF7FEFF 		bl	HAL_NVIC_DisableIRQ
 430              	.LVL21:
 431 002e EFE7     		b	.L21
 432              	.LVL22:
 433              	.L26:
 181:Core/Src/usart.c **** 
 434              		.loc 1 181 5 view .LVU125
 435 0030 02F5E432 		add	r2, r2, #116736
ARM GAS  C:\Users\Vento\AppData\Local\Temp\cc8ZRFAk.s 			page 13


 436 0034 D369     		ldr	r3, [r2, #28]
 437 0036 23F48023 		bic	r3, r3, #262144
 438 003a D361     		str	r3, [r2, #28]
 187:Core/Src/usart.c **** 
 439              		.loc 1 187 5 view .LVU126
 440 003c 4FF44061 		mov	r1, #3072
 441 0040 0448     		ldr	r0, .L27+12
 442              	.LVL23:
 187:Core/Src/usart.c **** 
 443              		.loc 1 187 5 is_stmt 0 view .LVU127
 444 0042 FFF7FEFF 		bl	HAL_GPIO_DeInit
 445              	.LVL24:
 446              		.loc 1 193 1 view .LVU128
 447 0046 E3E7     		b	.L21
 448              	.L28:
 449              		.align	2
 450              	.L27:
 451 0048 00380140 		.word	1073821696
 452 004c 00480040 		.word	1073760256
 453 0050 00080140 		.word	1073809408
 454 0054 000C0140 		.word	1073810432
 455              		.cfi_endproc
 456              	.LFE68:
 458              		.global	huart3
 459              		.global	huart1
 460              		.section	.bss.huart1,"aw",%nobits
 461              		.align	2
 462              		.set	.LANCHOR0,. + 0
 465              	huart1:
 466 0000 00000000 		.space	68
 466      00000000 
 466      00000000 
 466      00000000 
 466      00000000 
 467              		.section	.bss.huart3,"aw",%nobits
 468              		.align	2
 469              		.set	.LANCHOR1,. + 0
 472              	huart3:
 473 0000 00000000 		.space	68
 473      00000000 
 473      00000000 
 473      00000000 
 473      00000000 
 474              		.text
 475              	.Letext0:
 476              		.file 2 "d:\\tools\\gcc-arm-none-eabi-10.3-2021.07\\arm-none-eabi\\include\\machine\\_default_type
 477              		.file 3 "d:\\tools\\gcc-arm-none-eabi-10.3-2021.07\\arm-none-eabi\\include\\sys\\_stdint.h"
 478              		.file 4 "Drivers/CMSIS/Device/ST/STM32F1xx/Include/stm32f103xb.h"
 479              		.file 5 "Drivers/STM32F1xx_HAL_Driver/Inc/stm32f1xx_hal_def.h"
 480              		.file 6 "Drivers/STM32F1xx_HAL_Driver/Inc/stm32f1xx_hal_gpio.h"
 481              		.file 7 "Drivers/STM32F1xx_HAL_Driver/Inc/stm32f1xx_hal_dma.h"
 482              		.file 8 "Drivers/STM32F1xx_HAL_Driver/Inc/stm32f1xx_hal_uart.h"
 483              		.file 9 "Core/Inc/usart.h"
 484              		.file 10 "Drivers/STM32F1xx_HAL_Driver/Inc/stm32f1xx_hal_cortex.h"
 485              		.file 11 "Core/Inc/main.h"
ARM GAS  C:\Users\Vento\AppData\Local\Temp\cc8ZRFAk.s 			page 14


DEFINED SYMBOLS
                            *ABS*:00000000 usart.c
C:\Users\Vento\AppData\Local\Temp\cc8ZRFAk.s:16     .text.MX_USART1_UART_Init:00000000 $t
C:\Users\Vento\AppData\Local\Temp\cc8ZRFAk.s:24     .text.MX_USART1_UART_Init:00000000 MX_USART1_UART_Init
C:\Users\Vento\AppData\Local\Temp\cc8ZRFAk.s:83     .text.MX_USART1_UART_Init:0000002c $d
C:\Users\Vento\AppData\Local\Temp\cc8ZRFAk.s:89     .text.MX_USART3_UART_Init:00000000 $t
C:\Users\Vento\AppData\Local\Temp\cc8ZRFAk.s:96     .text.MX_USART3_UART_Init:00000000 MX_USART3_UART_Init
C:\Users\Vento\AppData\Local\Temp\cc8ZRFAk.s:154    .text.MX_USART3_UART_Init:0000002c $d
C:\Users\Vento\AppData\Local\Temp\cc8ZRFAk.s:160    .text.HAL_UART_MspInit:00000000 $t
C:\Users\Vento\AppData\Local\Temp\cc8ZRFAk.s:167    .text.HAL_UART_MspInit:00000000 HAL_UART_MspInit
C:\Users\Vento\AppData\Local\Temp\cc8ZRFAk.s:368    .text.HAL_UART_MspInit:000000d8 $d
C:\Users\Vento\AppData\Local\Temp\cc8ZRFAk.s:377    .text.HAL_UART_MspDeInit:00000000 $t
C:\Users\Vento\AppData\Local\Temp\cc8ZRFAk.s:384    .text.HAL_UART_MspDeInit:00000000 HAL_UART_MspDeInit
C:\Users\Vento\AppData\Local\Temp\cc8ZRFAk.s:451    .text.HAL_UART_MspDeInit:00000048 $d
C:\Users\Vento\AppData\Local\Temp\cc8ZRFAk.s:472    .bss.huart3:00000000 huart3
C:\Users\Vento\AppData\Local\Temp\cc8ZRFAk.s:465    .bss.huart1:00000000 huart1
C:\Users\Vento\AppData\Local\Temp\cc8ZRFAk.s:461    .bss.huart1:00000000 $d
C:\Users\Vento\AppData\Local\Temp\cc8ZRFAk.s:468    .bss.huart3:00000000 $d

UNDEFINED SYMBOLS
HAL_UART_Init
Error_Handler
HAL_GPIO_Init
HAL_NVIC_SetPriority
HAL_NVIC_EnableIRQ
HAL_GPIO_DeInit
HAL_NVIC_DisableIRQ
