ARM GAS  C:\Users\Vento\AppData\Local\Temp\ccRj0Yf2.s 			page 1


   1              		.cpu cortex-m3
   2              		.eabi_attribute 20, 1
   3              		.eabi_attribute 21, 1
   4              		.eabi_attribute 23, 3
   5              		.eabi_attribute 24, 1
   6              		.eabi_attribute 25, 1
   7              		.eabi_attribute 26, 1
   8              		.eabi_attribute 30, 1
   9              		.eabi_attribute 34, 1
  10              		.eabi_attribute 18, 4
  11              		.file	"MQTTPacket.c"
  12              		.text
  13              	.Ltext0:
  14              		.cfi_sections	.debug_frame
  15              		.section	.text.bufchar,"ax",%progbits
  16              		.align	1
  17              		.global	bufchar
  18              		.arch armv7-m
  19              		.syntax unified
  20              		.thumb
  21              		.thumb_func
  22              		.fpu softvfp
  24              	bufchar:
  25              	.LVL0:
  26              	.LFB6:
  27              		.file 1 "Core/Src/MQTTPacket.c"
   1:Core/Src/MQTTPacket.c **** /*******************************************************************************
   2:Core/Src/MQTTPacket.c ****  * Copyright (c) 2014 IBM Corp.
   3:Core/Src/MQTTPacket.c ****  *
   4:Core/Src/MQTTPacket.c ****  * All rights reserved. This program and the accompanying materials
   5:Core/Src/MQTTPacket.c ****  * are made available under the terms of the Eclipse Public License v1.0
   6:Core/Src/MQTTPacket.c ****  * and Eclipse Distribution License v1.0 which accompany this distribution.
   7:Core/Src/MQTTPacket.c ****  *
   8:Core/Src/MQTTPacket.c ****  * The Eclipse Public License is available at
   9:Core/Src/MQTTPacket.c ****  *    http://www.eclipse.org/legal/epl-v10.html
  10:Core/Src/MQTTPacket.c ****  * and the Eclipse Distribution License is available at
  11:Core/Src/MQTTPacket.c ****  *   http://www.eclipse.org/org/documents/edl-v10.php.
  12:Core/Src/MQTTPacket.c ****  *
  13:Core/Src/MQTTPacket.c ****  * Contributors:
  14:Core/Src/MQTTPacket.c ****  *    Ian Craggs - initial API and implementation and/or initial documentation
  15:Core/Src/MQTTPacket.c ****  *    Sergio R. Caprile - non-blocking packet read functions for stream transport
  16:Core/Src/MQTTPacket.c ****  *******************************************************************************/
  17:Core/Src/MQTTPacket.c **** 
  18:Core/Src/MQTTPacket.c **** #include "StackTrace.h"
  19:Core/Src/MQTTPacket.c **** #include "MQTTPacket.h"
  20:Core/Src/MQTTPacket.c **** 
  21:Core/Src/MQTTPacket.c **** #include <string.h>
  22:Core/Src/MQTTPacket.c **** 
  23:Core/Src/MQTTPacket.c **** /**
  24:Core/Src/MQTTPacket.c ****  * Encodes the message length according to the MQTT algorithm
  25:Core/Src/MQTTPacket.c ****  * @param buf the buffer into which the encoded data is written
  26:Core/Src/MQTTPacket.c ****  * @param length the length to be encoded
  27:Core/Src/MQTTPacket.c ****  * @return the number of bytes written to buffer
  28:Core/Src/MQTTPacket.c ****  */
  29:Core/Src/MQTTPacket.c **** int MQTTPacket_encode(unsigned char* buf, int length)
  30:Core/Src/MQTTPacket.c **** {
  31:Core/Src/MQTTPacket.c **** 	int rc = 0;
ARM GAS  C:\Users\Vento\AppData\Local\Temp\ccRj0Yf2.s 			page 2


  32:Core/Src/MQTTPacket.c **** 
  33:Core/Src/MQTTPacket.c **** 	FUNC_ENTRY;
  34:Core/Src/MQTTPacket.c **** 	do
  35:Core/Src/MQTTPacket.c **** 	{
  36:Core/Src/MQTTPacket.c **** 		char d = length % 128;
  37:Core/Src/MQTTPacket.c **** 		length /= 128;
  38:Core/Src/MQTTPacket.c **** 		/* if there are more digits to encode, set the top bit of this digit */
  39:Core/Src/MQTTPacket.c **** 		if (length > 0)
  40:Core/Src/MQTTPacket.c **** 			d |= 0x80;
  41:Core/Src/MQTTPacket.c **** 		buf[rc++] = d;
  42:Core/Src/MQTTPacket.c **** 	} while (length > 0);
  43:Core/Src/MQTTPacket.c **** 	FUNC_EXIT_RC(rc);
  44:Core/Src/MQTTPacket.c **** 	return rc;
  45:Core/Src/MQTTPacket.c **** }
  46:Core/Src/MQTTPacket.c **** 
  47:Core/Src/MQTTPacket.c **** 
  48:Core/Src/MQTTPacket.c **** /**
  49:Core/Src/MQTTPacket.c ****  * Decodes the message length according to the MQTT algorithm
  50:Core/Src/MQTTPacket.c ****  * @param getcharfn pointer to function to read the next character from the data source
  51:Core/Src/MQTTPacket.c ****  * @param value the decoded length returned
  52:Core/Src/MQTTPacket.c ****  * @return the number of bytes read from the socket
  53:Core/Src/MQTTPacket.c ****  */
  54:Core/Src/MQTTPacket.c **** int MQTTPacket_decode(int (*getcharfn)(unsigned char*, int), int* value)
  55:Core/Src/MQTTPacket.c **** {
  56:Core/Src/MQTTPacket.c **** 	unsigned char c;
  57:Core/Src/MQTTPacket.c **** 	int multiplier = 1;
  58:Core/Src/MQTTPacket.c **** 	int len = 0;
  59:Core/Src/MQTTPacket.c **** #define MAX_NO_OF_REMAINING_LENGTH_BYTES 4
  60:Core/Src/MQTTPacket.c **** 
  61:Core/Src/MQTTPacket.c **** 	FUNC_ENTRY;
  62:Core/Src/MQTTPacket.c **** 	*value = 0;
  63:Core/Src/MQTTPacket.c **** 	do
  64:Core/Src/MQTTPacket.c **** 	{
  65:Core/Src/MQTTPacket.c **** 		int rc = MQTTPACKET_READ_ERROR;
  66:Core/Src/MQTTPacket.c **** 
  67:Core/Src/MQTTPacket.c **** 		if (++len > MAX_NO_OF_REMAINING_LENGTH_BYTES)
  68:Core/Src/MQTTPacket.c **** 		{
  69:Core/Src/MQTTPacket.c **** 			rc = MQTTPACKET_READ_ERROR;	/* bad data */
  70:Core/Src/MQTTPacket.c **** 			goto exit;
  71:Core/Src/MQTTPacket.c **** 		}
  72:Core/Src/MQTTPacket.c **** 		rc = (*getcharfn)(&c, 1);
  73:Core/Src/MQTTPacket.c **** 		if (rc != 1)
  74:Core/Src/MQTTPacket.c **** 			goto exit;
  75:Core/Src/MQTTPacket.c **** 		*value += (c & 127) * multiplier;
  76:Core/Src/MQTTPacket.c **** 		multiplier *= 128;
  77:Core/Src/MQTTPacket.c **** 	} while ((c & 128) != 0);
  78:Core/Src/MQTTPacket.c **** exit:
  79:Core/Src/MQTTPacket.c **** 	FUNC_EXIT_RC(len);
  80:Core/Src/MQTTPacket.c **** 	return len;
  81:Core/Src/MQTTPacket.c **** }
  82:Core/Src/MQTTPacket.c **** 
  83:Core/Src/MQTTPacket.c **** 
  84:Core/Src/MQTTPacket.c **** int MQTTPacket_len(int rem_len)
  85:Core/Src/MQTTPacket.c **** {
  86:Core/Src/MQTTPacket.c **** 	rem_len += 1; /* header byte */
  87:Core/Src/MQTTPacket.c **** 
  88:Core/Src/MQTTPacket.c **** 	/* now remaining_length field */
ARM GAS  C:\Users\Vento\AppData\Local\Temp\ccRj0Yf2.s 			page 3


  89:Core/Src/MQTTPacket.c **** 	if (rem_len < 128)
  90:Core/Src/MQTTPacket.c **** 		rem_len += 1;
  91:Core/Src/MQTTPacket.c **** 	else if (rem_len < 16384)
  92:Core/Src/MQTTPacket.c **** 		rem_len += 2;
  93:Core/Src/MQTTPacket.c **** 	else if (rem_len < 2097151)
  94:Core/Src/MQTTPacket.c **** 		rem_len += 3;
  95:Core/Src/MQTTPacket.c **** 	else
  96:Core/Src/MQTTPacket.c **** 		rem_len += 4;
  97:Core/Src/MQTTPacket.c **** 	return rem_len;
  98:Core/Src/MQTTPacket.c **** }
  99:Core/Src/MQTTPacket.c **** 
 100:Core/Src/MQTTPacket.c **** 
 101:Core/Src/MQTTPacket.c **** static unsigned char* bufptr;
 102:Core/Src/MQTTPacket.c **** 
 103:Core/Src/MQTTPacket.c **** int bufchar(unsigned char* c, int count)
 104:Core/Src/MQTTPacket.c **** {
  28              		.loc 1 104 1 view -0
  29              		.cfi_startproc
  30              		@ args = 0, pretend = 0, frame = 0
  31              		@ frame_needed = 0, uses_anonymous_args = 0
  32              		@ link register save eliminated.
  33              		.loc 1 104 1 is_stmt 0 view .LVU1
  34 0000 8446     		mov	ip, r0
  35 0002 0846     		mov	r0, r1
  36              	.LVL1:
 105:Core/Src/MQTTPacket.c **** 	int i;
  37              		.loc 1 105 2 is_stmt 1 view .LVU2
 106:Core/Src/MQTTPacket.c **** 
 107:Core/Src/MQTTPacket.c **** 	for (i = 0; i < count; ++i)
  38              		.loc 1 107 2 view .LVU3
  39              		.loc 1 107 9 is_stmt 0 view .LVU4
  40 0004 0023     		movs	r3, #0
  41              	.LVL2:
  42              		.loc 1 107 14 is_stmt 1 view .LVU5
  43              		.loc 1 107 2 is_stmt 0 view .LVU6
  44 0006 8B42     		cmp	r3, r1
  45 0008 0CDA     		bge	.L8
 104:Core/Src/MQTTPacket.c **** 	int i;
  46              		.loc 1 104 1 view .LVU7
  47 000a 30B4     		push	{r4, r5}
  48              	.LCFI0:
  49              		.cfi_def_cfa_offset 8
  50              		.cfi_offset 4, -8
  51              		.cfi_offset 5, -4
  52              	.L3:
 108:Core/Src/MQTTPacket.c **** 		*c = *bufptr++;
  53              		.loc 1 108 3 is_stmt 1 discriminator 3 view .LVU8
  54              		.loc 1 108 15 is_stmt 0 discriminator 3 view .LVU9
  55 000c 064C     		ldr	r4, .L9
  56 000e 2268     		ldr	r2, [r4]
  57 0010 551C     		adds	r5, r2, #1
  58 0012 2560     		str	r5, [r4]
  59              		.loc 1 108 8 discriminator 3 view .LVU10
  60 0014 1278     		ldrb	r2, [r2]	@ zero_extendqisi2
  61              		.loc 1 108 6 discriminator 3 view .LVU11
  62 0016 8CF80020 		strb	r2, [ip]
 107:Core/Src/MQTTPacket.c **** 		*c = *bufptr++;
ARM GAS  C:\Users\Vento\AppData\Local\Temp\ccRj0Yf2.s 			page 4


  63              		.loc 1 107 25 is_stmt 1 discriminator 3 view .LVU12
  64 001a 0133     		adds	r3, r3, #1
  65              	.LVL3:
 107:Core/Src/MQTTPacket.c **** 		*c = *bufptr++;
  66              		.loc 1 107 14 discriminator 3 view .LVU13
 107:Core/Src/MQTTPacket.c **** 		*c = *bufptr++;
  67              		.loc 1 107 2 is_stmt 0 discriminator 3 view .LVU14
  68 001c 8342     		cmp	r3, r0
  69 001e F5DB     		blt	.L3
 109:Core/Src/MQTTPacket.c **** 	return count;
  70              		.loc 1 109 2 is_stmt 1 view .LVU15
 110:Core/Src/MQTTPacket.c **** }
  71              		.loc 1 110 1 is_stmt 0 view .LVU16
  72 0020 30BC     		pop	{r4, r5}
  73              	.LCFI1:
  74              		.cfi_restore 5
  75              		.cfi_restore 4
  76              		.cfi_def_cfa_offset 0
  77 0022 7047     		bx	lr
  78              	.LVL4:
  79              	.L8:
  80              		.loc 1 110 1 view .LVU17
  81 0024 7047     		bx	lr
  82              	.L10:
  83 0026 00BF     		.align	2
  84              	.L9:
  85 0028 00000000 		.word	.LANCHOR0
  86              		.cfi_endproc
  87              	.LFE6:
  89              		.section	.text.MQTTPacket_decodenb,"ax",%progbits
  90              		.align	1
  91              		.syntax unified
  92              		.thumb
  93              		.thumb_func
  94              		.fpu softvfp
  96              	MQTTPacket_decodenb:
  97              	.LVL5:
  98              	.LFB19:
 111:Core/Src/MQTTPacket.c **** 
 112:Core/Src/MQTTPacket.c **** 
 113:Core/Src/MQTTPacket.c **** int MQTTPacket_decodeBuf(unsigned char* buf, int* value)
 114:Core/Src/MQTTPacket.c **** {
 115:Core/Src/MQTTPacket.c **** 	bufptr = buf;
 116:Core/Src/MQTTPacket.c **** 	return MQTTPacket_decode(bufchar, value);
 117:Core/Src/MQTTPacket.c **** }
 118:Core/Src/MQTTPacket.c **** 
 119:Core/Src/MQTTPacket.c **** 
 120:Core/Src/MQTTPacket.c **** /**
 121:Core/Src/MQTTPacket.c ****  * Calculates an integer from two bytes read from the input buffer
 122:Core/Src/MQTTPacket.c ****  * @param pptr pointer to the input buffer - incremented by the number of bytes used & returned
 123:Core/Src/MQTTPacket.c ****  * @return the integer value calculated
 124:Core/Src/MQTTPacket.c ****  */
 125:Core/Src/MQTTPacket.c **** int readInt(unsigned char** pptr)
 126:Core/Src/MQTTPacket.c **** {
 127:Core/Src/MQTTPacket.c **** 	unsigned char* ptr = *pptr;
 128:Core/Src/MQTTPacket.c **** 	int len = 256*(*ptr) + (*(ptr+1));
 129:Core/Src/MQTTPacket.c **** 	*pptr += 2;
ARM GAS  C:\Users\Vento\AppData\Local\Temp\ccRj0Yf2.s 			page 5


 130:Core/Src/MQTTPacket.c **** 	return len;
 131:Core/Src/MQTTPacket.c **** }
 132:Core/Src/MQTTPacket.c **** 
 133:Core/Src/MQTTPacket.c **** 
 134:Core/Src/MQTTPacket.c **** /**
 135:Core/Src/MQTTPacket.c ****  * Reads one character from the input buffer.
 136:Core/Src/MQTTPacket.c ****  * @param pptr pointer to the input buffer - incremented by the number of bytes used & returned
 137:Core/Src/MQTTPacket.c ****  * @return the character read
 138:Core/Src/MQTTPacket.c ****  */
 139:Core/Src/MQTTPacket.c **** char readChar(unsigned char** pptr)
 140:Core/Src/MQTTPacket.c **** {
 141:Core/Src/MQTTPacket.c **** 	char c = **pptr;
 142:Core/Src/MQTTPacket.c **** 	(*pptr)++;
 143:Core/Src/MQTTPacket.c **** 	return c;
 144:Core/Src/MQTTPacket.c **** }
 145:Core/Src/MQTTPacket.c **** 
 146:Core/Src/MQTTPacket.c **** 
 147:Core/Src/MQTTPacket.c **** /**
 148:Core/Src/MQTTPacket.c ****  * Writes one character to an output buffer.
 149:Core/Src/MQTTPacket.c ****  * @param pptr pointer to the output buffer - incremented by the number of bytes used & returned
 150:Core/Src/MQTTPacket.c ****  * @param c the character to write
 151:Core/Src/MQTTPacket.c ****  */
 152:Core/Src/MQTTPacket.c **** void writeChar(unsigned char** pptr, char c)
 153:Core/Src/MQTTPacket.c **** {
 154:Core/Src/MQTTPacket.c **** 	**pptr = c;
 155:Core/Src/MQTTPacket.c **** 	(*pptr)++;
 156:Core/Src/MQTTPacket.c **** }
 157:Core/Src/MQTTPacket.c **** 
 158:Core/Src/MQTTPacket.c **** 
 159:Core/Src/MQTTPacket.c **** /**
 160:Core/Src/MQTTPacket.c ****  * Writes an integer as 2 bytes to an output buffer.
 161:Core/Src/MQTTPacket.c ****  * @param pptr pointer to the output buffer - incremented by the number of bytes used & returned
 162:Core/Src/MQTTPacket.c ****  * @param anInt the integer to write
 163:Core/Src/MQTTPacket.c ****  */
 164:Core/Src/MQTTPacket.c **** void writeInt(unsigned char** pptr, int anInt)
 165:Core/Src/MQTTPacket.c **** {
 166:Core/Src/MQTTPacket.c **** 	**pptr = (unsigned char)(anInt / 256);
 167:Core/Src/MQTTPacket.c **** 	(*pptr)++;
 168:Core/Src/MQTTPacket.c **** 	**pptr = (unsigned char)(anInt % 256);
 169:Core/Src/MQTTPacket.c **** 	(*pptr)++;
 170:Core/Src/MQTTPacket.c **** }
 171:Core/Src/MQTTPacket.c **** 
 172:Core/Src/MQTTPacket.c **** 
 173:Core/Src/MQTTPacket.c **** /**
 174:Core/Src/MQTTPacket.c ****  * Writes a "UTF" string to an output buffer.  Converts C string to length-delimited.
 175:Core/Src/MQTTPacket.c ****  * @param pptr pointer to the output buffer - incremented by the number of bytes used & returned
 176:Core/Src/MQTTPacket.c ****  * @param string the C string to write
 177:Core/Src/MQTTPacket.c ****  */
 178:Core/Src/MQTTPacket.c **** void writeCString(unsigned char** pptr, const char* string)
 179:Core/Src/MQTTPacket.c **** {
 180:Core/Src/MQTTPacket.c **** 	int len = strlen(string);
 181:Core/Src/MQTTPacket.c **** 	writeInt(pptr, len);
 182:Core/Src/MQTTPacket.c **** 	memcpy(*pptr, string, len);
 183:Core/Src/MQTTPacket.c **** 	*pptr += len;
 184:Core/Src/MQTTPacket.c **** }
 185:Core/Src/MQTTPacket.c **** 
 186:Core/Src/MQTTPacket.c **** 
ARM GAS  C:\Users\Vento\AppData\Local\Temp\ccRj0Yf2.s 			page 6


 187:Core/Src/MQTTPacket.c **** int getLenStringLen(char* ptr)
 188:Core/Src/MQTTPacket.c **** {
 189:Core/Src/MQTTPacket.c **** 	int len = 256*((unsigned char)(*ptr)) + (unsigned char)(*(ptr+1));
 190:Core/Src/MQTTPacket.c **** 	return len;
 191:Core/Src/MQTTPacket.c **** }
 192:Core/Src/MQTTPacket.c **** 
 193:Core/Src/MQTTPacket.c **** 
 194:Core/Src/MQTTPacket.c **** void writeMQTTString(unsigned char** pptr, MQTTString mqttstring)
 195:Core/Src/MQTTPacket.c **** {
 196:Core/Src/MQTTPacket.c **** 	if (mqttstring.lenstring.len > 0)
 197:Core/Src/MQTTPacket.c **** 	{
 198:Core/Src/MQTTPacket.c **** 		writeInt(pptr, mqttstring.lenstring.len);
 199:Core/Src/MQTTPacket.c **** 		memcpy(*pptr, mqttstring.lenstring.data, mqttstring.lenstring.len);
 200:Core/Src/MQTTPacket.c **** 		*pptr += mqttstring.lenstring.len;
 201:Core/Src/MQTTPacket.c **** 	}
 202:Core/Src/MQTTPacket.c **** 	else if (mqttstring.cstring)
 203:Core/Src/MQTTPacket.c **** 		writeCString(pptr, mqttstring.cstring);
 204:Core/Src/MQTTPacket.c **** 	else
 205:Core/Src/MQTTPacket.c **** 		writeInt(pptr, 0);
 206:Core/Src/MQTTPacket.c **** }
 207:Core/Src/MQTTPacket.c **** 
 208:Core/Src/MQTTPacket.c **** 
 209:Core/Src/MQTTPacket.c **** /**
 210:Core/Src/MQTTPacket.c ****  * @param mqttstring the MQTTString structure into which the data is to be read
 211:Core/Src/MQTTPacket.c ****  * @param pptr pointer to the output buffer - incremented by the number of bytes used & returned
 212:Core/Src/MQTTPacket.c ****  * @param enddata pointer to the end of the data: do not read beyond
 213:Core/Src/MQTTPacket.c ****  * @return 1 if successful, 0 if not
 214:Core/Src/MQTTPacket.c ****  */
 215:Core/Src/MQTTPacket.c **** int readMQTTLenString(MQTTString* mqttstring, unsigned char** pptr, unsigned char* enddata)
 216:Core/Src/MQTTPacket.c **** {
 217:Core/Src/MQTTPacket.c **** 	int rc = 0;
 218:Core/Src/MQTTPacket.c **** 
 219:Core/Src/MQTTPacket.c **** 	FUNC_ENTRY;
 220:Core/Src/MQTTPacket.c **** 	/* the first two bytes are the length of the string */
 221:Core/Src/MQTTPacket.c **** 	if (enddata - (*pptr) > 1) /* enough length to read the integer? */
 222:Core/Src/MQTTPacket.c **** 	{
 223:Core/Src/MQTTPacket.c **** 		mqttstring->lenstring.len = readInt(pptr); /* increments pptr to point past length */
 224:Core/Src/MQTTPacket.c **** 		if (&(*pptr)[mqttstring->lenstring.len] <= enddata)
 225:Core/Src/MQTTPacket.c **** 		{
 226:Core/Src/MQTTPacket.c **** 			mqttstring->lenstring.data = (char*)*pptr;
 227:Core/Src/MQTTPacket.c **** 			*pptr += mqttstring->lenstring.len;
 228:Core/Src/MQTTPacket.c **** 			rc = 1;
 229:Core/Src/MQTTPacket.c **** 		}
 230:Core/Src/MQTTPacket.c **** 	}
 231:Core/Src/MQTTPacket.c **** 	mqttstring->cstring = NULL;
 232:Core/Src/MQTTPacket.c **** 	FUNC_EXIT_RC(rc);
 233:Core/Src/MQTTPacket.c **** 	return rc;
 234:Core/Src/MQTTPacket.c **** }
 235:Core/Src/MQTTPacket.c **** 
 236:Core/Src/MQTTPacket.c **** 
 237:Core/Src/MQTTPacket.c **** /**
 238:Core/Src/MQTTPacket.c ****  * Return the length of the MQTTstring - C string if there is one, otherwise the length delimited s
 239:Core/Src/MQTTPacket.c ****  * @param mqttstring the string to return the length of
 240:Core/Src/MQTTPacket.c ****  * @return the length of the string
 241:Core/Src/MQTTPacket.c ****  */
 242:Core/Src/MQTTPacket.c **** int MQTTstrlen(MQTTString mqttstring)
 243:Core/Src/MQTTPacket.c **** {
ARM GAS  C:\Users\Vento\AppData\Local\Temp\ccRj0Yf2.s 			page 7


 244:Core/Src/MQTTPacket.c **** 	int rc = 0;
 245:Core/Src/MQTTPacket.c **** 
 246:Core/Src/MQTTPacket.c **** 	if (mqttstring.cstring)
 247:Core/Src/MQTTPacket.c **** 		rc = strlen(mqttstring.cstring);
 248:Core/Src/MQTTPacket.c **** 	else
 249:Core/Src/MQTTPacket.c **** 		rc = mqttstring.lenstring.len;
 250:Core/Src/MQTTPacket.c **** 	return rc;
 251:Core/Src/MQTTPacket.c **** }
 252:Core/Src/MQTTPacket.c **** 
 253:Core/Src/MQTTPacket.c **** 
 254:Core/Src/MQTTPacket.c **** /**
 255:Core/Src/MQTTPacket.c ****  * Compares an MQTTString to a C string
 256:Core/Src/MQTTPacket.c ****  * @param a the MQTTString to compare
 257:Core/Src/MQTTPacket.c ****  * @param bptr the C string to compare
 258:Core/Src/MQTTPacket.c ****  * @return boolean - equal or not
 259:Core/Src/MQTTPacket.c ****  */
 260:Core/Src/MQTTPacket.c **** int MQTTPacket_equals(MQTTString* a, char* bptr)
 261:Core/Src/MQTTPacket.c **** {
 262:Core/Src/MQTTPacket.c **** 	int alen = 0,
 263:Core/Src/MQTTPacket.c **** 		blen = 0;
 264:Core/Src/MQTTPacket.c **** 	char *aptr;
 265:Core/Src/MQTTPacket.c **** 	
 266:Core/Src/MQTTPacket.c **** 	if (a->cstring)
 267:Core/Src/MQTTPacket.c **** 	{
 268:Core/Src/MQTTPacket.c **** 		aptr = a->cstring;
 269:Core/Src/MQTTPacket.c **** 		alen = strlen(a->cstring);
 270:Core/Src/MQTTPacket.c **** 	}
 271:Core/Src/MQTTPacket.c **** 	else
 272:Core/Src/MQTTPacket.c **** 	{
 273:Core/Src/MQTTPacket.c **** 		aptr = a->lenstring.data;
 274:Core/Src/MQTTPacket.c **** 		alen = a->lenstring.len;
 275:Core/Src/MQTTPacket.c **** 	}
 276:Core/Src/MQTTPacket.c **** 	blen = strlen(bptr);
 277:Core/Src/MQTTPacket.c **** 	
 278:Core/Src/MQTTPacket.c **** 	return (alen == blen) && (strncmp(aptr, bptr, alen) == 0);
 279:Core/Src/MQTTPacket.c **** }
 280:Core/Src/MQTTPacket.c **** 
 281:Core/Src/MQTTPacket.c **** 
 282:Core/Src/MQTTPacket.c **** /**
 283:Core/Src/MQTTPacket.c ****  * Helper function to read packet data from some source into a buffer
 284:Core/Src/MQTTPacket.c ****  * @param buf the buffer into which the packet will be serialized
 285:Core/Src/MQTTPacket.c ****  * @param buflen the length in bytes of the supplied buffer
 286:Core/Src/MQTTPacket.c ****  * @param getfn pointer to a function which will read any number of bytes from the needed source
 287:Core/Src/MQTTPacket.c ****  * @return integer MQTT packet type, or -1 on error
 288:Core/Src/MQTTPacket.c ****  * @note  the whole message must fit into the caller's buffer
 289:Core/Src/MQTTPacket.c ****  */
 290:Core/Src/MQTTPacket.c **** int MQTTPacket_read(unsigned char* buf, int buflen, int (*getfn)(unsigned char*, int))
 291:Core/Src/MQTTPacket.c **** {
 292:Core/Src/MQTTPacket.c **** 	int rc = -1;
 293:Core/Src/MQTTPacket.c **** 	MQTTHeader header = {0};
 294:Core/Src/MQTTPacket.c **** 	int len = 0;
 295:Core/Src/MQTTPacket.c **** 	int rem_len = 0;
 296:Core/Src/MQTTPacket.c **** 
 297:Core/Src/MQTTPacket.c **** 	/* 1. read the header byte.  This has the packet type in it */
 298:Core/Src/MQTTPacket.c **** 	if ((*getfn)(buf, 1) != 1)
 299:Core/Src/MQTTPacket.c **** 		goto exit;
 300:Core/Src/MQTTPacket.c **** 
ARM GAS  C:\Users\Vento\AppData\Local\Temp\ccRj0Yf2.s 			page 8


 301:Core/Src/MQTTPacket.c **** 	len = 1;
 302:Core/Src/MQTTPacket.c **** 	/* 2. read the remaining length.  This is variable in itself */
 303:Core/Src/MQTTPacket.c **** 	MQTTPacket_decode(getfn, &rem_len);
 304:Core/Src/MQTTPacket.c **** 	len += MQTTPacket_encode(buf + 1, rem_len); /* put the original remaining length back into the buf
 305:Core/Src/MQTTPacket.c **** 
 306:Core/Src/MQTTPacket.c **** 	/* 3. read the rest of the buffer using a callback to supply the rest of the data */
 307:Core/Src/MQTTPacket.c **** 	if((rem_len + len) > buflen)
 308:Core/Src/MQTTPacket.c **** 		goto exit;
 309:Core/Src/MQTTPacket.c **** 	if (rem_len && ((*getfn)(buf + len, rem_len) != rem_len))
 310:Core/Src/MQTTPacket.c **** 		goto exit;
 311:Core/Src/MQTTPacket.c **** 
 312:Core/Src/MQTTPacket.c **** 	header.byte = buf[0];
 313:Core/Src/MQTTPacket.c **** 	rc = header.bits.type;
 314:Core/Src/MQTTPacket.c **** exit:
 315:Core/Src/MQTTPacket.c **** 	return rc;
 316:Core/Src/MQTTPacket.c **** }
 317:Core/Src/MQTTPacket.c **** 
 318:Core/Src/MQTTPacket.c **** /**
 319:Core/Src/MQTTPacket.c ****  * Decodes the message length according to the MQTT algorithm, non-blocking
 320:Core/Src/MQTTPacket.c ****  * @param trp pointer to a transport structure holding what is needed to solve getting data from it
 321:Core/Src/MQTTPacket.c ****  * @param value the decoded length returned
 322:Core/Src/MQTTPacket.c ****  * @return integer the number of bytes read from the socket, 0 for call again, or -1 on error
 323:Core/Src/MQTTPacket.c ****  */
 324:Core/Src/MQTTPacket.c **** static int MQTTPacket_decodenb(MQTTTransport *trp)
 325:Core/Src/MQTTPacket.c **** {
  99              		.loc 1 325 1 is_stmt 1 view -0
 100              		.cfi_startproc
 101              		@ args = 0, pretend = 0, frame = 8
 102              		@ frame_needed = 0, uses_anonymous_args = 0
 103              		.loc 1 325 1 is_stmt 0 view .LVU19
 104 0000 10B5     		push	{r4, lr}
 105              	.LCFI2:
 106              		.cfi_def_cfa_offset 8
 107              		.cfi_offset 4, -8
 108              		.cfi_offset 14, -4
 109 0002 82B0     		sub	sp, sp, #8
 110              	.LCFI3:
 111              		.cfi_def_cfa_offset 16
 112 0004 0446     		mov	r4, r0
 326:Core/Src/MQTTPacket.c **** 	unsigned char c;
 113              		.loc 1 326 2 is_stmt 1 view .LVU20
 327:Core/Src/MQTTPacket.c **** 	int rc = MQTTPACKET_READ_ERROR;
 114              		.loc 1 327 2 view .LVU21
 115              	.LVL6:
 328:Core/Src/MQTTPacket.c **** 
 329:Core/Src/MQTTPacket.c **** 	FUNC_ENTRY;
 116              		.loc 1 329 12 view .LVU22
 330:Core/Src/MQTTPacket.c **** 	if(trp->len == 0){		/* initialize on first call */
 117              		.loc 1 330 2 view .LVU23
 118              		.loc 1 330 8 is_stmt 0 view .LVU24
 119 0006 0369     		ldr	r3, [r0, #16]
 120              		.loc 1 330 4 view .LVU25
 121 0008 1BB9     		cbnz	r3, .L14
 331:Core/Src/MQTTPacket.c **** 		trp->multiplier = 1;
 122              		.loc 1 331 3 is_stmt 1 view .LVU26
 123              		.loc 1 331 19 is_stmt 0 view .LVU27
 124 000a 0123     		movs	r3, #1
ARM GAS  C:\Users\Vento\AppData\Local\Temp\ccRj0Yf2.s 			page 9


 125 000c 8360     		str	r3, [r0, #8]
 332:Core/Src/MQTTPacket.c **** 		trp->rem_len = 0;
 126              		.loc 1 332 3 is_stmt 1 view .LVU28
 127              		.loc 1 332 16 is_stmt 0 view .LVU29
 128 000e 0023     		movs	r3, #0
 129 0010 C360     		str	r3, [r0, #12]
 130              	.LVL7:
 131              	.L14:
 333:Core/Src/MQTTPacket.c **** 	}
 334:Core/Src/MQTTPacket.c **** 	do {
 132              		.loc 1 334 2 is_stmt 1 view .LVU30
 133              	.LBB2:
 335:Core/Src/MQTTPacket.c **** 		int frc;
 134              		.loc 1 335 3 view .LVU31
 336:Core/Src/MQTTPacket.c **** 		if (trp->len >= MAX_NO_OF_REMAINING_LENGTH_BYTES)
 135              		.loc 1 336 3 view .LVU32
 136              		.loc 1 336 10 is_stmt 0 view .LVU33
 137 0012 2369     		ldr	r3, [r4, #16]
 138              		.loc 1 336 6 view .LVU34
 139 0014 032B     		cmp	r3, #3
 140 0016 1BDC     		bgt	.L15
 337:Core/Src/MQTTPacket.c **** 			goto exit;
 338:Core/Src/MQTTPacket.c **** 		if ((frc=(*trp->getfn)(trp->sck, &c, 1)) == -1)
 141              		.loc 1 338 3 is_stmt 1 view .LVU35
 142              		.loc 1 338 13 is_stmt 0 view .LVU36
 143 0018 2368     		ldr	r3, [r4]
 144 001a 0122     		movs	r2, #1
 145 001c 0DF10701 		add	r1, sp, #7
 146 0020 6068     		ldr	r0, [r4, #4]
 147 0022 9847     		blx	r3
 148              	.LVL8:
 149              		.loc 1 338 6 view .LVU37
 150 0024 B0F1FF3F 		cmp	r0, #-1
 151 0028 14D0     		beq	.L11
 339:Core/Src/MQTTPacket.c **** 			goto exit;
 340:Core/Src/MQTTPacket.c **** 		if (frc == 0){
 152              		.loc 1 340 3 is_stmt 1 view .LVU38
 153              		.loc 1 340 6 is_stmt 0 view .LVU39
 154 002a 98B1     		cbz	r0, .L11
 341:Core/Src/MQTTPacket.c **** 			rc = 0;
 342:Core/Src/MQTTPacket.c **** 			goto exit;
 343:Core/Src/MQTTPacket.c **** 		}
 344:Core/Src/MQTTPacket.c **** 		++(trp->len);
 155              		.loc 1 344 3 is_stmt 1 view .LVU40
 156              		.loc 1 344 9 is_stmt 0 view .LVU41
 157 002c 2069     		ldr	r0, [r4, #16]
 158              	.LVL9:
 159              		.loc 1 344 3 view .LVU42
 160 002e 0130     		adds	r0, r0, #1
 161 0030 2061     		str	r0, [r4, #16]
 345:Core/Src/MQTTPacket.c **** 		trp->rem_len += (c & 127) * trp->multiplier;
 162              		.loc 1 345 3 is_stmt 1 view .LVU43
 163              		.loc 1 345 22 is_stmt 0 view .LVU44
 164 0032 9DF80710 		ldrb	r1, [sp, #7]	@ zero_extendqisi2
 165 0036 01F07F0C 		and	ip, r1, #127
 166              		.loc 1 345 34 view .LVU45
 167 003a A368     		ldr	r3, [r4, #8]
ARM GAS  C:\Users\Vento\AppData\Local\Temp\ccRj0Yf2.s 			page 10


 168              		.loc 1 345 16 view .LVU46
 169 003c E268     		ldr	r2, [r4, #12]
 170 003e 03FB0C22 		mla	r2, r3, ip, r2
 171 0042 E260     		str	r2, [r4, #12]
 346:Core/Src/MQTTPacket.c **** 		trp->multiplier *= 128;
 172              		.loc 1 346 3 is_stmt 1 view .LVU47
 173              		.loc 1 346 19 is_stmt 0 view .LVU48
 174 0044 DB01     		lsls	r3, r3, #7
 175 0046 A360     		str	r3, [r4, #8]
 176              	.LBE2:
 347:Core/Src/MQTTPacket.c **** 	} while ((c & 128) != 0);
 177              		.loc 1 347 10 is_stmt 1 view .LVU49
 178              		.loc 1 347 2 is_stmt 0 view .LVU50
 179 0048 11F0800F 		tst	r1, #128
 180 004c E1D1     		bne	.L14
 181 004e 01E0     		b	.L11
 182              	.L15:
 327:Core/Src/MQTTPacket.c **** 
 183              		.loc 1 327 6 view .LVU51
 184 0050 4FF0FF30 		mov	r0, #-1
 185              	.L13:
 348:Core/Src/MQTTPacket.c **** 	rc = trp->len;
 349:Core/Src/MQTTPacket.c **** exit:
 350:Core/Src/MQTTPacket.c **** 	FUNC_EXIT_RC(rc);
 186              		.loc 1 350 18 is_stmt 1 view .LVU52
 351:Core/Src/MQTTPacket.c **** 	return rc;
 187              		.loc 1 351 2 view .LVU53
 188              	.L11:
 352:Core/Src/MQTTPacket.c **** }
 189              		.loc 1 352 1 is_stmt 0 view .LVU54
 190 0054 02B0     		add	sp, sp, #8
 191              	.LCFI4:
 192              		.cfi_def_cfa_offset 8
 193              		@ sp needed
 194 0056 10BD     		pop	{r4, pc}
 195              		.loc 1 352 1 view .LVU55
 196              		.cfi_endproc
 197              	.LFE19:
 199              		.section	.text.MQTTPacket_encode,"ax",%progbits
 200              		.align	1
 201              		.global	MQTTPacket_encode
 202              		.syntax unified
 203              		.thumb
 204              		.thumb_func
 205              		.fpu softvfp
 207              	MQTTPacket_encode:
 208              	.LVL10:
 209              	.LFB3:
  30:Core/Src/MQTTPacket.c **** 	int rc = 0;
 210              		.loc 1 30 1 is_stmt 1 view -0
 211              		.cfi_startproc
 212              		@ args = 0, pretend = 0, frame = 0
 213              		@ frame_needed = 0, uses_anonymous_args = 0
  30:Core/Src/MQTTPacket.c **** 	int rc = 0;
 214              		.loc 1 30 1 is_stmt 0 view .LVU57
 215 0000 10B5     		push	{r4, lr}
 216              	.LCFI5:
ARM GAS  C:\Users\Vento\AppData\Local\Temp\ccRj0Yf2.s 			page 11


 217              		.cfi_def_cfa_offset 8
 218              		.cfi_offset 4, -8
 219              		.cfi_offset 14, -4
 220 0002 0446     		mov	r4, r0
  31:Core/Src/MQTTPacket.c **** 
 221              		.loc 1 31 2 is_stmt 1 view .LVU58
 222              	.LVL11:
  31:Core/Src/MQTTPacket.c **** 
 223              		.loc 1 31 6 is_stmt 0 view .LVU59
 224 0004 4FF0000C 		mov	ip, #0
 225 0008 0BE0     		b	.L20
 226              	.LVL12:
 227              	.L24:
 228              	.LBB3:
  37:Core/Src/MQTTPacket.c **** 		/* if there are more digits to encode, set the top bit of this digit */
 229              		.loc 1 37 10 view .LVU60
 230 000a 01F17F0E 		add	lr, r1, #127
 231 000e 14E0     		b	.L18
 232              	.L25:
  40:Core/Src/MQTTPacket.c **** 		buf[rc++] = d;
 233              		.loc 1 40 4 is_stmt 1 view .LVU61
  40:Core/Src/MQTTPacket.c **** 		buf[rc++] = d;
 234              		.loc 1 40 6 is_stmt 0 view .LVU62
 235 0010 43F08003 		orr	r3, r3, #128
 236              	.LVL13:
 237              	.L19:
  41:Core/Src/MQTTPacket.c **** 	} while (length > 0);
 238              		.loc 1 41 3 is_stmt 1 view .LVU63
  41:Core/Src/MQTTPacket.c **** 	} while (length > 0);
 239              		.loc 1 41 9 is_stmt 0 view .LVU64
 240 0014 0CF10100 		add	r0, ip, #1
 241              	.LVL14:
  41:Core/Src/MQTTPacket.c **** 	} while (length > 0);
 242              		.loc 1 41 13 view .LVU65
 243 0018 04F80C30 		strb	r3, [r4, ip]
 244              	.LBE3:
  42:Core/Src/MQTTPacket.c **** 	FUNC_EXIT_RC(rc);
 245              		.loc 1 42 10 is_stmt 1 view .LVU66
  42:Core/Src/MQTTPacket.c **** 	FUNC_EXIT_RC(rc);
 246              		.loc 1 42 2 is_stmt 0 view .LVU67
 247 001c 7F2A     		cmp	r2, #127
 248 001e 11DD     		ble	.L23
 249              	.LBB4:
  41:Core/Src/MQTTPacket.c **** 	} while (length > 0);
 250              		.loc 1 41 9 view .LVU68
 251 0020 8446     		mov	ip, r0
 252              	.LVL15:
 253              	.L20:
  41:Core/Src/MQTTPacket.c **** 	} while (length > 0);
 254              		.loc 1 41 9 view .LVU69
 255              	.LBE4:
  33:Core/Src/MQTTPacket.c **** 	do
 256              		.loc 1 33 12 is_stmt 1 view .LVU70
  34:Core/Src/MQTTPacket.c **** 	{
 257              		.loc 1 34 2 view .LVU71
 258              	.LBB5:
  36:Core/Src/MQTTPacket.c **** 		length /= 128;
ARM GAS  C:\Users\Vento\AppData\Local\Temp\ccRj0Yf2.s 			page 12


 259              		.loc 1 36 3 view .LVU72
  36:Core/Src/MQTTPacket.c **** 		length /= 128;
 260              		.loc 1 36 19 is_stmt 0 view .LVU73
 261 0022 4A42     		rsbs	r2, r1, #0
 262 0024 01F07F03 		and	r3, r1, #127
 263 0028 02F07F02 		and	r2, r2, #127
 264 002c 58BF     		it	pl
 265 002e 5342     		rsbpl	r3, r2, #0
  36:Core/Src/MQTTPacket.c **** 		length /= 128;
 266              		.loc 1 36 8 view .LVU74
 267 0030 DBB2     		uxtb	r3, r3
 268              	.LVL16:
  37:Core/Src/MQTTPacket.c **** 		/* if there are more digits to encode, set the top bit of this digit */
 269              		.loc 1 37 3 is_stmt 1 view .LVU75
 270 0032 0A46     		mov	r2, r1
  37:Core/Src/MQTTPacket.c **** 		/* if there are more digits to encode, set the top bit of this digit */
 271              		.loc 1 37 10 is_stmt 0 view .LVU76
 272 0034 8E46     		mov	lr, r1
 273 0036 0029     		cmp	r1, #0
 274 0038 E7DB     		blt	.L24
 275              	.L18:
  37:Core/Src/MQTTPacket.c **** 		/* if there are more digits to encode, set the top bit of this digit */
 276              		.loc 1 37 10 view .LVU77
 277 003a 4FEAEE11 		asr	r1, lr, #7
 278              	.LVL17:
  39:Core/Src/MQTTPacket.c **** 			d |= 0x80;
 279              		.loc 1 39 3 is_stmt 1 view .LVU78
  39:Core/Src/MQTTPacket.c **** 			d |= 0x80;
 280              		.loc 1 39 6 is_stmt 0 view .LVU79
 281 003e 7F2A     		cmp	r2, #127
 282 0040 E8DD     		ble	.L19
 283 0042 E5E7     		b	.L25
 284              	.LVL18:
 285              	.L23:
  39:Core/Src/MQTTPacket.c **** 			d |= 0x80;
 286              		.loc 1 39 6 view .LVU80
 287              	.LBE5:
  43:Core/Src/MQTTPacket.c **** 	return rc;
 288              		.loc 1 43 18 is_stmt 1 view .LVU81
  44:Core/Src/MQTTPacket.c **** }
 289              		.loc 1 44 2 view .LVU82
  45:Core/Src/MQTTPacket.c **** 
 290              		.loc 1 45 1 is_stmt 0 view .LVU83
 291 0044 10BD     		pop	{r4, pc}
  45:Core/Src/MQTTPacket.c **** 
 292              		.loc 1 45 1 view .LVU84
 293              		.cfi_endproc
 294              	.LFE3:
 296              		.section	.text.MQTTPacket_decode,"ax",%progbits
 297              		.align	1
 298              		.global	MQTTPacket_decode
 299              		.syntax unified
 300              		.thumb
 301              		.thumb_func
 302              		.fpu softvfp
 304              	MQTTPacket_decode:
 305              	.LVL19:
ARM GAS  C:\Users\Vento\AppData\Local\Temp\ccRj0Yf2.s 			page 13


 306              	.LFB4:
  55:Core/Src/MQTTPacket.c **** 	unsigned char c;
 307              		.loc 1 55 1 is_stmt 1 view -0
 308              		.cfi_startproc
 309              		@ args = 0, pretend = 0, frame = 8
 310              		@ frame_needed = 0, uses_anonymous_args = 0
  55:Core/Src/MQTTPacket.c **** 	unsigned char c;
 311              		.loc 1 55 1 is_stmt 0 view .LVU86
 312 0000 F0B5     		push	{r4, r5, r6, r7, lr}
 313              	.LCFI6:
 314              		.cfi_def_cfa_offset 20
 315              		.cfi_offset 4, -20
 316              		.cfi_offset 5, -16
 317              		.cfi_offset 6, -12
 318              		.cfi_offset 7, -8
 319              		.cfi_offset 14, -4
 320 0002 83B0     		sub	sp, sp, #12
 321              	.LCFI7:
 322              		.cfi_def_cfa_offset 32
 323 0004 0746     		mov	r7, r0
 324 0006 0D46     		mov	r5, r1
  56:Core/Src/MQTTPacket.c **** 	int multiplier = 1;
 325              		.loc 1 56 2 is_stmt 1 view .LVU87
  57:Core/Src/MQTTPacket.c **** 	int len = 0;
 326              		.loc 1 57 2 view .LVU88
 327              	.LVL20:
  58:Core/Src/MQTTPacket.c **** #define MAX_NO_OF_REMAINING_LENGTH_BYTES 4
 328              		.loc 1 58 2 view .LVU89
  61:Core/Src/MQTTPacket.c **** 	*value = 0;
 329              		.loc 1 61 12 view .LVU90
  62:Core/Src/MQTTPacket.c **** 	do
 330              		.loc 1 62 2 view .LVU91
  62:Core/Src/MQTTPacket.c **** 	do
 331              		.loc 1 62 9 is_stmt 0 view .LVU92
 332 0008 0024     		movs	r4, #0
 333 000a 0C60     		str	r4, [r1]
  57:Core/Src/MQTTPacket.c **** 	int len = 0;
 334              		.loc 1 57 6 view .LVU93
 335 000c 0126     		movs	r6, #1
 336              	.LVL21:
 337              	.L28:
  63:Core/Src/MQTTPacket.c **** 	{
 338              		.loc 1 63 2 is_stmt 1 view .LVU94
 339              	.LBB6:
  65:Core/Src/MQTTPacket.c **** 
 340              		.loc 1 65 3 view .LVU95
  67:Core/Src/MQTTPacket.c **** 		{
 341              		.loc 1 67 3 view .LVU96
  67:Core/Src/MQTTPacket.c **** 		{
 342              		.loc 1 67 6 is_stmt 0 view .LVU97
 343 000e 0134     		adds	r4, r4, #1
 344              	.LVL22:
  67:Core/Src/MQTTPacket.c **** 		{
 345              		.loc 1 67 6 view .LVU98
 346 0010 042C     		cmp	r4, #4
 347 0012 12DC     		bgt	.L26
  72:Core/Src/MQTTPacket.c **** 		if (rc != 1)
ARM GAS  C:\Users\Vento\AppData\Local\Temp\ccRj0Yf2.s 			page 14


 348              		.loc 1 72 3 is_stmt 1 view .LVU99
  72:Core/Src/MQTTPacket.c **** 		if (rc != 1)
 349              		.loc 1 72 9 is_stmt 0 view .LVU100
 350 0014 0121     		movs	r1, #1
 351 0016 0DF10700 		add	r0, sp, #7
 352 001a B847     		blx	r7
 353              	.LVL23:
  73:Core/Src/MQTTPacket.c **** 			goto exit;
 354              		.loc 1 73 3 is_stmt 1 view .LVU101
  73:Core/Src/MQTTPacket.c **** 			goto exit;
 355              		.loc 1 73 6 is_stmt 0 view .LVU102
 356 001c 0128     		cmp	r0, #1
 357 001e 0CD1     		bne	.L26
  75:Core/Src/MQTTPacket.c **** 		multiplier *= 128;
 358              		.loc 1 75 3 is_stmt 1 view .LVU103
  75:Core/Src/MQTTPacket.c **** 		multiplier *= 128;
 359              		.loc 1 75 16 is_stmt 0 view .LVU104
 360 0020 9DF80730 		ldrb	r3, [sp, #7]	@ zero_extendqisi2
 361 0024 03F07F02 		and	r2, r3, #127
  75:Core/Src/MQTTPacket.c **** 		multiplier *= 128;
 362              		.loc 1 75 10 view .LVU105
 363 0028 2B68     		ldr	r3, [r5]
 364 002a 06FB0233 		mla	r3, r6, r2, r3
 365 002e 2B60     		str	r3, [r5]
  76:Core/Src/MQTTPacket.c **** 	} while ((c & 128) != 0);
 366              		.loc 1 76 3 is_stmt 1 view .LVU106
  76:Core/Src/MQTTPacket.c **** 	} while ((c & 128) != 0);
 367              		.loc 1 76 14 is_stmt 0 view .LVU107
 368 0030 F601     		lsls	r6, r6, #7
 369              	.LVL24:
  76:Core/Src/MQTTPacket.c **** 	} while ((c & 128) != 0);
 370              		.loc 1 76 14 view .LVU108
 371              	.LBE6:
  77:Core/Src/MQTTPacket.c **** exit:
 372              		.loc 1 77 10 is_stmt 1 view .LVU109
  77:Core/Src/MQTTPacket.c **** exit:
 373              		.loc 1 77 21 is_stmt 0 view .LVU110
 374 0032 9DF90730 		ldrsb	r3, [sp, #7]
  77:Core/Src/MQTTPacket.c **** exit:
 375              		.loc 1 77 2 view .LVU111
 376 0036 002B     		cmp	r3, #0
 377 0038 E9DB     		blt	.L28
 378              	.L27:
 379              	.LVL25:
 380              	.L26:
  81:Core/Src/MQTTPacket.c **** 
 381              		.loc 1 81 1 view .LVU112
 382 003a 2046     		mov	r0, r4
 383 003c 03B0     		add	sp, sp, #12
 384              	.LCFI8:
 385              		.cfi_def_cfa_offset 20
 386              		@ sp needed
 387 003e F0BD     		pop	{r4, r5, r6, r7, pc}
  81:Core/Src/MQTTPacket.c **** 
 388              		.loc 1 81 1 view .LVU113
 389              		.cfi_endproc
 390              	.LFE4:
ARM GAS  C:\Users\Vento\AppData\Local\Temp\ccRj0Yf2.s 			page 15


 392              		.section	.text.MQTTPacket_len,"ax",%progbits
 393              		.align	1
 394              		.global	MQTTPacket_len
 395              		.syntax unified
 396              		.thumb
 397              		.thumb_func
 398              		.fpu softvfp
 400              	MQTTPacket_len:
 401              	.LVL26:
 402              	.LFB5:
  85:Core/Src/MQTTPacket.c **** 	rem_len += 1; /* header byte */
 403              		.loc 1 85 1 is_stmt 1 view -0
 404              		.cfi_startproc
 405              		@ args = 0, pretend = 0, frame = 0
 406              		@ frame_needed = 0, uses_anonymous_args = 0
 407              		@ link register save eliminated.
  86:Core/Src/MQTTPacket.c **** 
 408              		.loc 1 86 2 view .LVU115
  86:Core/Src/MQTTPacket.c **** 
 409              		.loc 1 86 10 is_stmt 0 view .LVU116
 410 0000 431C     		adds	r3, r0, #1
 411              	.LVL27:
  89:Core/Src/MQTTPacket.c **** 		rem_len += 1;
 412              		.loc 1 89 2 is_stmt 1 view .LVU117
  89:Core/Src/MQTTPacket.c **** 		rem_len += 1;
 413              		.loc 1 89 5 is_stmt 0 view .LVU118
 414 0002 7F2B     		cmp	r3, #127
 415 0004 01DC     		bgt	.L31
  90:Core/Src/MQTTPacket.c **** 	else if (rem_len < 16384)
 416              		.loc 1 90 3 is_stmt 1 view .LVU119
  90:Core/Src/MQTTPacket.c **** 	else if (rem_len < 16384)
 417              		.loc 1 90 11 is_stmt 0 view .LVU120
 418 0006 0230     		adds	r0, r0, #2
 419              	.LVL28:
  90:Core/Src/MQTTPacket.c **** 	else if (rem_len < 16384)
 420              		.loc 1 90 11 view .LVU121
 421 0008 7047     		bx	lr
 422              	.LVL29:
 423              	.L31:
  91:Core/Src/MQTTPacket.c **** 		rem_len += 2;
 424              		.loc 1 91 7 is_stmt 1 view .LVU122
  91:Core/Src/MQTTPacket.c **** 		rem_len += 2;
 425              		.loc 1 91 10 is_stmt 0 view .LVU123
 426 000a B3F5804F 		cmp	r3, #16384
 427 000e 01DA     		bge	.L33
  92:Core/Src/MQTTPacket.c **** 	else if (rem_len < 2097151)
 428              		.loc 1 92 3 is_stmt 1 view .LVU124
  92:Core/Src/MQTTPacket.c **** 	else if (rem_len < 2097151)
 429              		.loc 1 92 11 is_stmt 0 view .LVU125
 430 0010 0330     		adds	r0, r0, #3
 431              	.LVL30:
  92:Core/Src/MQTTPacket.c **** 	else if (rem_len < 2097151)
 432              		.loc 1 92 11 view .LVU126
 433 0012 7047     		bx	lr
 434              	.LVL31:
 435              	.L33:
  93:Core/Src/MQTTPacket.c **** 		rem_len += 3;
ARM GAS  C:\Users\Vento\AppData\Local\Temp\ccRj0Yf2.s 			page 16


 436              		.loc 1 93 7 is_stmt 1 view .LVU127
  93:Core/Src/MQTTPacket.c **** 		rem_len += 3;
 437              		.loc 1 93 10 is_stmt 0 view .LVU128
 438 0014 034A     		ldr	r2, .L35
 439 0016 9342     		cmp	r3, r2
 440 0018 01DC     		bgt	.L34
  94:Core/Src/MQTTPacket.c **** 	else
 441              		.loc 1 94 3 is_stmt 1 view .LVU129
  94:Core/Src/MQTTPacket.c **** 	else
 442              		.loc 1 94 11 is_stmt 0 view .LVU130
 443 001a 0430     		adds	r0, r0, #4
 444              	.LVL32:
  94:Core/Src/MQTTPacket.c **** 	else
 445              		.loc 1 94 11 view .LVU131
 446 001c 7047     		bx	lr
 447              	.LVL33:
 448              	.L34:
  96:Core/Src/MQTTPacket.c **** 	return rem_len;
 449              		.loc 1 96 3 is_stmt 1 view .LVU132
  96:Core/Src/MQTTPacket.c **** 	return rem_len;
 450              		.loc 1 96 11 is_stmt 0 view .LVU133
 451 001e 0530     		adds	r0, r0, #5
 452              	.LVL34:
  97:Core/Src/MQTTPacket.c **** }
 453              		.loc 1 97 2 is_stmt 1 view .LVU134
  98:Core/Src/MQTTPacket.c **** 
 454              		.loc 1 98 1 is_stmt 0 view .LVU135
 455 0020 7047     		bx	lr
 456              	.L36:
 457 0022 00BF     		.align	2
 458              	.L35:
 459 0024 FEFF1F00 		.word	2097150
 460              		.cfi_endproc
 461              	.LFE5:
 463              		.section	.text.MQTTPacket_decodeBuf,"ax",%progbits
 464              		.align	1
 465              		.global	MQTTPacket_decodeBuf
 466              		.syntax unified
 467              		.thumb
 468              		.thumb_func
 469              		.fpu softvfp
 471              	MQTTPacket_decodeBuf:
 472              	.LVL35:
 473              	.LFB7:
 114:Core/Src/MQTTPacket.c **** 	bufptr = buf;
 474              		.loc 1 114 1 is_stmt 1 view -0
 475              		.cfi_startproc
 476              		@ args = 0, pretend = 0, frame = 0
 477              		@ frame_needed = 0, uses_anonymous_args = 0
 114:Core/Src/MQTTPacket.c **** 	bufptr = buf;
 478              		.loc 1 114 1 is_stmt 0 view .LVU137
 479 0000 08B5     		push	{r3, lr}
 480              	.LCFI9:
 481              		.cfi_def_cfa_offset 8
 482              		.cfi_offset 3, -8
 483              		.cfi_offset 14, -4
 115:Core/Src/MQTTPacket.c **** 	return MQTTPacket_decode(bufchar, value);
ARM GAS  C:\Users\Vento\AppData\Local\Temp\ccRj0Yf2.s 			page 17


 484              		.loc 1 115 2 is_stmt 1 view .LVU138
 115:Core/Src/MQTTPacket.c **** 	return MQTTPacket_decode(bufchar, value);
 485              		.loc 1 115 9 is_stmt 0 view .LVU139
 486 0002 034B     		ldr	r3, .L39
 487 0004 1860     		str	r0, [r3]
 116:Core/Src/MQTTPacket.c **** }
 488              		.loc 1 116 2 is_stmt 1 view .LVU140
 116:Core/Src/MQTTPacket.c **** }
 489              		.loc 1 116 9 is_stmt 0 view .LVU141
 490 0006 0348     		ldr	r0, .L39+4
 491              	.LVL36:
 116:Core/Src/MQTTPacket.c **** }
 492              		.loc 1 116 9 view .LVU142
 493 0008 FFF7FEFF 		bl	MQTTPacket_decode
 494              	.LVL37:
 117:Core/Src/MQTTPacket.c **** 
 495              		.loc 1 117 1 view .LVU143
 496 000c 08BD     		pop	{r3, pc}
 497              	.L40:
 498 000e 00BF     		.align	2
 499              	.L39:
 500 0010 00000000 		.word	.LANCHOR0
 501 0014 00000000 		.word	bufchar
 502              		.cfi_endproc
 503              	.LFE7:
 505              		.section	.text.readInt,"ax",%progbits
 506              		.align	1
 507              		.global	readInt
 508              		.syntax unified
 509              		.thumb
 510              		.thumb_func
 511              		.fpu softvfp
 513              	readInt:
 514              	.LVL38:
 515              	.LFB8:
 126:Core/Src/MQTTPacket.c **** 	unsigned char* ptr = *pptr;
 516              		.loc 1 126 1 is_stmt 1 view -0
 517              		.cfi_startproc
 518              		@ args = 0, pretend = 0, frame = 0
 519              		@ frame_needed = 0, uses_anonymous_args = 0
 520              		@ link register save eliminated.
 127:Core/Src/MQTTPacket.c **** 	int len = 256*(*ptr) + (*(ptr+1));
 521              		.loc 1 127 2 view .LVU145
 127:Core/Src/MQTTPacket.c **** 	int len = 256*(*ptr) + (*(ptr+1));
 522              		.loc 1 127 17 is_stmt 0 view .LVU146
 523 0000 0368     		ldr	r3, [r0]
 524              	.LVL39:
 128:Core/Src/MQTTPacket.c **** 	*pptr += 2;
 525              		.loc 1 128 2 is_stmt 1 view .LVU147
 128:Core/Src/MQTTPacket.c **** 	*pptr += 2;
 526              		.loc 1 128 17 is_stmt 0 view .LVU148
 527 0002 1978     		ldrb	r1, [r3]	@ zero_extendqisi2
 128:Core/Src/MQTTPacket.c **** 	*pptr += 2;
 528              		.loc 1 128 26 view .LVU149
 529 0004 5A78     		ldrb	r2, [r3, #1]	@ zero_extendqisi2
 530              	.LVL40:
 129:Core/Src/MQTTPacket.c **** 	return len;
ARM GAS  C:\Users\Vento\AppData\Local\Temp\ccRj0Yf2.s 			page 18


 531              		.loc 1 129 2 is_stmt 1 view .LVU150
 129:Core/Src/MQTTPacket.c **** 	return len;
 532              		.loc 1 129 8 is_stmt 0 view .LVU151
 533 0006 0233     		adds	r3, r3, #2
 534              	.LVL41:
 129:Core/Src/MQTTPacket.c **** 	return len;
 535              		.loc 1 129 8 view .LVU152
 536 0008 0360     		str	r3, [r0]
 537              	.LVL42:
 130:Core/Src/MQTTPacket.c **** }
 538              		.loc 1 130 2 is_stmt 1 view .LVU153
 131:Core/Src/MQTTPacket.c **** 
 539              		.loc 1 131 1 is_stmt 0 view .LVU154
 540 000a 02EB0120 		add	r0, r2, r1, lsl #8
 541              	.LVL43:
 131:Core/Src/MQTTPacket.c **** 
 542              		.loc 1 131 1 view .LVU155
 543 000e 7047     		bx	lr
 544              		.cfi_endproc
 545              	.LFE8:
 547              		.section	.text.readChar,"ax",%progbits
 548              		.align	1
 549              		.global	readChar
 550              		.syntax unified
 551              		.thumb
 552              		.thumb_func
 553              		.fpu softvfp
 555              	readChar:
 556              	.LVL44:
 557              	.LFB9:
 140:Core/Src/MQTTPacket.c **** 	char c = **pptr;
 558              		.loc 1 140 1 is_stmt 1 view -0
 559              		.cfi_startproc
 560              		@ args = 0, pretend = 0, frame = 0
 561              		@ frame_needed = 0, uses_anonymous_args = 0
 562              		@ link register save eliminated.
 140:Core/Src/MQTTPacket.c **** 	char c = **pptr;
 563              		.loc 1 140 1 is_stmt 0 view .LVU157
 564 0000 0346     		mov	r3, r0
 141:Core/Src/MQTTPacket.c **** 	(*pptr)++;
 565              		.loc 1 141 2 is_stmt 1 view .LVU158
 141:Core/Src/MQTTPacket.c **** 	(*pptr)++;
 566              		.loc 1 141 7 is_stmt 0 view .LVU159
 567 0002 0268     		ldr	r2, [r0]
 568 0004 12F8010B 		ldrb	r0, [r2], #1	@ zero_extendqisi2
 569              	.LVL45:
 142:Core/Src/MQTTPacket.c **** 	return c;
 570              		.loc 1 142 2 is_stmt 1 view .LVU160
 142:Core/Src/MQTTPacket.c **** 	return c;
 571              		.loc 1 142 9 is_stmt 0 view .LVU161
 572 0008 1A60     		str	r2, [r3]
 143:Core/Src/MQTTPacket.c **** }
 573              		.loc 1 143 2 is_stmt 1 view .LVU162
 144:Core/Src/MQTTPacket.c **** 
 574              		.loc 1 144 1 is_stmt 0 view .LVU163
 575 000a 7047     		bx	lr
 576              		.cfi_endproc
ARM GAS  C:\Users\Vento\AppData\Local\Temp\ccRj0Yf2.s 			page 19


 577              	.LFE9:
 579              		.section	.text.writeChar,"ax",%progbits
 580              		.align	1
 581              		.global	writeChar
 582              		.syntax unified
 583              		.thumb
 584              		.thumb_func
 585              		.fpu softvfp
 587              	writeChar:
 588              	.LVL46:
 589              	.LFB10:
 153:Core/Src/MQTTPacket.c **** 	**pptr = c;
 590              		.loc 1 153 1 is_stmt 1 view -0
 591              		.cfi_startproc
 592              		@ args = 0, pretend = 0, frame = 0
 593              		@ frame_needed = 0, uses_anonymous_args = 0
 594              		@ link register save eliminated.
 154:Core/Src/MQTTPacket.c **** 	(*pptr)++;
 595              		.loc 1 154 2 view .LVU165
 154:Core/Src/MQTTPacket.c **** 	(*pptr)++;
 596              		.loc 1 154 3 is_stmt 0 view .LVU166
 597 0000 0368     		ldr	r3, [r0]
 154:Core/Src/MQTTPacket.c **** 	(*pptr)++;
 598              		.loc 1 154 9 view .LVU167
 599 0002 1970     		strb	r1, [r3]
 155:Core/Src/MQTTPacket.c **** }
 600              		.loc 1 155 2 is_stmt 1 view .LVU168
 155:Core/Src/MQTTPacket.c **** }
 601              		.loc 1 155 3 is_stmt 0 view .LVU169
 602 0004 0368     		ldr	r3, [r0]
 155:Core/Src/MQTTPacket.c **** }
 603              		.loc 1 155 9 view .LVU170
 604 0006 0133     		adds	r3, r3, #1
 605 0008 0360     		str	r3, [r0]
 156:Core/Src/MQTTPacket.c **** 
 606              		.loc 1 156 1 view .LVU171
 607 000a 7047     		bx	lr
 608              		.cfi_endproc
 609              	.LFE10:
 611              		.section	.text.writeInt,"ax",%progbits
 612              		.align	1
 613              		.global	writeInt
 614              		.syntax unified
 615              		.thumb
 616              		.thumb_func
 617              		.fpu softvfp
 619              	writeInt:
 620              	.LVL47:
 621              	.LFB11:
 165:Core/Src/MQTTPacket.c **** 	**pptr = (unsigned char)(anInt / 256);
 622              		.loc 1 165 1 is_stmt 1 view -0
 623              		.cfi_startproc
 624              		@ args = 0, pretend = 0, frame = 0
 625              		@ frame_needed = 0, uses_anonymous_args = 0
 626              		@ link register save eliminated.
 166:Core/Src/MQTTPacket.c **** 	(*pptr)++;
 627              		.loc 1 166 2 view .LVU173
ARM GAS  C:\Users\Vento\AppData\Local\Temp\ccRj0Yf2.s 			page 20


 166:Core/Src/MQTTPacket.c **** 	(*pptr)++;
 628              		.loc 1 166 33 is_stmt 0 view .LVU174
 629 0000 0B46     		mov	r3, r1
 630 0002 0029     		cmp	r1, #0
 631 0004 10DB     		blt	.L46
 632              	.L45:
 166:Core/Src/MQTTPacket.c **** 	(*pptr)++;
 633              		.loc 1 166 3 view .LVU175
 634 0006 0268     		ldr	r2, [r0]
 166:Core/Src/MQTTPacket.c **** 	(*pptr)++;
 635              		.loc 1 166 11 view .LVU176
 636 0008 C3F30723 		ubfx	r3, r3, #8, #8
 166:Core/Src/MQTTPacket.c **** 	(*pptr)++;
 637              		.loc 1 166 9 view .LVU177
 638 000c 1370     		strb	r3, [r2]
 167:Core/Src/MQTTPacket.c **** 	**pptr = (unsigned char)(anInt % 256);
 639              		.loc 1 167 2 is_stmt 1 view .LVU178
 167:Core/Src/MQTTPacket.c **** 	**pptr = (unsigned char)(anInt % 256);
 640              		.loc 1 167 3 is_stmt 0 view .LVU179
 641 000e 0268     		ldr	r2, [r0]
 167:Core/Src/MQTTPacket.c **** 	**pptr = (unsigned char)(anInt % 256);
 642              		.loc 1 167 9 view .LVU180
 643 0010 531C     		adds	r3, r2, #1
 644 0012 0360     		str	r3, [r0]
 168:Core/Src/MQTTPacket.c **** 	(*pptr)++;
 645              		.loc 1 168 2 is_stmt 1 view .LVU181
 168:Core/Src/MQTTPacket.c **** 	(*pptr)++;
 646              		.loc 1 168 33 is_stmt 0 view .LVU182
 647 0014 4B42     		rsbs	r3, r1, #0
 648 0016 C9B2     		uxtb	r1, r1
 649              	.LVL48:
 168:Core/Src/MQTTPacket.c **** 	(*pptr)++;
 650              		.loc 1 168 33 view .LVU183
 651 0018 DBB2     		uxtb	r3, r3
 652 001a 58BF     		it	pl
 653 001c 5942     		rsbpl	r1, r3, #0
 168:Core/Src/MQTTPacket.c **** 	(*pptr)++;
 654              		.loc 1 168 9 view .LVU184
 655 001e 5170     		strb	r1, [r2, #1]
 169:Core/Src/MQTTPacket.c **** }
 656              		.loc 1 169 2 is_stmt 1 view .LVU185
 169:Core/Src/MQTTPacket.c **** }
 657              		.loc 1 169 3 is_stmt 0 view .LVU186
 658 0020 0368     		ldr	r3, [r0]
 169:Core/Src/MQTTPacket.c **** }
 659              		.loc 1 169 9 view .LVU187
 660 0022 0133     		adds	r3, r3, #1
 661 0024 0360     		str	r3, [r0]
 170:Core/Src/MQTTPacket.c **** 
 662              		.loc 1 170 1 view .LVU188
 663 0026 7047     		bx	lr
 664              	.LVL49:
 665              	.L46:
 166:Core/Src/MQTTPacket.c **** 	(*pptr)++;
 666              		.loc 1 166 33 view .LVU189
 667 0028 01F1FF03 		add	r3, r1, #255
 668 002c EBE7     		b	.L45
ARM GAS  C:\Users\Vento\AppData\Local\Temp\ccRj0Yf2.s 			page 21


 669              		.cfi_endproc
 670              	.LFE11:
 672              		.section	.text.writeCString,"ax",%progbits
 673              		.align	1
 674              		.global	writeCString
 675              		.syntax unified
 676              		.thumb
 677              		.thumb_func
 678              		.fpu softvfp
 680              	writeCString:
 681              	.LVL50:
 682              	.LFB12:
 179:Core/Src/MQTTPacket.c **** 	int len = strlen(string);
 683              		.loc 1 179 1 is_stmt 1 view -0
 684              		.cfi_startproc
 685              		@ args = 0, pretend = 0, frame = 0
 686              		@ frame_needed = 0, uses_anonymous_args = 0
 179:Core/Src/MQTTPacket.c **** 	int len = strlen(string);
 687              		.loc 1 179 1 is_stmt 0 view .LVU191
 688 0000 70B5     		push	{r4, r5, r6, lr}
 689              	.LCFI10:
 690              		.cfi_def_cfa_offset 16
 691              		.cfi_offset 4, -16
 692              		.cfi_offset 5, -12
 693              		.cfi_offset 6, -8
 694              		.cfi_offset 14, -4
 695 0002 0446     		mov	r4, r0
 696 0004 0E46     		mov	r6, r1
 180:Core/Src/MQTTPacket.c **** 	writeInt(pptr, len);
 697              		.loc 1 180 2 is_stmt 1 view .LVU192
 180:Core/Src/MQTTPacket.c **** 	writeInt(pptr, len);
 698              		.loc 1 180 12 is_stmt 0 view .LVU193
 699 0006 0846     		mov	r0, r1
 700              	.LVL51:
 180:Core/Src/MQTTPacket.c **** 	writeInt(pptr, len);
 701              		.loc 1 180 12 view .LVU194
 702 0008 FFF7FEFF 		bl	strlen
 703              	.LVL52:
 180:Core/Src/MQTTPacket.c **** 	writeInt(pptr, len);
 704              		.loc 1 180 12 view .LVU195
 705 000c 0546     		mov	r5, r0
 706              	.LVL53:
 181:Core/Src/MQTTPacket.c **** 	memcpy(*pptr, string, len);
 707              		.loc 1 181 2 is_stmt 1 view .LVU196
 708 000e 0146     		mov	r1, r0
 709 0010 2046     		mov	r0, r4
 710              	.LVL54:
 181:Core/Src/MQTTPacket.c **** 	memcpy(*pptr, string, len);
 711              		.loc 1 181 2 is_stmt 0 view .LVU197
 712 0012 FFF7FEFF 		bl	writeInt
 713              	.LVL55:
 182:Core/Src/MQTTPacket.c **** 	*pptr += len;
 714              		.loc 1 182 2 is_stmt 1 view .LVU198
 715 0016 2A46     		mov	r2, r5
 716 0018 3146     		mov	r1, r6
 717 001a 2068     		ldr	r0, [r4]
 718 001c FFF7FEFF 		bl	memcpy
ARM GAS  C:\Users\Vento\AppData\Local\Temp\ccRj0Yf2.s 			page 22


 719              	.LVL56:
 183:Core/Src/MQTTPacket.c **** }
 720              		.loc 1 183 2 view .LVU199
 183:Core/Src/MQTTPacket.c **** }
 721              		.loc 1 183 8 is_stmt 0 view .LVU200
 722 0020 2068     		ldr	r0, [r4]
 723 0022 2844     		add	r0, r0, r5
 724 0024 2060     		str	r0, [r4]
 184:Core/Src/MQTTPacket.c **** 
 725              		.loc 1 184 1 view .LVU201
 726 0026 70BD     		pop	{r4, r5, r6, pc}
 184:Core/Src/MQTTPacket.c **** 
 727              		.loc 1 184 1 view .LVU202
 728              		.cfi_endproc
 729              	.LFE12:
 731              		.section	.text.getLenStringLen,"ax",%progbits
 732              		.align	1
 733              		.global	getLenStringLen
 734              		.syntax unified
 735              		.thumb
 736              		.thumb_func
 737              		.fpu softvfp
 739              	getLenStringLen:
 740              	.LVL57:
 741              	.LFB13:
 188:Core/Src/MQTTPacket.c **** 	int len = 256*((unsigned char)(*ptr)) + (unsigned char)(*(ptr+1));
 742              		.loc 1 188 1 is_stmt 1 view -0
 743              		.cfi_startproc
 744              		@ args = 0, pretend = 0, frame = 0
 745              		@ frame_needed = 0, uses_anonymous_args = 0
 746              		@ link register save eliminated.
 189:Core/Src/MQTTPacket.c **** 	return len;
 747              		.loc 1 189 2 view .LVU204
 189:Core/Src/MQTTPacket.c **** 	return len;
 748              		.loc 1 189 33 is_stmt 0 view .LVU205
 749 0000 0278     		ldrb	r2, [r0]	@ zero_extendqisi2
 189:Core/Src/MQTTPacket.c **** 	return len;
 750              		.loc 1 189 58 view .LVU206
 751 0002 4078     		ldrb	r0, [r0, #1]	@ zero_extendqisi2
 752              	.LVL58:
 190:Core/Src/MQTTPacket.c **** }
 753              		.loc 1 190 2 is_stmt 1 view .LVU207
 191:Core/Src/MQTTPacket.c **** 
 754              		.loc 1 191 1 is_stmt 0 view .LVU208
 755 0004 00EB0220 		add	r0, r0, r2, lsl #8
 756              	.LVL59:
 191:Core/Src/MQTTPacket.c **** 
 757              		.loc 1 191 1 view .LVU209
 758 0008 7047     		bx	lr
 759              		.cfi_endproc
 760              	.LFE13:
 762              		.section	.text.writeMQTTString,"ax",%progbits
 763              		.align	1
 764              		.global	writeMQTTString
 765              		.syntax unified
 766              		.thumb
 767              		.thumb_func
ARM GAS  C:\Users\Vento\AppData\Local\Temp\ccRj0Yf2.s 			page 23


 768              		.fpu softvfp
 770              	writeMQTTString:
 771              	.LVL60:
 772              	.LFB14:
 195:Core/Src/MQTTPacket.c **** 	if (mqttstring.lenstring.len > 0)
 773              		.loc 1 195 1 is_stmt 1 view -0
 774              		.cfi_startproc
 775              		@ args = 0, pretend = 0, frame = 16
 776              		@ frame_needed = 0, uses_anonymous_args = 0
 195:Core/Src/MQTTPacket.c **** 	if (mqttstring.lenstring.len > 0)
 777              		.loc 1 195 1 is_stmt 0 view .LVU211
 778 0000 30B5     		push	{r4, r5, lr}
 779              	.LCFI11:
 780              		.cfi_def_cfa_offset 12
 781              		.cfi_offset 4, -12
 782              		.cfi_offset 5, -8
 783              		.cfi_offset 14, -4
 784 0002 85B0     		sub	sp, sp, #20
 785              	.LCFI12:
 786              		.cfi_def_cfa_offset 32
 787 0004 0446     		mov	r4, r0
 788 0006 04A8     		add	r0, sp, #16
 789              	.LVL61:
 195:Core/Src/MQTTPacket.c **** 	if (mqttstring.lenstring.len > 0)
 790              		.loc 1 195 1 view .LVU212
 791 0008 00E90E00 		stmdb	r0, {r1, r2, r3}
 196:Core/Src/MQTTPacket.c **** 	{
 792              		.loc 1 196 2 is_stmt 1 view .LVU213
 196:Core/Src/MQTTPacket.c **** 	{
 793              		.loc 1 196 5 is_stmt 0 view .LVU214
 794 000c 002A     		cmp	r2, #0
 795 000e 05DC     		bgt	.L55
 202:Core/Src/MQTTPacket.c **** 		writeCString(pptr, mqttstring.cstring);
 796              		.loc 1 202 7 is_stmt 1 view .LVU215
 202:Core/Src/MQTTPacket.c **** 		writeCString(pptr, mqttstring.cstring);
 797              		.loc 1 202 21 is_stmt 0 view .LVU216
 798 0010 0199     		ldr	r1, [sp, #4]
 202:Core/Src/MQTTPacket.c **** 		writeCString(pptr, mqttstring.cstring);
 799              		.loc 1 202 10 view .LVU217
 800 0012 91B1     		cbz	r1, .L53
 203:Core/Src/MQTTPacket.c **** 	else
 801              		.loc 1 203 3 is_stmt 1 view .LVU218
 802 0014 2046     		mov	r0, r4
 803 0016 FFF7FEFF 		bl	writeCString
 804              	.LVL62:
 805 001a 0CE0     		b	.L50
 806              	.L55:
 807 001c 1546     		mov	r5, r2
 198:Core/Src/MQTTPacket.c **** 		memcpy(*pptr, mqttstring.lenstring.data, mqttstring.lenstring.len);
 808              		.loc 1 198 3 view .LVU219
 809 001e 1146     		mov	r1, r2
 810 0020 2046     		mov	r0, r4
 811 0022 FFF7FEFF 		bl	writeInt
 812              	.LVL63:
 199:Core/Src/MQTTPacket.c **** 		*pptr += mqttstring.lenstring.len;
 813              		.loc 1 199 3 view .LVU220
 814 0026 2A46     		mov	r2, r5
ARM GAS  C:\Users\Vento\AppData\Local\Temp\ccRj0Yf2.s 			page 24


 815 0028 0399     		ldr	r1, [sp, #12]
 816 002a 2068     		ldr	r0, [r4]
 817 002c FFF7FEFF 		bl	memcpy
 818              	.LVL64:
 200:Core/Src/MQTTPacket.c **** 	}
 819              		.loc 1 200 3 view .LVU221
 200:Core/Src/MQTTPacket.c **** 	}
 820              		.loc 1 200 9 is_stmt 0 view .LVU222
 821 0030 2368     		ldr	r3, [r4]
 822 0032 2B44     		add	r3, r3, r5
 823 0034 2360     		str	r3, [r4]
 824              	.L50:
 206:Core/Src/MQTTPacket.c **** 
 825              		.loc 1 206 1 view .LVU223
 826 0036 05B0     		add	sp, sp, #20
 827              	.LCFI13:
 828              		.cfi_remember_state
 829              		.cfi_def_cfa_offset 12
 830              		@ sp needed
 831 0038 30BD     		pop	{r4, r5, pc}
 832              	.LVL65:
 833              	.L53:
 834              	.LCFI14:
 835              		.cfi_restore_state
 205:Core/Src/MQTTPacket.c **** }
 836              		.loc 1 205 3 is_stmt 1 view .LVU224
 837 003a 0021     		movs	r1, #0
 838 003c 2046     		mov	r0, r4
 839 003e FFF7FEFF 		bl	writeInt
 840              	.LVL66:
 206:Core/Src/MQTTPacket.c **** 
 841              		.loc 1 206 1 is_stmt 0 view .LVU225
 842 0042 F8E7     		b	.L50
 843              		.cfi_endproc
 844              	.LFE14:
 846              		.section	.text.readMQTTLenString,"ax",%progbits
 847              		.align	1
 848              		.global	readMQTTLenString
 849              		.syntax unified
 850              		.thumb
 851              		.thumb_func
 852              		.fpu softvfp
 854              	readMQTTLenString:
 855              	.LVL67:
 856              	.LFB15:
 216:Core/Src/MQTTPacket.c **** 	int rc = 0;
 857              		.loc 1 216 1 is_stmt 1 view -0
 858              		.cfi_startproc
 859              		@ args = 0, pretend = 0, frame = 0
 860              		@ frame_needed = 0, uses_anonymous_args = 0
 216:Core/Src/MQTTPacket.c **** 	int rc = 0;
 861              		.loc 1 216 1 is_stmt 0 view .LVU227
 862 0000 70B5     		push	{r4, r5, r6, lr}
 863              	.LCFI15:
 864              		.cfi_def_cfa_offset 16
 865              		.cfi_offset 4, -16
 866              		.cfi_offset 5, -12
ARM GAS  C:\Users\Vento\AppData\Local\Temp\ccRj0Yf2.s 			page 25


 867              		.cfi_offset 6, -8
 868              		.cfi_offset 14, -4
 869 0002 0546     		mov	r5, r0
 217:Core/Src/MQTTPacket.c **** 
 870              		.loc 1 217 2 is_stmt 1 view .LVU228
 871              	.LVL68:
 219:Core/Src/MQTTPacket.c **** 	/* the first two bytes are the length of the string */
 872              		.loc 1 219 12 view .LVU229
 221:Core/Src/MQTTPacket.c **** 	{
 873              		.loc 1 221 2 view .LVU230
 221:Core/Src/MQTTPacket.c **** 	{
 874              		.loc 1 221 17 is_stmt 0 view .LVU231
 875 0004 0B68     		ldr	r3, [r1]
 221:Core/Src/MQTTPacket.c **** 	{
 876              		.loc 1 221 14 view .LVU232
 877 0006 D31A     		subs	r3, r2, r3
 221:Core/Src/MQTTPacket.c **** 	{
 878              		.loc 1 221 5 view .LVU233
 879 0008 012B     		cmp	r3, #1
 880 000a 03DC     		bgt	.L61
 217:Core/Src/MQTTPacket.c **** 
 881              		.loc 1 217 6 view .LVU234
 882 000c 0020     		movs	r0, #0
 883              	.LVL69:
 884              	.L57:
 231:Core/Src/MQTTPacket.c **** 	FUNC_EXIT_RC(rc);
 885              		.loc 1 231 2 is_stmt 1 view .LVU235
 231:Core/Src/MQTTPacket.c **** 	FUNC_EXIT_RC(rc);
 886              		.loc 1 231 22 is_stmt 0 view .LVU236
 887 000e 0023     		movs	r3, #0
 888 0010 2B60     		str	r3, [r5]
 232:Core/Src/MQTTPacket.c **** 	return rc;
 889              		.loc 1 232 18 is_stmt 1 view .LVU237
 233:Core/Src/MQTTPacket.c **** }
 890              		.loc 1 233 2 view .LVU238
 234:Core/Src/MQTTPacket.c **** 
 891              		.loc 1 234 1 is_stmt 0 view .LVU239
 892 0012 70BD     		pop	{r4, r5, r6, pc}
 893              	.LVL70:
 894              	.L61:
 234:Core/Src/MQTTPacket.c **** 
 895              		.loc 1 234 1 view .LVU240
 896 0014 0C46     		mov	r4, r1
 897 0016 1646     		mov	r6, r2
 223:Core/Src/MQTTPacket.c **** 		if (&(*pptr)[mqttstring->lenstring.len] <= enddata)
 898              		.loc 1 223 3 is_stmt 1 view .LVU241
 223:Core/Src/MQTTPacket.c **** 		if (&(*pptr)[mqttstring->lenstring.len] <= enddata)
 899              		.loc 1 223 31 is_stmt 0 view .LVU242
 900 0018 0846     		mov	r0, r1
 901              	.LVL71:
 223:Core/Src/MQTTPacket.c **** 		if (&(*pptr)[mqttstring->lenstring.len] <= enddata)
 902              		.loc 1 223 31 view .LVU243
 903 001a FFF7FEFF 		bl	readInt
 904              	.LVL72:
 223:Core/Src/MQTTPacket.c **** 		if (&(*pptr)[mqttstring->lenstring.len] <= enddata)
 905              		.loc 1 223 29 view .LVU244
 906 001e 6860     		str	r0, [r5, #4]
ARM GAS  C:\Users\Vento\AppData\Local\Temp\ccRj0Yf2.s 			page 26


 224:Core/Src/MQTTPacket.c **** 		{
 907              		.loc 1 224 3 is_stmt 1 view .LVU245
 224:Core/Src/MQTTPacket.c **** 		{
 908              		.loc 1 224 9 is_stmt 0 view .LVU246
 909 0020 2368     		ldr	r3, [r4]
 224:Core/Src/MQTTPacket.c **** 		{
 910              		.loc 1 224 7 view .LVU247
 911 0022 1844     		add	r0, r0, r3
 224:Core/Src/MQTTPacket.c **** 		{
 912              		.loc 1 224 6 view .LVU248
 913 0024 B042     		cmp	r0, r6
 914 0026 03D8     		bhi	.L59
 226:Core/Src/MQTTPacket.c **** 			*pptr += mqttstring->lenstring.len;
 915              		.loc 1 226 4 is_stmt 1 view .LVU249
 226:Core/Src/MQTTPacket.c **** 			*pptr += mqttstring->lenstring.len;
 916              		.loc 1 226 31 is_stmt 0 view .LVU250
 917 0028 AB60     		str	r3, [r5, #8]
 227:Core/Src/MQTTPacket.c **** 			rc = 1;
 918              		.loc 1 227 4 is_stmt 1 view .LVU251
 227:Core/Src/MQTTPacket.c **** 			rc = 1;
 919              		.loc 1 227 10 is_stmt 0 view .LVU252
 920 002a 2060     		str	r0, [r4]
 228:Core/Src/MQTTPacket.c **** 		}
 921              		.loc 1 228 4 is_stmt 1 view .LVU253
 922              	.LVL73:
 228:Core/Src/MQTTPacket.c **** 		}
 923              		.loc 1 228 7 is_stmt 0 view .LVU254
 924 002c 0120     		movs	r0, #1
 925 002e EEE7     		b	.L57
 926              	.LVL74:
 927              	.L59:
 217:Core/Src/MQTTPacket.c **** 
 928              		.loc 1 217 6 view .LVU255
 929 0030 0020     		movs	r0, #0
 930 0032 ECE7     		b	.L57
 931              		.cfi_endproc
 932              	.LFE15:
 934              		.section	.text.MQTTstrlen,"ax",%progbits
 935              		.align	1
 936              		.global	MQTTstrlen
 937              		.syntax unified
 938              		.thumb
 939              		.thumb_func
 940              		.fpu softvfp
 942              	MQTTstrlen:
 943              	.LFB16:
 243:Core/Src/MQTTPacket.c **** 	int rc = 0;
 944              		.loc 1 243 1 is_stmt 1 view -0
 945              		.cfi_startproc
 946              		@ args = 0, pretend = 0, frame = 16
 947              		@ frame_needed = 0, uses_anonymous_args = 0
 948 0000 00B5     		push	{lr}
 949              	.LCFI16:
 950              		.cfi_def_cfa_offset 4
 951              		.cfi_offset 14, -4
 952 0002 85B0     		sub	sp, sp, #20
 953              	.LCFI17:
ARM GAS  C:\Users\Vento\AppData\Local\Temp\ccRj0Yf2.s 			page 27


 954              		.cfi_def_cfa_offset 24
 955 0004 04AB     		add	r3, sp, #16
 956 0006 03E90700 		stmdb	r3, {r0, r1, r2}
 244:Core/Src/MQTTPacket.c **** 
 957              		.loc 1 244 2 view .LVU257
 958              	.LVL75:
 246:Core/Src/MQTTPacket.c **** 		rc = strlen(mqttstring.cstring);
 959              		.loc 1 246 2 view .LVU258
 246:Core/Src/MQTTPacket.c **** 		rc = strlen(mqttstring.cstring);
 960              		.loc 1 246 5 is_stmt 0 view .LVU259
 961 000a 20B1     		cbz	r0, .L63
 247:Core/Src/MQTTPacket.c **** 	else
 962              		.loc 1 247 3 is_stmt 1 view .LVU260
 247:Core/Src/MQTTPacket.c **** 	else
 963              		.loc 1 247 8 is_stmt 0 view .LVU261
 964 000c FFF7FEFF 		bl	strlen
 965              	.LVL76:
 966              	.L62:
 251:Core/Src/MQTTPacket.c **** 
 967              		.loc 1 251 1 view .LVU262
 968 0010 05B0     		add	sp, sp, #20
 969              	.LCFI18:
 970              		.cfi_remember_state
 971              		.cfi_def_cfa_offset 4
 972              		@ sp needed
 973 0012 5DF804FB 		ldr	pc, [sp], #4
 974              	.LVL77:
 975              	.L63:
 976              	.LCFI19:
 977              		.cfi_restore_state
 249:Core/Src/MQTTPacket.c **** 	return rc;
 978              		.loc 1 249 3 is_stmt 1 view .LVU263
 249:Core/Src/MQTTPacket.c **** 	return rc;
 979              		.loc 1 249 6 is_stmt 0 view .LVU264
 980 0016 0298     		ldr	r0, [sp, #8]
 981              	.LVL78:
 250:Core/Src/MQTTPacket.c **** }
 982              		.loc 1 250 2 is_stmt 1 view .LVU265
 250:Core/Src/MQTTPacket.c **** }
 983              		.loc 1 250 9 is_stmt 0 view .LVU266
 984 0018 FAE7     		b	.L62
 985              		.cfi_endproc
 986              	.LFE16:
 988              		.section	.text.MQTTPacket_equals,"ax",%progbits
 989              		.align	1
 990              		.global	MQTTPacket_equals
 991              		.syntax unified
 992              		.thumb
 993              		.thumb_func
 994              		.fpu softvfp
 996              	MQTTPacket_equals:
 997              	.LVL79:
 998              	.LFB17:
 261:Core/Src/MQTTPacket.c **** 	int alen = 0,
 999              		.loc 1 261 1 is_stmt 1 view -0
 1000              		.cfi_startproc
 1001              		@ args = 0, pretend = 0, frame = 0
ARM GAS  C:\Users\Vento\AppData\Local\Temp\ccRj0Yf2.s 			page 28


 1002              		@ frame_needed = 0, uses_anonymous_args = 0
 261:Core/Src/MQTTPacket.c **** 	int alen = 0,
 1003              		.loc 1 261 1 is_stmt 0 view .LVU268
 1004 0000 70B5     		push	{r4, r5, r6, lr}
 1005              	.LCFI20:
 1006              		.cfi_def_cfa_offset 16
 1007              		.cfi_offset 4, -16
 1008              		.cfi_offset 5, -12
 1009              		.cfi_offset 6, -8
 1010              		.cfi_offset 14, -4
 1011 0002 0C46     		mov	r4, r1
 262:Core/Src/MQTTPacket.c **** 		blen = 0;
 1012              		.loc 1 262 2 is_stmt 1 view .LVU269
 1013              	.LVL80:
 264:Core/Src/MQTTPacket.c **** 	
 1014              		.loc 1 264 2 view .LVU270
 266:Core/Src/MQTTPacket.c **** 	{
 1015              		.loc 1 266 2 view .LVU271
 266:Core/Src/MQTTPacket.c **** 	{
 1016              		.loc 1 266 7 is_stmt 0 view .LVU272
 1017 0004 0668     		ldr	r6, [r0]
 266:Core/Src/MQTTPacket.c **** 	{
 1018              		.loc 1 266 5 view .LVU273
 1019 0006 56B1     		cbz	r6, .L67
 268:Core/Src/MQTTPacket.c **** 		alen = strlen(a->cstring);
 1020              		.loc 1 268 3 is_stmt 1 view .LVU274
 1021              	.LVL81:
 269:Core/Src/MQTTPacket.c **** 	}
 1022              		.loc 1 269 3 view .LVU275
 269:Core/Src/MQTTPacket.c **** 	}
 1023              		.loc 1 269 10 is_stmt 0 view .LVU276
 1024 0008 3046     		mov	r0, r6
 1025              	.LVL82:
 269:Core/Src/MQTTPacket.c **** 	}
 1026              		.loc 1 269 10 view .LVU277
 1027 000a FFF7FEFF 		bl	strlen
 1028              	.LVL83:
 269:Core/Src/MQTTPacket.c **** 	}
 1029              		.loc 1 269 8 view .LVU278
 1030 000e 0546     		mov	r5, r0
 1031              	.LVL84:
 1032              	.L68:
 276:Core/Src/MQTTPacket.c **** 	
 1033              		.loc 1 276 2 is_stmt 1 view .LVU279
 276:Core/Src/MQTTPacket.c **** 	
 1034              		.loc 1 276 9 is_stmt 0 view .LVU280
 1035 0010 2046     		mov	r0, r4
 1036 0012 FFF7FEFF 		bl	strlen
 1037              	.LVL85:
 278:Core/Src/MQTTPacket.c **** }
 1038              		.loc 1 278 2 is_stmt 1 view .LVU281
 278:Core/Src/MQTTPacket.c **** }
 1039              		.loc 1 278 24 is_stmt 0 view .LVU282
 1040 0016 8542     		cmp	r5, r0
 1041 0018 04D0     		beq	.L73
 278:Core/Src/MQTTPacket.c **** }
 1042              		.loc 1 278 24 view .LVU283
ARM GAS  C:\Users\Vento\AppData\Local\Temp\ccRj0Yf2.s 			page 29


 1043 001a 0020     		movs	r0, #0
 1044              	.LVL86:
 1045              	.L66:
 279:Core/Src/MQTTPacket.c **** 
 1046              		.loc 1 279 1 view .LVU284
 1047 001c 70BD     		pop	{r4, r5, r6, pc}
 1048              	.LVL87:
 1049              	.L67:
 273:Core/Src/MQTTPacket.c **** 		alen = a->lenstring.len;
 1050              		.loc 1 273 3 is_stmt 1 view .LVU285
 273:Core/Src/MQTTPacket.c **** 		alen = a->lenstring.len;
 1051              		.loc 1 273 8 is_stmt 0 view .LVU286
 1052 001e 8668     		ldr	r6, [r0, #8]
 1053              	.LVL88:
 274:Core/Src/MQTTPacket.c **** 	}
 1054              		.loc 1 274 3 is_stmt 1 view .LVU287
 274:Core/Src/MQTTPacket.c **** 	}
 1055              		.loc 1 274 8 is_stmt 0 view .LVU288
 1056 0020 4568     		ldr	r5, [r0, #4]
 1057              	.LVL89:
 274:Core/Src/MQTTPacket.c **** 	}
 1058              		.loc 1 274 8 view .LVU289
 1059 0022 F5E7     		b	.L68
 1060              	.LVL90:
 1061              	.L73:
 278:Core/Src/MQTTPacket.c **** }
 1062              		.loc 1 278 28 discriminator 1 view .LVU290
 1063 0024 2A46     		mov	r2, r5
 1064 0026 2146     		mov	r1, r4
 1065 0028 3046     		mov	r0, r6
 1066              	.LVL91:
 278:Core/Src/MQTTPacket.c **** }
 1067              		.loc 1 278 28 discriminator 1 view .LVU291
 1068 002a FFF7FEFF 		bl	strncmp
 1069              	.LVL92:
 278:Core/Src/MQTTPacket.c **** }
 1070              		.loc 1 278 24 discriminator 1 view .LVU292
 1071 002e 08B1     		cbz	r0, .L71
 278:Core/Src/MQTTPacket.c **** }
 1072              		.loc 1 278 24 view .LVU293
 1073 0030 0020     		movs	r0, #0
 1074 0032 F3E7     		b	.L66
 1075              	.L71:
 1076 0034 0120     		movs	r0, #1
 1077 0036 F1E7     		b	.L66
 1078              		.cfi_endproc
 1079              	.LFE17:
 1081              		.section	.text.MQTTPacket_read,"ax",%progbits
 1082              		.align	1
 1083              		.global	MQTTPacket_read
 1084              		.syntax unified
 1085              		.thumb
 1086              		.thumb_func
 1087              		.fpu softvfp
 1089              	MQTTPacket_read:
 1090              	.LVL93:
 1091              	.LFB18:
ARM GAS  C:\Users\Vento\AppData\Local\Temp\ccRj0Yf2.s 			page 30


 291:Core/Src/MQTTPacket.c **** 	int rc = -1;
 1092              		.loc 1 291 1 is_stmt 1 view -0
 1093              		.cfi_startproc
 1094              		@ args = 0, pretend = 0, frame = 8
 1095              		@ frame_needed = 0, uses_anonymous_args = 0
 291:Core/Src/MQTTPacket.c **** 	int rc = -1;
 1096              		.loc 1 291 1 is_stmt 0 view .LVU295
 1097 0000 70B5     		push	{r4, r5, r6, lr}
 1098              	.LCFI21:
 1099              		.cfi_def_cfa_offset 16
 1100              		.cfi_offset 4, -16
 1101              		.cfi_offset 5, -12
 1102              		.cfi_offset 6, -8
 1103              		.cfi_offset 14, -4
 1104 0002 82B0     		sub	sp, sp, #8
 1105              	.LCFI22:
 1106              		.cfi_def_cfa_offset 24
 1107 0004 0546     		mov	r5, r0
 1108 0006 0E46     		mov	r6, r1
 1109 0008 1446     		mov	r4, r2
 292:Core/Src/MQTTPacket.c **** 	MQTTHeader header = {0};
 1110              		.loc 1 292 2 is_stmt 1 view .LVU296
 1111              	.LVL94:
 293:Core/Src/MQTTPacket.c **** 	int len = 0;
 1112              		.loc 1 293 2 view .LVU297
 293:Core/Src/MQTTPacket.c **** 	int len = 0;
 1113              		.loc 1 293 13 is_stmt 0 view .LVU298
 1114 000a 0023     		movs	r3, #0
 1115              	.LVL95:
 294:Core/Src/MQTTPacket.c **** 	int rem_len = 0;
 1116              		.loc 1 294 2 is_stmt 1 view .LVU299
 295:Core/Src/MQTTPacket.c **** 
 1117              		.loc 1 295 2 view .LVU300
 295:Core/Src/MQTTPacket.c **** 
 1118              		.loc 1 295 6 is_stmt 0 view .LVU301
 1119 000c 0193     		str	r3, [sp, #4]
 298:Core/Src/MQTTPacket.c **** 		goto exit;
 1120              		.loc 1 298 2 is_stmt 1 view .LVU302
 298:Core/Src/MQTTPacket.c **** 		goto exit;
 1121              		.loc 1 298 7 is_stmt 0 view .LVU303
 1122 000e 0121     		movs	r1, #1
 1123              	.LVL96:
 298:Core/Src/MQTTPacket.c **** 		goto exit;
 1124              		.loc 1 298 7 view .LVU304
 1125 0010 9047     		blx	r2
 1126              	.LVL97:
 298:Core/Src/MQTTPacket.c **** 		goto exit;
 1127              		.loc 1 298 5 view .LVU305
 1128 0012 0128     		cmp	r0, #1
 1129 0014 16D1     		bne	.L77
 301:Core/Src/MQTTPacket.c **** 	/* 2. read the remaining length.  This is variable in itself */
 1130              		.loc 1 301 2 is_stmt 1 view .LVU306
 1131              	.LVL98:
 303:Core/Src/MQTTPacket.c **** 	len += MQTTPacket_encode(buf + 1, rem_len); /* put the original remaining length back into the buf
 1132              		.loc 1 303 2 view .LVU307
 1133 0016 01A9     		add	r1, sp, #4
 1134 0018 2046     		mov	r0, r4
ARM GAS  C:\Users\Vento\AppData\Local\Temp\ccRj0Yf2.s 			page 31


 1135 001a FFF7FEFF 		bl	MQTTPacket_decode
 1136              	.LVL99:
 304:Core/Src/MQTTPacket.c **** 
 1137              		.loc 1 304 2 view .LVU308
 304:Core/Src/MQTTPacket.c **** 
 1138              		.loc 1 304 9 is_stmt 0 view .LVU309
 1139 001e 0199     		ldr	r1, [sp, #4]
 1140 0020 681C     		adds	r0, r5, #1
 1141 0022 FFF7FEFF 		bl	MQTTPacket_encode
 1142              	.LVL100:
 304:Core/Src/MQTTPacket.c **** 
 1143              		.loc 1 304 6 view .LVU310
 1144 0026 0130     		adds	r0, r0, #1
 1145              	.LVL101:
 307:Core/Src/MQTTPacket.c **** 		goto exit;
 1146              		.loc 1 307 2 is_stmt 1 view .LVU311
 307:Core/Src/MQTTPacket.c **** 		goto exit;
 1147              		.loc 1 307 14 is_stmt 0 view .LVU312
 1148 0028 0199     		ldr	r1, [sp, #4]
 1149 002a 0B18     		adds	r3, r1, r0
 307:Core/Src/MQTTPacket.c **** 		goto exit;
 1150              		.loc 1 307 4 view .LVU313
 1151 002c B342     		cmp	r3, r6
 1152 002e 0CDC     		bgt	.L78
 309:Core/Src/MQTTPacket.c **** 		goto exit;
 1153              		.loc 1 309 2 is_stmt 1 view .LVU314
 309:Core/Src/MQTTPacket.c **** 		goto exit;
 1154              		.loc 1 309 5 is_stmt 0 view .LVU315
 1155 0030 21B1     		cbz	r1, .L76
 309:Core/Src/MQTTPacket.c **** 		goto exit;
 1156              		.loc 1 309 19 discriminator 1 view .LVU316
 1157 0032 2844     		add	r0, r0, r5
 1158              	.LVL102:
 309:Core/Src/MQTTPacket.c **** 		goto exit;
 1159              		.loc 1 309 19 discriminator 1 view .LVU317
 1160 0034 A047     		blx	r4
 1161              	.LVL103:
 309:Core/Src/MQTTPacket.c **** 		goto exit;
 1162              		.loc 1 309 47 discriminator 1 view .LVU318
 1163 0036 019B     		ldr	r3, [sp, #4]
 309:Core/Src/MQTTPacket.c **** 		goto exit;
 1164              		.loc 1 309 14 discriminator 1 view .LVU319
 1165 0038 9842     		cmp	r0, r3
 1166 003a 09D1     		bne	.L79
 1167              	.L76:
 312:Core/Src/MQTTPacket.c **** 	rc = header.bits.type;
 1168              		.loc 1 312 2 is_stmt 1 view .LVU320
 312:Core/Src/MQTTPacket.c **** 	rc = header.bits.type;
 1169              		.loc 1 312 19 is_stmt 0 view .LVU321
 1170 003c 2878     		ldrb	r0, [r5]	@ zero_extendqisi2
 313:Core/Src/MQTTPacket.c **** exit:
 1171              		.loc 1 313 2 is_stmt 1 view .LVU322
 313:Core/Src/MQTTPacket.c **** exit:
 1172              		.loc 1 313 18 is_stmt 0 view .LVU323
 1173 003e 0009     		lsrs	r0, r0, #4
 1174              	.LVL104:
 1175              	.L74:
ARM GAS  C:\Users\Vento\AppData\Local\Temp\ccRj0Yf2.s 			page 32


 316:Core/Src/MQTTPacket.c **** 
 1176              		.loc 1 316 1 view .LVU324
 1177 0040 02B0     		add	sp, sp, #8
 1178              	.LCFI23:
 1179              		.cfi_remember_state
 1180              		.cfi_def_cfa_offset 16
 1181              		@ sp needed
 1182 0042 70BD     		pop	{r4, r5, r6, pc}
 1183              	.LVL105:
 1184              	.L77:
 1185              	.LCFI24:
 1186              		.cfi_restore_state
 292:Core/Src/MQTTPacket.c **** 	MQTTHeader header = {0};
 1187              		.loc 1 292 6 view .LVU325
 1188 0044 4FF0FF30 		mov	r0, #-1
 1189 0048 FAE7     		b	.L74
 1190              	.LVL106:
 1191              	.L78:
 292:Core/Src/MQTTPacket.c **** 	MQTTHeader header = {0};
 1192              		.loc 1 292 6 view .LVU326
 1193 004a 4FF0FF30 		mov	r0, #-1
 1194              	.LVL107:
 292:Core/Src/MQTTPacket.c **** 	MQTTHeader header = {0};
 1195              		.loc 1 292 6 view .LVU327
 1196 004e F7E7     		b	.L74
 1197              	.L79:
 1198 0050 4FF0FF30 		mov	r0, #-1
 1199              	.L75:
 315:Core/Src/MQTTPacket.c **** }
 1200              		.loc 1 315 2 is_stmt 1 view .LVU328
 315:Core/Src/MQTTPacket.c **** }
 1201              		.loc 1 315 9 is_stmt 0 view .LVU329
 1202 0054 F4E7     		b	.L74
 1203              		.cfi_endproc
 1204              	.LFE18:
 1206              		.section	.text.MQTTPacket_readnb,"ax",%progbits
 1207              		.align	1
 1208              		.global	MQTTPacket_readnb
 1209              		.syntax unified
 1210              		.thumb
 1211              		.thumb_func
 1212              		.fpu softvfp
 1214              	MQTTPacket_readnb:
 1215              	.LVL108:
 1216              	.LFB20:
 353:Core/Src/MQTTPacket.c **** 
 354:Core/Src/MQTTPacket.c **** /**
 355:Core/Src/MQTTPacket.c ****  * Helper function to read packet data from some source into a buffer, non-blocking
 356:Core/Src/MQTTPacket.c ****  * @param buf the buffer into which the packet will be serialized
 357:Core/Src/MQTTPacket.c ****  * @param buflen the length in bytes of the supplied buffer
 358:Core/Src/MQTTPacket.c ****  * @param trp pointer to a transport structure holding what is needed to solve getting data from it
 359:Core/Src/MQTTPacket.c ****  * @return integer MQTT packet type, 0 for call again, or -1 on error
 360:Core/Src/MQTTPacket.c ****  * @note  the whole message must fit into the caller's buffer
 361:Core/Src/MQTTPacket.c ****  */
 362:Core/Src/MQTTPacket.c **** int MQTTPacket_readnb(unsigned char* buf, int buflen, MQTTTransport *trp)
 363:Core/Src/MQTTPacket.c **** {
 1217              		.loc 1 363 1 is_stmt 1 view -0
ARM GAS  C:\Users\Vento\AppData\Local\Temp\ccRj0Yf2.s 			page 33


 1218              		.cfi_startproc
 1219              		@ args = 0, pretend = 0, frame = 0
 1220              		@ frame_needed = 0, uses_anonymous_args = 0
 1221              		.loc 1 363 1 is_stmt 0 view .LVU331
 1222 0000 70B5     		push	{r4, r5, r6, lr}
 1223              	.LCFI25:
 1224              		.cfi_def_cfa_offset 16
 1225              		.cfi_offset 4, -16
 1226              		.cfi_offset 5, -12
 1227              		.cfi_offset 6, -8
 1228              		.cfi_offset 14, -4
 1229 0002 0546     		mov	r5, r0
 1230 0004 0E46     		mov	r6, r1
 1231 0006 1446     		mov	r4, r2
 364:Core/Src/MQTTPacket.c **** 	int rc = -1, frc;
 1232              		.loc 1 364 2 is_stmt 1 view .LVU332
 1233              	.LVL109:
 365:Core/Src/MQTTPacket.c **** 	MQTTHeader header = {0};
 1234              		.loc 1 365 2 view .LVU333
 366:Core/Src/MQTTPacket.c **** 
 367:Core/Src/MQTTPacket.c **** 	switch(trp->state){
 1235              		.loc 1 367 2 view .LVU334
 1236              		.loc 1 367 12 is_stmt 0 view .LVU335
 1237 0008 137D     		ldrb	r3, [r2, #20]	@ zero_extendqisi2
 1238              		.loc 1 367 2 view .LVU336
 1239 000a 012B     		cmp	r3, #1
 1240 000c 12D0     		beq	.L82
 1241 000e 022B     		cmp	r3, #2
 1242 0010 24D0     		beq	.L83
 1243 0012 0BB1     		cbz	r3, .L84
 368:Core/Src/MQTTPacket.c **** 	default:
 369:Core/Src/MQTTPacket.c **** 		trp->state = 0;
 1244              		.loc 1 369 3 is_stmt 1 view .LVU337
 1245              		.loc 1 369 14 is_stmt 0 view .LVU338
 1246 0014 0023     		movs	r3, #0
 1247 0016 1375     		strb	r3, [r2, #20]
 1248              	.L84:
 370:Core/Src/MQTTPacket.c **** 		/*FALLTHROUGH*/
 371:Core/Src/MQTTPacket.c **** 	case 0:
 372:Core/Src/MQTTPacket.c **** 		/* read the header byte.  This has the packet type in it */
 373:Core/Src/MQTTPacket.c **** 		if ((frc=(*trp->getfn)(trp->sck, buf, 1)) == -1)
 1249              		.loc 1 373 3 is_stmt 1 view .LVU339
 1250              		.loc 1 373 13 is_stmt 0 view .LVU340
 1251 0018 2368     		ldr	r3, [r4]
 1252 001a 0122     		movs	r2, #1
 1253              	.LVL110:
 1254              		.loc 1 373 13 view .LVU341
 1255 001c 2946     		mov	r1, r5
 1256              	.LVL111:
 1257              		.loc 1 373 13 view .LVU342
 1258 001e 6068     		ldr	r0, [r4, #4]
 1259              	.LVL112:
 1260              		.loc 1 373 13 view .LVU343
 1261 0020 9847     		blx	r3
 1262              	.LVL113:
 1263              		.loc 1 373 6 view .LVU344
 1264 0022 B0F1FF3F 		cmp	r0, #-1
ARM GAS  C:\Users\Vento\AppData\Local\Temp\ccRj0Yf2.s 			page 34


 1265 0026 2DD0     		beq	.L85
 374:Core/Src/MQTTPacket.c **** 			goto exit;
 375:Core/Src/MQTTPacket.c **** 		if (frc == 0)
 1266              		.loc 1 375 3 is_stmt 1 view .LVU345
 1267              		.loc 1 375 6 is_stmt 0 view .LVU346
 1268 0028 70B3     		cbz	r0, .L81
 376:Core/Src/MQTTPacket.c **** 			return 0;
 377:Core/Src/MQTTPacket.c **** 		trp->len = 0;
 1269              		.loc 1 377 3 is_stmt 1 view .LVU347
 1270              		.loc 1 377 12 is_stmt 0 view .LVU348
 1271 002a 0023     		movs	r3, #0
 1272 002c 2361     		str	r3, [r4, #16]
 378:Core/Src/MQTTPacket.c **** 		++trp->state;
 1273              		.loc 1 378 3 is_stmt 1 view .LVU349
 1274              		.loc 1 378 8 is_stmt 0 view .LVU350
 1275 002e 237D     		ldrb	r3, [r4, #20]	@ zero_extendqisi2
 1276              		.loc 1 378 3 view .LVU351
 1277 0030 0133     		adds	r3, r3, #1
 1278 0032 2375     		strb	r3, [r4, #20]
 1279              	.LVL114:
 1280              	.L82:
 379:Core/Src/MQTTPacket.c **** 		/*FALLTHROUGH*/
 380:Core/Src/MQTTPacket.c **** 		/* read the remaining length.  This is variable in itself */
 381:Core/Src/MQTTPacket.c **** 	case 1:
 382:Core/Src/MQTTPacket.c **** 		if((frc=MQTTPacket_decodenb(trp)) == MQTTPACKET_READ_ERROR)
 1281              		.loc 1 382 3 is_stmt 1 view .LVU352
 1282              		.loc 1 382 11 is_stmt 0 view .LVU353
 1283 0034 2046     		mov	r0, r4
 1284 0036 FFF7FEFF 		bl	MQTTPacket_decodenb
 1285              	.LVL115:
 1286              		.loc 1 382 5 view .LVU354
 1287 003a B0F1FF3F 		cmp	r0, #-1
 1288 003e 21D0     		beq	.L85
 383:Core/Src/MQTTPacket.c **** 			goto exit;
 384:Core/Src/MQTTPacket.c **** 		if(frc == 0)
 1289              		.loc 1 384 3 is_stmt 1 view .LVU355
 1290              		.loc 1 384 5 is_stmt 0 view .LVU356
 1291 0040 10B3     		cbz	r0, .L81
 385:Core/Src/MQTTPacket.c **** 			return 0;
 386:Core/Src/MQTTPacket.c **** 		trp->len = 1 + MQTTPacket_encode(buf + 1, trp->rem_len); /* put the original remaining length bac
 1292              		.loc 1 386 3 is_stmt 1 view .LVU357
 1293              		.loc 1 386 18 is_stmt 0 view .LVU358
 1294 0042 E168     		ldr	r1, [r4, #12]
 1295 0044 681C     		adds	r0, r5, #1
 1296              	.LVL116:
 1297              		.loc 1 386 18 view .LVU359
 1298 0046 FFF7FEFF 		bl	MQTTPacket_encode
 1299              	.LVL117:
 1300              		.loc 1 386 16 view .LVU360
 1301 004a 0130     		adds	r0, r0, #1
 1302              		.loc 1 386 12 view .LVU361
 1303 004c 2061     		str	r0, [r4, #16]
 387:Core/Src/MQTTPacket.c **** 		if((trp->rem_len + trp->len) > buflen)
 1304              		.loc 1 387 3 is_stmt 1 view .LVU362
 1305              		.loc 1 387 10 is_stmt 0 view .LVU363
 1306 004e E368     		ldr	r3, [r4, #12]
 1307              		.loc 1 387 20 view .LVU364
ARM GAS  C:\Users\Vento\AppData\Local\Temp\ccRj0Yf2.s 			page 35


 1308 0050 1844     		add	r0, r0, r3
 1309              		.loc 1 387 5 view .LVU365
 1310 0052 B042     		cmp	r0, r6
 1311 0054 19DC     		bgt	.L88
 388:Core/Src/MQTTPacket.c **** 			goto exit;
 389:Core/Src/MQTTPacket.c **** 		++trp->state;
 1312              		.loc 1 389 3 is_stmt 1 view .LVU366
 1313              		.loc 1 389 8 is_stmt 0 view .LVU367
 1314 0056 237D     		ldrb	r3, [r4, #20]	@ zero_extendqisi2
 1315              		.loc 1 389 3 view .LVU368
 1316 0058 0133     		adds	r3, r3, #1
 1317 005a 2375     		strb	r3, [r4, #20]
 1318              	.L83:
 390:Core/Src/MQTTPacket.c **** 		/*FALLTHROUGH*/
 391:Core/Src/MQTTPacket.c **** 	case 2:
 392:Core/Src/MQTTPacket.c **** 		if(trp->rem_len){
 1319              		.loc 1 392 3 is_stmt 1 view .LVU369
 1320              		.loc 1 392 9 is_stmt 0 view .LVU370
 1321 005c E268     		ldr	r2, [r4, #12]
 1322              		.loc 1 392 5 view .LVU371
 1323 005e 7AB1     		cbz	r2, .L87
 393:Core/Src/MQTTPacket.c **** 			/* read the rest of the buffer using a callback to supply the rest of the data */
 394:Core/Src/MQTTPacket.c **** 			if ((frc=(*trp->getfn)(trp->sck, buf + trp->len, trp->rem_len)) == -1)
 1324              		.loc 1 394 4 is_stmt 1 view .LVU372
 1325              		.loc 1 394 46 is_stmt 0 view .LVU373
 1326 0060 2169     		ldr	r1, [r4, #16]
 1327              		.loc 1 394 14 view .LVU374
 1328 0062 2368     		ldr	r3, [r4]
 1329 0064 2944     		add	r1, r1, r5
 1330 0066 6068     		ldr	r0, [r4, #4]
 1331 0068 9847     		blx	r3
 1332              	.LVL118:
 1333              		.loc 1 394 7 view .LVU375
 1334 006a B0F1FF3F 		cmp	r0, #-1
 1335 006e 09D0     		beq	.L85
 395:Core/Src/MQTTPacket.c **** 				goto exit;
 396:Core/Src/MQTTPacket.c **** 			if (frc == 0)
 1336              		.loc 1 396 4 is_stmt 1 view .LVU376
 1337              		.loc 1 396 7 is_stmt 0 view .LVU377
 1338 0070 50B1     		cbz	r0, .L81
 397:Core/Src/MQTTPacket.c **** 				return 0;
 398:Core/Src/MQTTPacket.c **** 			trp->rem_len -= frc;
 1339              		.loc 1 398 4 is_stmt 1 view .LVU378
 1340              		.loc 1 398 17 is_stmt 0 view .LVU379
 1341 0072 E368     		ldr	r3, [r4, #12]
 1342 0074 1B1A     		subs	r3, r3, r0
 1343 0076 E360     		str	r3, [r4, #12]
 399:Core/Src/MQTTPacket.c **** 			trp->len += frc;
 1344              		.loc 1 399 4 is_stmt 1 view .LVU380
 1345              		.loc 1 399 13 is_stmt 0 view .LVU381
 1346 0078 2269     		ldr	r2, [r4, #16]
 1347 007a 1044     		add	r0, r0, r2
 1348              	.LVL119:
 1349              		.loc 1 399 13 view .LVU382
 1350 007c 2061     		str	r0, [r4, #16]
 400:Core/Src/MQTTPacket.c **** 			if(trp->rem_len)
 1351              		.loc 1 400 4 is_stmt 1 view .LVU383
ARM GAS  C:\Users\Vento\AppData\Local\Temp\ccRj0Yf2.s 			page 36


 1352              		.loc 1 400 6 is_stmt 0 view .LVU384
 1353 007e 3BB9     		cbnz	r3, .L89
 1354              	.L87:
 401:Core/Src/MQTTPacket.c **** 				return 0;
 402:Core/Src/MQTTPacket.c **** 		}
 403:Core/Src/MQTTPacket.c **** 		header.byte = buf[0];
 1355              		.loc 1 403 3 is_stmt 1 view .LVU385
 1356              		.loc 1 403 20 is_stmt 0 view .LVU386
 1357 0080 2878     		ldrb	r0, [r5]	@ zero_extendqisi2
 404:Core/Src/MQTTPacket.c **** 		rc = header.bits.type;
 1358              		.loc 1 404 3 is_stmt 1 view .LVU387
 1359              		.loc 1 404 19 is_stmt 0 view .LVU388
 1360 0082 0009     		lsrs	r0, r0, #4
 1361              	.LVL120:
 405:Core/Src/MQTTPacket.c **** 		break;
 1362              		.loc 1 405 3 is_stmt 1 view .LVU389
 1363              	.L85:
 406:Core/Src/MQTTPacket.c **** 	}
 407:Core/Src/MQTTPacket.c **** 
 408:Core/Src/MQTTPacket.c **** exit:
 409:Core/Src/MQTTPacket.c **** 	trp->state = 0;
 1364              		.loc 1 409 2 view .LVU390
 1365              		.loc 1 409 13 is_stmt 0 view .LVU391
 1366 0084 0023     		movs	r3, #0
 1367 0086 2375     		strb	r3, [r4, #20]
 410:Core/Src/MQTTPacket.c **** 	return rc;
 1368              		.loc 1 410 2 is_stmt 1 view .LVU392
 1369              	.LVL121:
 1370              	.L81:
 411:Core/Src/MQTTPacket.c **** }
 1371              		.loc 1 411 1 is_stmt 0 view .LVU393
 1372 0088 70BD     		pop	{r4, r5, r6, pc}
 1373              	.LVL122:
 1374              	.L88:
 364:Core/Src/MQTTPacket.c **** 	MQTTHeader header = {0};
 1375              		.loc 1 364 6 view .LVU394
 1376 008a 4FF0FF30 		mov	r0, #-1
 1377 008e F9E7     		b	.L85
 1378              	.L89:
 401:Core/Src/MQTTPacket.c **** 		}
 1379              		.loc 1 401 12 view .LVU395
 1380 0090 0020     		movs	r0, #0
 1381 0092 F9E7     		b	.L81
 1382              		.cfi_endproc
 1383              	.LFE20:
 1385              		.section	.bss.bufptr,"aw",%nobits
 1386              		.align	2
 1387              		.set	.LANCHOR0,. + 0
 1390              	bufptr:
 1391 0000 00000000 		.space	4
 1392              		.text
 1393              	.Letext0:
 1394              		.file 2 "Core/Inc/MQTTPacket.h"
 1395              		.file 3 "d:\\tools\\gcc-arm-none-eabi-10.3-2021.07\\arm-none-eabi\\include\\string.h"
 1396              		.file 4 "<built-in>"
ARM GAS  C:\Users\Vento\AppData\Local\Temp\ccRj0Yf2.s 			page 37


DEFINED SYMBOLS
                            *ABS*:00000000 MQTTPacket.c
C:\Users\Vento\AppData\Local\Temp\ccRj0Yf2.s:16     .text.bufchar:00000000 $t
C:\Users\Vento\AppData\Local\Temp\ccRj0Yf2.s:24     .text.bufchar:00000000 bufchar
C:\Users\Vento\AppData\Local\Temp\ccRj0Yf2.s:85     .text.bufchar:00000028 $d
C:\Users\Vento\AppData\Local\Temp\ccRj0Yf2.s:90     .text.MQTTPacket_decodenb:00000000 $t
C:\Users\Vento\AppData\Local\Temp\ccRj0Yf2.s:96     .text.MQTTPacket_decodenb:00000000 MQTTPacket_decodenb
C:\Users\Vento\AppData\Local\Temp\ccRj0Yf2.s:200    .text.MQTTPacket_encode:00000000 $t
C:\Users\Vento\AppData\Local\Temp\ccRj0Yf2.s:207    .text.MQTTPacket_encode:00000000 MQTTPacket_encode
C:\Users\Vento\AppData\Local\Temp\ccRj0Yf2.s:297    .text.MQTTPacket_decode:00000000 $t
C:\Users\Vento\AppData\Local\Temp\ccRj0Yf2.s:304    .text.MQTTPacket_decode:00000000 MQTTPacket_decode
C:\Users\Vento\AppData\Local\Temp\ccRj0Yf2.s:393    .text.MQTTPacket_len:00000000 $t
C:\Users\Vento\AppData\Local\Temp\ccRj0Yf2.s:400    .text.MQTTPacket_len:00000000 MQTTPacket_len
C:\Users\Vento\AppData\Local\Temp\ccRj0Yf2.s:459    .text.MQTTPacket_len:00000024 $d
C:\Users\Vento\AppData\Local\Temp\ccRj0Yf2.s:464    .text.MQTTPacket_decodeBuf:00000000 $t
C:\Users\Vento\AppData\Local\Temp\ccRj0Yf2.s:471    .text.MQTTPacket_decodeBuf:00000000 MQTTPacket_decodeBuf
C:\Users\Vento\AppData\Local\Temp\ccRj0Yf2.s:500    .text.MQTTPacket_decodeBuf:00000010 $d
C:\Users\Vento\AppData\Local\Temp\ccRj0Yf2.s:506    .text.readInt:00000000 $t
C:\Users\Vento\AppData\Local\Temp\ccRj0Yf2.s:513    .text.readInt:00000000 readInt
C:\Users\Vento\AppData\Local\Temp\ccRj0Yf2.s:548    .text.readChar:00000000 $t
C:\Users\Vento\AppData\Local\Temp\ccRj0Yf2.s:555    .text.readChar:00000000 readChar
C:\Users\Vento\AppData\Local\Temp\ccRj0Yf2.s:580    .text.writeChar:00000000 $t
C:\Users\Vento\AppData\Local\Temp\ccRj0Yf2.s:587    .text.writeChar:00000000 writeChar
C:\Users\Vento\AppData\Local\Temp\ccRj0Yf2.s:612    .text.writeInt:00000000 $t
C:\Users\Vento\AppData\Local\Temp\ccRj0Yf2.s:619    .text.writeInt:00000000 writeInt
C:\Users\Vento\AppData\Local\Temp\ccRj0Yf2.s:673    .text.writeCString:00000000 $t
C:\Users\Vento\AppData\Local\Temp\ccRj0Yf2.s:680    .text.writeCString:00000000 writeCString
C:\Users\Vento\AppData\Local\Temp\ccRj0Yf2.s:732    .text.getLenStringLen:00000000 $t
C:\Users\Vento\AppData\Local\Temp\ccRj0Yf2.s:739    .text.getLenStringLen:00000000 getLenStringLen
C:\Users\Vento\AppData\Local\Temp\ccRj0Yf2.s:763    .text.writeMQTTString:00000000 $t
C:\Users\Vento\AppData\Local\Temp\ccRj0Yf2.s:770    .text.writeMQTTString:00000000 writeMQTTString
C:\Users\Vento\AppData\Local\Temp\ccRj0Yf2.s:847    .text.readMQTTLenString:00000000 $t
C:\Users\Vento\AppData\Local\Temp\ccRj0Yf2.s:854    .text.readMQTTLenString:00000000 readMQTTLenString
C:\Users\Vento\AppData\Local\Temp\ccRj0Yf2.s:935    .text.MQTTstrlen:00000000 $t
C:\Users\Vento\AppData\Local\Temp\ccRj0Yf2.s:942    .text.MQTTstrlen:00000000 MQTTstrlen
C:\Users\Vento\AppData\Local\Temp\ccRj0Yf2.s:989    .text.MQTTPacket_equals:00000000 $t
C:\Users\Vento\AppData\Local\Temp\ccRj0Yf2.s:996    .text.MQTTPacket_equals:00000000 MQTTPacket_equals
C:\Users\Vento\AppData\Local\Temp\ccRj0Yf2.s:1082   .text.MQTTPacket_read:00000000 $t
C:\Users\Vento\AppData\Local\Temp\ccRj0Yf2.s:1089   .text.MQTTPacket_read:00000000 MQTTPacket_read
C:\Users\Vento\AppData\Local\Temp\ccRj0Yf2.s:1207   .text.MQTTPacket_readnb:00000000 $t
C:\Users\Vento\AppData\Local\Temp\ccRj0Yf2.s:1214   .text.MQTTPacket_readnb:00000000 MQTTPacket_readnb
C:\Users\Vento\AppData\Local\Temp\ccRj0Yf2.s:1386   .bss.bufptr:00000000 $d
C:\Users\Vento\AppData\Local\Temp\ccRj0Yf2.s:1390   .bss.bufptr:00000000 bufptr

UNDEFINED SYMBOLS
strlen
memcpy
strncmp
