ARM GAS  C:\Users\Vento\AppData\Local\Temp\cccyC2FX.s 			page 1


   1              		.cpu cortex-m3
   2              		.eabi_attribute 20, 1
   3              		.eabi_attribute 21, 1
   4              		.eabi_attribute 23, 3
   5              		.eabi_attribute 24, 1
   6              		.eabi_attribute 25, 1
   7              		.eabi_attribute 26, 1
   8              		.eabi_attribute 30, 1
   9              		.eabi_attribute 34, 1
  10              		.eabi_attribute 18, 4
  11              		.file	"stm32f1xx_it.c"
  12              		.text
  13              	.Ltext0:
  14              		.cfi_sections	.debug_frame
  15              		.section	.text.NMI_Handler,"ax",%progbits
  16              		.align	1
  17              		.global	NMI_Handler
  18              		.arch armv7-m
  19              		.syntax unified
  20              		.thumb
  21              		.thumb_func
  22              		.fpu softvfp
  24              	NMI_Handler:
  25              	.LFB65:
  26              		.file 1 "Core/Src/stm32f1xx_it.c"
   1:Core/Src/stm32f1xx_it.c **** /* USER CODE BEGIN Header */
   2:Core/Src/stm32f1xx_it.c **** /**
   3:Core/Src/stm32f1xx_it.c ****   ******************************************************************************
   4:Core/Src/stm32f1xx_it.c ****   * @file    stm32f1xx_it.c
   5:Core/Src/stm32f1xx_it.c ****   * @brief   Interrupt Service Routines.
   6:Core/Src/stm32f1xx_it.c ****   ******************************************************************************
   7:Core/Src/stm32f1xx_it.c ****   * @attention
   8:Core/Src/stm32f1xx_it.c ****   *
   9:Core/Src/stm32f1xx_it.c ****   * <h2><center>&copy; Copyright (c) 2021 STMicroelectronics.
  10:Core/Src/stm32f1xx_it.c ****   * All rights reserved.</center></h2>
  11:Core/Src/stm32f1xx_it.c ****   *
  12:Core/Src/stm32f1xx_it.c ****   * This software component is licensed by ST under Ultimate Liberty license
  13:Core/Src/stm32f1xx_it.c ****   * SLA0044, the "License"; You may not use this file except in compliance with
  14:Core/Src/stm32f1xx_it.c ****   * the License. You may obtain a copy of the License at:
  15:Core/Src/stm32f1xx_it.c ****   *                             www.st.com/SLA0044
  16:Core/Src/stm32f1xx_it.c ****   *
  17:Core/Src/stm32f1xx_it.c ****   ******************************************************************************
  18:Core/Src/stm32f1xx_it.c ****   */
  19:Core/Src/stm32f1xx_it.c **** /* USER CODE END Header */
  20:Core/Src/stm32f1xx_it.c **** 
  21:Core/Src/stm32f1xx_it.c **** /* Includes ------------------------------------------------------------------*/
  22:Core/Src/stm32f1xx_it.c **** #include "main.h"
  23:Core/Src/stm32f1xx_it.c **** #include "stm32f1xx_it.h"
  24:Core/Src/stm32f1xx_it.c **** /* Private includes ----------------------------------------------------------*/
  25:Core/Src/stm32f1xx_it.c **** /* USER CODE BEGIN Includes */
  26:Core/Src/stm32f1xx_it.c **** /* USER CODE END Includes */
  27:Core/Src/stm32f1xx_it.c **** 
  28:Core/Src/stm32f1xx_it.c **** /* Private typedef -----------------------------------------------------------*/
  29:Core/Src/stm32f1xx_it.c **** /* USER CODE BEGIN TD */
  30:Core/Src/stm32f1xx_it.c **** typedef struct
  31:Core/Src/stm32f1xx_it.c **** {
  32:Core/Src/stm32f1xx_it.c ****   uint32_t ADC_L;
ARM GAS  C:\Users\Vento\AppData\Local\Temp\cccyC2FX.s 			page 2


  33:Core/Src/stm32f1xx_it.c ****   uint32_t ADC_R;
  34:Core/Src/stm32f1xx_it.c ****   uint8_t PWM_Percent;
  35:Core/Src/stm32f1xx_it.c **** } SolarSense;
  36:Core/Src/stm32f1xx_it.c **** 
  37:Core/Src/stm32f1xx_it.c **** /* USER CODE END TD */
  38:Core/Src/stm32f1xx_it.c **** 
  39:Core/Src/stm32f1xx_it.c **** /* Private define ------------------------------------------------------------*/
  40:Core/Src/stm32f1xx_it.c **** /* USER CODE BEGIN PD */
  41:Core/Src/stm32f1xx_it.c **** 
  42:Core/Src/stm32f1xx_it.c **** /* USER CODE END PD */
  43:Core/Src/stm32f1xx_it.c **** 
  44:Core/Src/stm32f1xx_it.c **** /* Private macro -------------------------------------------------------------*/
  45:Core/Src/stm32f1xx_it.c **** /* USER CODE BEGIN PM */
  46:Core/Src/stm32f1xx_it.c **** 
  47:Core/Src/stm32f1xx_it.c **** /* USER CODE END PM */
  48:Core/Src/stm32f1xx_it.c **** 
  49:Core/Src/stm32f1xx_it.c **** /* Private variables ---------------------------------------------------------*/
  50:Core/Src/stm32f1xx_it.c **** /* USER CODE BEGIN PV */
  51:Core/Src/stm32f1xx_it.c **** 
  52:Core/Src/stm32f1xx_it.c **** /* USER CODE END PV */
  53:Core/Src/stm32f1xx_it.c **** 
  54:Core/Src/stm32f1xx_it.c **** /* Private function prototypes -----------------------------------------------*/
  55:Core/Src/stm32f1xx_it.c **** /* USER CODE BEGIN PFP */
  56:Core/Src/stm32f1xx_it.c **** 
  57:Core/Src/stm32f1xx_it.c **** /* USER CODE END PFP */
  58:Core/Src/stm32f1xx_it.c **** 
  59:Core/Src/stm32f1xx_it.c **** /* Private user code ---------------------------------------------------------*/
  60:Core/Src/stm32f1xx_it.c **** /* USER CODE BEGIN 0 */
  61:Core/Src/stm32f1xx_it.c **** extern SolarSense Solar_Sense;
  62:Core/Src/stm32f1xx_it.c **** uint16_t TIM2_Tick = 0;
  63:Core/Src/stm32f1xx_it.c **** 
  64:Core/Src/stm32f1xx_it.c **** /* USER CODE END 0 */
  65:Core/Src/stm32f1xx_it.c **** 
  66:Core/Src/stm32f1xx_it.c **** /* External variables --------------------------------------------------------*/
  67:Core/Src/stm32f1xx_it.c **** extern ADC_HandleTypeDef hadc1;
  68:Core/Src/stm32f1xx_it.c **** extern I2C_HandleTypeDef hi2c1;
  69:Core/Src/stm32f1xx_it.c **** extern TIM_HandleTypeDef htim2;
  70:Core/Src/stm32f1xx_it.c **** extern UART_HandleTypeDef huart1;
  71:Core/Src/stm32f1xx_it.c **** extern TIM_HandleTypeDef htim1;
  72:Core/Src/stm32f1xx_it.c **** 
  73:Core/Src/stm32f1xx_it.c **** /* USER CODE BEGIN EV */
  74:Core/Src/stm32f1xx_it.c **** 
  75:Core/Src/stm32f1xx_it.c **** /* USER CODE END EV */
  76:Core/Src/stm32f1xx_it.c **** 
  77:Core/Src/stm32f1xx_it.c **** /******************************************************************************/
  78:Core/Src/stm32f1xx_it.c **** /*           Cortex-M3 Processor Interruption and Exception Handlers          */
  79:Core/Src/stm32f1xx_it.c **** /******************************************************************************/
  80:Core/Src/stm32f1xx_it.c **** /**
  81:Core/Src/stm32f1xx_it.c ****   * @brief This function handles Non maskable interrupt.
  82:Core/Src/stm32f1xx_it.c ****   */
  83:Core/Src/stm32f1xx_it.c **** void NMI_Handler(void)
  84:Core/Src/stm32f1xx_it.c **** {
  27              		.loc 1 84 1 view -0
  28              		.cfi_startproc
  29              		@ Volatile: function does not return.
  30              		@ args = 0, pretend = 0, frame = 0
  31              		@ frame_needed = 0, uses_anonymous_args = 0
ARM GAS  C:\Users\Vento\AppData\Local\Temp\cccyC2FX.s 			page 3


  32              		@ link register save eliminated.
  33              	.L2:
  85:Core/Src/stm32f1xx_it.c ****   /* USER CODE BEGIN NonMaskableInt_IRQn 0 */
  86:Core/Src/stm32f1xx_it.c **** 
  87:Core/Src/stm32f1xx_it.c ****   /* USER CODE END NonMaskableInt_IRQn 0 */
  88:Core/Src/stm32f1xx_it.c ****   /* USER CODE BEGIN NonMaskableInt_IRQn 1 */
  89:Core/Src/stm32f1xx_it.c ****   while (1)
  34              		.loc 1 89 3 discriminator 1 view .LVU1
  90:Core/Src/stm32f1xx_it.c ****   {
  91:Core/Src/stm32f1xx_it.c ****   }
  35              		.loc 1 91 3 discriminator 1 view .LVU2
  89:Core/Src/stm32f1xx_it.c ****   {
  36              		.loc 1 89 9 discriminator 1 view .LVU3
  37 0000 FEE7     		b	.L2
  38              		.cfi_endproc
  39              	.LFE65:
  41              		.section	.text.HardFault_Handler,"ax",%progbits
  42              		.align	1
  43              		.global	HardFault_Handler
  44              		.syntax unified
  45              		.thumb
  46              		.thumb_func
  47              		.fpu softvfp
  49              	HardFault_Handler:
  50              	.LFB66:
  92:Core/Src/stm32f1xx_it.c ****   /* USER CODE END NonMaskableInt_IRQn 1 */
  93:Core/Src/stm32f1xx_it.c **** }
  94:Core/Src/stm32f1xx_it.c **** 
  95:Core/Src/stm32f1xx_it.c **** /**
  96:Core/Src/stm32f1xx_it.c ****   * @brief This function handles Hard fault interrupt.
  97:Core/Src/stm32f1xx_it.c ****   */
  98:Core/Src/stm32f1xx_it.c **** void HardFault_Handler(void)
  99:Core/Src/stm32f1xx_it.c **** {
  51              		.loc 1 99 1 view -0
  52              		.cfi_startproc
  53              		@ Volatile: function does not return.
  54              		@ args = 0, pretend = 0, frame = 0
  55              		@ frame_needed = 0, uses_anonymous_args = 0
  56              		@ link register save eliminated.
  57              	.L4:
 100:Core/Src/stm32f1xx_it.c ****   /* USER CODE BEGIN HardFault_IRQn 0 */
 101:Core/Src/stm32f1xx_it.c **** 
 102:Core/Src/stm32f1xx_it.c ****   /* USER CODE END HardFault_IRQn 0 */
 103:Core/Src/stm32f1xx_it.c ****   while (1)
  58              		.loc 1 103 3 discriminator 1 view .LVU5
 104:Core/Src/stm32f1xx_it.c ****   {
 105:Core/Src/stm32f1xx_it.c ****     /* USER CODE BEGIN W1_HardFault_IRQn 0 */
 106:Core/Src/stm32f1xx_it.c ****     /* USER CODE END W1_HardFault_IRQn 0 */
 107:Core/Src/stm32f1xx_it.c ****   }
  59              		.loc 1 107 3 discriminator 1 view .LVU6
 103:Core/Src/stm32f1xx_it.c ****   {
  60              		.loc 1 103 9 discriminator 1 view .LVU7
  61 0000 FEE7     		b	.L4
  62              		.cfi_endproc
  63              	.LFE66:
  65              		.section	.text.MemManage_Handler,"ax",%progbits
  66              		.align	1
ARM GAS  C:\Users\Vento\AppData\Local\Temp\cccyC2FX.s 			page 4


  67              		.global	MemManage_Handler
  68              		.syntax unified
  69              		.thumb
  70              		.thumb_func
  71              		.fpu softvfp
  73              	MemManage_Handler:
  74              	.LFB67:
 108:Core/Src/stm32f1xx_it.c **** }
 109:Core/Src/stm32f1xx_it.c **** 
 110:Core/Src/stm32f1xx_it.c **** /**
 111:Core/Src/stm32f1xx_it.c ****   * @brief This function handles Memory management fault.
 112:Core/Src/stm32f1xx_it.c ****   */
 113:Core/Src/stm32f1xx_it.c **** void MemManage_Handler(void)
 114:Core/Src/stm32f1xx_it.c **** {
  75              		.loc 1 114 1 view -0
  76              		.cfi_startproc
  77              		@ Volatile: function does not return.
  78              		@ args = 0, pretend = 0, frame = 0
  79              		@ frame_needed = 0, uses_anonymous_args = 0
  80              		@ link register save eliminated.
  81              	.L6:
 115:Core/Src/stm32f1xx_it.c ****   /* USER CODE BEGIN MemoryManagement_IRQn 0 */
 116:Core/Src/stm32f1xx_it.c **** 
 117:Core/Src/stm32f1xx_it.c ****   /* USER CODE END MemoryManagement_IRQn 0 */
 118:Core/Src/stm32f1xx_it.c ****   while (1)
  82              		.loc 1 118 3 discriminator 1 view .LVU9
 119:Core/Src/stm32f1xx_it.c ****   {
 120:Core/Src/stm32f1xx_it.c ****     /* USER CODE BEGIN W1_MemoryManagement_IRQn 0 */
 121:Core/Src/stm32f1xx_it.c ****     /* USER CODE END W1_MemoryManagement_IRQn 0 */
 122:Core/Src/stm32f1xx_it.c ****   }
  83              		.loc 1 122 3 discriminator 1 view .LVU10
 118:Core/Src/stm32f1xx_it.c ****   {
  84              		.loc 1 118 9 discriminator 1 view .LVU11
  85 0000 FEE7     		b	.L6
  86              		.cfi_endproc
  87              	.LFE67:
  89              		.section	.text.BusFault_Handler,"ax",%progbits
  90              		.align	1
  91              		.global	BusFault_Handler
  92              		.syntax unified
  93              		.thumb
  94              		.thumb_func
  95              		.fpu softvfp
  97              	BusFault_Handler:
  98              	.LFB68:
 123:Core/Src/stm32f1xx_it.c **** }
 124:Core/Src/stm32f1xx_it.c **** 
 125:Core/Src/stm32f1xx_it.c **** /**
 126:Core/Src/stm32f1xx_it.c ****   * @brief This function handles Prefetch fault, memory access fault.
 127:Core/Src/stm32f1xx_it.c ****   */
 128:Core/Src/stm32f1xx_it.c **** void BusFault_Handler(void)
 129:Core/Src/stm32f1xx_it.c **** {
  99              		.loc 1 129 1 view -0
 100              		.cfi_startproc
 101              		@ Volatile: function does not return.
 102              		@ args = 0, pretend = 0, frame = 0
 103              		@ frame_needed = 0, uses_anonymous_args = 0
ARM GAS  C:\Users\Vento\AppData\Local\Temp\cccyC2FX.s 			page 5


 104              		@ link register save eliminated.
 105              	.L8:
 130:Core/Src/stm32f1xx_it.c ****   /* USER CODE BEGIN BusFault_IRQn 0 */
 131:Core/Src/stm32f1xx_it.c **** 
 132:Core/Src/stm32f1xx_it.c ****   /* USER CODE END BusFault_IRQn 0 */
 133:Core/Src/stm32f1xx_it.c ****   while (1)
 106              		.loc 1 133 3 discriminator 1 view .LVU13
 134:Core/Src/stm32f1xx_it.c ****   {
 135:Core/Src/stm32f1xx_it.c ****     /* USER CODE BEGIN W1_BusFault_IRQn 0 */
 136:Core/Src/stm32f1xx_it.c ****     /* USER CODE END W1_BusFault_IRQn 0 */
 137:Core/Src/stm32f1xx_it.c ****   }
 107              		.loc 1 137 3 discriminator 1 view .LVU14
 133:Core/Src/stm32f1xx_it.c ****   {
 108              		.loc 1 133 9 discriminator 1 view .LVU15
 109 0000 FEE7     		b	.L8
 110              		.cfi_endproc
 111              	.LFE68:
 113              		.section	.text.UsageFault_Handler,"ax",%progbits
 114              		.align	1
 115              		.global	UsageFault_Handler
 116              		.syntax unified
 117              		.thumb
 118              		.thumb_func
 119              		.fpu softvfp
 121              	UsageFault_Handler:
 122              	.LFB69:
 138:Core/Src/stm32f1xx_it.c **** }
 139:Core/Src/stm32f1xx_it.c **** 
 140:Core/Src/stm32f1xx_it.c **** /**
 141:Core/Src/stm32f1xx_it.c ****   * @brief This function handles Undefined instruction or illegal state.
 142:Core/Src/stm32f1xx_it.c ****   */
 143:Core/Src/stm32f1xx_it.c **** void UsageFault_Handler(void)
 144:Core/Src/stm32f1xx_it.c **** {
 123              		.loc 1 144 1 view -0
 124              		.cfi_startproc
 125              		@ Volatile: function does not return.
 126              		@ args = 0, pretend = 0, frame = 0
 127              		@ frame_needed = 0, uses_anonymous_args = 0
 128              		@ link register save eliminated.
 129              	.L10:
 145:Core/Src/stm32f1xx_it.c ****   /* USER CODE BEGIN UsageFault_IRQn 0 */
 146:Core/Src/stm32f1xx_it.c **** 
 147:Core/Src/stm32f1xx_it.c ****   /* USER CODE END UsageFault_IRQn 0 */
 148:Core/Src/stm32f1xx_it.c ****   while (1)
 130              		.loc 1 148 3 discriminator 1 view .LVU17
 149:Core/Src/stm32f1xx_it.c ****   {
 150:Core/Src/stm32f1xx_it.c ****     /* USER CODE BEGIN W1_UsageFault_IRQn 0 */
 151:Core/Src/stm32f1xx_it.c ****     /* USER CODE END W1_UsageFault_IRQn 0 */
 152:Core/Src/stm32f1xx_it.c ****   }
 131              		.loc 1 152 3 discriminator 1 view .LVU18
 148:Core/Src/stm32f1xx_it.c ****   {
 132              		.loc 1 148 9 discriminator 1 view .LVU19
 133 0000 FEE7     		b	.L10
 134              		.cfi_endproc
 135              	.LFE69:
 137              		.section	.text.DebugMon_Handler,"ax",%progbits
 138              		.align	1
ARM GAS  C:\Users\Vento\AppData\Local\Temp\cccyC2FX.s 			page 6


 139              		.global	DebugMon_Handler
 140              		.syntax unified
 141              		.thumb
 142              		.thumb_func
 143              		.fpu softvfp
 145              	DebugMon_Handler:
 146              	.LFB70:
 153:Core/Src/stm32f1xx_it.c **** }
 154:Core/Src/stm32f1xx_it.c **** 
 155:Core/Src/stm32f1xx_it.c **** /**
 156:Core/Src/stm32f1xx_it.c ****   * @brief This function handles Debug monitor.
 157:Core/Src/stm32f1xx_it.c ****   */
 158:Core/Src/stm32f1xx_it.c **** void DebugMon_Handler(void)
 159:Core/Src/stm32f1xx_it.c **** {
 147              		.loc 1 159 1 view -0
 148              		.cfi_startproc
 149              		@ args = 0, pretend = 0, frame = 0
 150              		@ frame_needed = 0, uses_anonymous_args = 0
 151              		@ link register save eliminated.
 160:Core/Src/stm32f1xx_it.c ****   /* USER CODE BEGIN DebugMonitor_IRQn 0 */
 161:Core/Src/stm32f1xx_it.c **** 
 162:Core/Src/stm32f1xx_it.c ****   /* USER CODE END DebugMonitor_IRQn 0 */
 163:Core/Src/stm32f1xx_it.c ****   /* USER CODE BEGIN DebugMonitor_IRQn 1 */
 164:Core/Src/stm32f1xx_it.c **** 
 165:Core/Src/stm32f1xx_it.c ****   /* USER CODE END DebugMonitor_IRQn 1 */
 166:Core/Src/stm32f1xx_it.c **** }
 152              		.loc 1 166 1 view .LVU21
 153 0000 7047     		bx	lr
 154              		.cfi_endproc
 155              	.LFE70:
 157              		.section	.text.ADC1_2_IRQHandler,"ax",%progbits
 158              		.align	1
 159              		.global	ADC1_2_IRQHandler
 160              		.syntax unified
 161              		.thumb
 162              		.thumb_func
 163              		.fpu softvfp
 165              	ADC1_2_IRQHandler:
 166              	.LFB71:
 167:Core/Src/stm32f1xx_it.c **** 
 168:Core/Src/stm32f1xx_it.c **** /******************************************************************************/
 169:Core/Src/stm32f1xx_it.c **** /* STM32F1xx Peripheral Interrupt Handlers                                    */
 170:Core/Src/stm32f1xx_it.c **** /* Add here the Interrupt Handlers for the used peripherals.                  */
 171:Core/Src/stm32f1xx_it.c **** /* For the available peripheral interrupt handler names,                      */
 172:Core/Src/stm32f1xx_it.c **** /* please refer to the startup file (startup_stm32f1xx.s).                    */
 173:Core/Src/stm32f1xx_it.c **** /******************************************************************************/
 174:Core/Src/stm32f1xx_it.c **** 
 175:Core/Src/stm32f1xx_it.c **** /**
 176:Core/Src/stm32f1xx_it.c ****   * @brief This function handles ADC1 and ADC2 global interrupts.
 177:Core/Src/stm32f1xx_it.c ****   */
 178:Core/Src/stm32f1xx_it.c **** void ADC1_2_IRQHandler(void)
 179:Core/Src/stm32f1xx_it.c **** {
 167              		.loc 1 179 1 view -0
 168              		.cfi_startproc
 169              		@ args = 0, pretend = 0, frame = 0
 170              		@ frame_needed = 0, uses_anonymous_args = 0
 171 0000 08B5     		push	{r3, lr}
ARM GAS  C:\Users\Vento\AppData\Local\Temp\cccyC2FX.s 			page 7


 172              	.LCFI0:
 173              		.cfi_def_cfa_offset 8
 174              		.cfi_offset 3, -8
 175              		.cfi_offset 14, -4
 180:Core/Src/stm32f1xx_it.c ****   /* USER CODE BEGIN ADC1_2_IRQn 0 */
 181:Core/Src/stm32f1xx_it.c **** 
 182:Core/Src/stm32f1xx_it.c ****   /* USER CODE END ADC1_2_IRQn 0 */
 183:Core/Src/stm32f1xx_it.c ****   HAL_ADC_IRQHandler(&hadc1);
 176              		.loc 1 183 3 view .LVU23
 177 0002 0248     		ldr	r0, .L14
 178 0004 FFF7FEFF 		bl	HAL_ADC_IRQHandler
 179              	.LVL0:
 184:Core/Src/stm32f1xx_it.c ****   /* USER CODE BEGIN ADC1_2_IRQn 1 */
 185:Core/Src/stm32f1xx_it.c **** 
 186:Core/Src/stm32f1xx_it.c ****   /* USER CODE END ADC1_2_IRQn 1 */
 187:Core/Src/stm32f1xx_it.c **** }
 180              		.loc 1 187 1 is_stmt 0 view .LVU24
 181 0008 08BD     		pop	{r3, pc}
 182              	.L15:
 183 000a 00BF     		.align	2
 184              	.L14:
 185 000c 00000000 		.word	hadc1
 186              		.cfi_endproc
 187              	.LFE71:
 189              		.section	.text.EXTI9_5_IRQHandler,"ax",%progbits
 190              		.align	1
 191              		.global	EXTI9_5_IRQHandler
 192              		.syntax unified
 193              		.thumb
 194              		.thumb_func
 195              		.fpu softvfp
 197              	EXTI9_5_IRQHandler:
 198              	.LFB72:
 188:Core/Src/stm32f1xx_it.c **** 
 189:Core/Src/stm32f1xx_it.c **** /**
 190:Core/Src/stm32f1xx_it.c ****   * @brief This function handles EXTI line[9:5] interrupts.
 191:Core/Src/stm32f1xx_it.c ****   */
 192:Core/Src/stm32f1xx_it.c **** void EXTI9_5_IRQHandler(void)
 193:Core/Src/stm32f1xx_it.c **** {
 199              		.loc 1 193 1 is_stmt 1 view -0
 200              		.cfi_startproc
 201              		@ args = 0, pretend = 0, frame = 0
 202              		@ frame_needed = 0, uses_anonymous_args = 0
 203 0000 08B5     		push	{r3, lr}
 204              	.LCFI1:
 205              		.cfi_def_cfa_offset 8
 206              		.cfi_offset 3, -8
 207              		.cfi_offset 14, -4
 194:Core/Src/stm32f1xx_it.c ****   /* USER CODE BEGIN EXTI9_5_IRQn 0 */
 195:Core/Src/stm32f1xx_it.c **** 
 196:Core/Src/stm32f1xx_it.c ****   /* USER CODE END EXTI9_5_IRQn 0 */
 197:Core/Src/stm32f1xx_it.c ****   HAL_GPIO_EXTI_IRQHandler(T_IRQ_Pin);
 208              		.loc 1 197 3 view .LVU26
 209 0002 4FF48070 		mov	r0, #256
 210 0006 FFF7FEFF 		bl	HAL_GPIO_EXTI_IRQHandler
 211              	.LVL1:
 198:Core/Src/stm32f1xx_it.c ****   /* USER CODE BEGIN EXTI9_5_IRQn 1 */
ARM GAS  C:\Users\Vento\AppData\Local\Temp\cccyC2FX.s 			page 8


 199:Core/Src/stm32f1xx_it.c **** 
 200:Core/Src/stm32f1xx_it.c ****   /* USER CODE END EXTI9_5_IRQn 1 */
 201:Core/Src/stm32f1xx_it.c **** }
 212              		.loc 1 201 1 is_stmt 0 view .LVU27
 213 000a 08BD     		pop	{r3, pc}
 214              		.cfi_endproc
 215              	.LFE72:
 217              		.section	.text.TIM1_UP_IRQHandler,"ax",%progbits
 218              		.align	1
 219              		.global	TIM1_UP_IRQHandler
 220              		.syntax unified
 221              		.thumb
 222              		.thumb_func
 223              		.fpu softvfp
 225              	TIM1_UP_IRQHandler:
 226              	.LFB73:
 202:Core/Src/stm32f1xx_it.c **** 
 203:Core/Src/stm32f1xx_it.c **** /**
 204:Core/Src/stm32f1xx_it.c ****   * @brief This function handles TIM1 update interrupt.
 205:Core/Src/stm32f1xx_it.c ****   */
 206:Core/Src/stm32f1xx_it.c **** void TIM1_UP_IRQHandler(void)
 207:Core/Src/stm32f1xx_it.c **** {
 227              		.loc 1 207 1 is_stmt 1 view -0
 228              		.cfi_startproc
 229              		@ args = 0, pretend = 0, frame = 0
 230              		@ frame_needed = 0, uses_anonymous_args = 0
 231 0000 08B5     		push	{r3, lr}
 232              	.LCFI2:
 233              		.cfi_def_cfa_offset 8
 234              		.cfi_offset 3, -8
 235              		.cfi_offset 14, -4
 208:Core/Src/stm32f1xx_it.c ****   /* USER CODE BEGIN TIM1_UP_IRQn 0 */
 209:Core/Src/stm32f1xx_it.c **** 
 210:Core/Src/stm32f1xx_it.c ****   /* USER CODE END TIM1_UP_IRQn 0 */
 211:Core/Src/stm32f1xx_it.c ****   HAL_TIM_IRQHandler(&htim1);
 236              		.loc 1 211 3 view .LVU29
 237 0002 0248     		ldr	r0, .L20
 238 0004 FFF7FEFF 		bl	HAL_TIM_IRQHandler
 239              	.LVL2:
 212:Core/Src/stm32f1xx_it.c ****   /* USER CODE BEGIN TIM1_UP_IRQn 1 */
 213:Core/Src/stm32f1xx_it.c **** 
 214:Core/Src/stm32f1xx_it.c ****   /* USER CODE END TIM1_UP_IRQn 1 */
 215:Core/Src/stm32f1xx_it.c **** }
 240              		.loc 1 215 1 is_stmt 0 view .LVU30
 241 0008 08BD     		pop	{r3, pc}
 242              	.L21:
 243 000a 00BF     		.align	2
 244              	.L20:
 245 000c 00000000 		.word	htim1
 246              		.cfi_endproc
 247              	.LFE73:
 249              		.section	.text.TIM2_IRQHandler,"ax",%progbits
 250              		.align	1
 251              		.global	TIM2_IRQHandler
 252              		.syntax unified
 253              		.thumb
 254              		.thumb_func
ARM GAS  C:\Users\Vento\AppData\Local\Temp\cccyC2FX.s 			page 9


 255              		.fpu softvfp
 257              	TIM2_IRQHandler:
 258              	.LFB74:
 216:Core/Src/stm32f1xx_it.c **** 
 217:Core/Src/stm32f1xx_it.c **** /**
 218:Core/Src/stm32f1xx_it.c ****   * @brief This function handles TIM2 global interrupt.
 219:Core/Src/stm32f1xx_it.c ****   */
 220:Core/Src/stm32f1xx_it.c **** void TIM2_IRQHandler(void)
 221:Core/Src/stm32f1xx_it.c **** {
 259              		.loc 1 221 1 is_stmt 1 view -0
 260              		.cfi_startproc
 261              		@ args = 0, pretend = 0, frame = 0
 262              		@ frame_needed = 0, uses_anonymous_args = 0
 263 0000 08B5     		push	{r3, lr}
 264              	.LCFI3:
 265              		.cfi_def_cfa_offset 8
 266              		.cfi_offset 3, -8
 267              		.cfi_offset 14, -4
 222:Core/Src/stm32f1xx_it.c ****   /* USER CODE BEGIN TIM2_IRQn 0 */
 223:Core/Src/stm32f1xx_it.c **** 
 224:Core/Src/stm32f1xx_it.c ****   /* USER CODE END TIM2_IRQn 0 */
 225:Core/Src/stm32f1xx_it.c ****   HAL_TIM_IRQHandler(&htim2);
 268              		.loc 1 225 3 view .LVU32
 269 0002 0248     		ldr	r0, .L24
 270 0004 FFF7FEFF 		bl	HAL_TIM_IRQHandler
 271              	.LVL3:
 226:Core/Src/stm32f1xx_it.c ****   /* USER CODE BEGIN TIM2_IRQn 1 */
 227:Core/Src/stm32f1xx_it.c **** 
 228:Core/Src/stm32f1xx_it.c ****   /* USER CODE END TIM2_IRQn 1 */
 229:Core/Src/stm32f1xx_it.c **** }
 272              		.loc 1 229 1 is_stmt 0 view .LVU33
 273 0008 08BD     		pop	{r3, pc}
 274              	.L25:
 275 000a 00BF     		.align	2
 276              	.L24:
 277 000c 00000000 		.word	htim2
 278              		.cfi_endproc
 279              	.LFE74:
 281              		.section	.text.I2C1_EV_IRQHandler,"ax",%progbits
 282              		.align	1
 283              		.global	I2C1_EV_IRQHandler
 284              		.syntax unified
 285              		.thumb
 286              		.thumb_func
 287              		.fpu softvfp
 289              	I2C1_EV_IRQHandler:
 290              	.LFB75:
 230:Core/Src/stm32f1xx_it.c **** 
 231:Core/Src/stm32f1xx_it.c **** /**
 232:Core/Src/stm32f1xx_it.c ****   * @brief This function handles I2C1 event interrupt.
 233:Core/Src/stm32f1xx_it.c ****   */
 234:Core/Src/stm32f1xx_it.c **** void I2C1_EV_IRQHandler(void)
 235:Core/Src/stm32f1xx_it.c **** {
 291              		.loc 1 235 1 is_stmt 1 view -0
 292              		.cfi_startproc
 293              		@ args = 0, pretend = 0, frame = 0
 294              		@ frame_needed = 0, uses_anonymous_args = 0
ARM GAS  C:\Users\Vento\AppData\Local\Temp\cccyC2FX.s 			page 10


 295 0000 08B5     		push	{r3, lr}
 296              	.LCFI4:
 297              		.cfi_def_cfa_offset 8
 298              		.cfi_offset 3, -8
 299              		.cfi_offset 14, -4
 236:Core/Src/stm32f1xx_it.c ****   /* USER CODE BEGIN I2C1_EV_IRQn 0 */
 237:Core/Src/stm32f1xx_it.c **** 
 238:Core/Src/stm32f1xx_it.c ****   /* USER CODE END I2C1_EV_IRQn 0 */
 239:Core/Src/stm32f1xx_it.c ****   HAL_I2C_EV_IRQHandler(&hi2c1);
 300              		.loc 1 239 3 view .LVU35
 301 0002 0248     		ldr	r0, .L28
 302 0004 FFF7FEFF 		bl	HAL_I2C_EV_IRQHandler
 303              	.LVL4:
 240:Core/Src/stm32f1xx_it.c ****   /* USER CODE BEGIN I2C1_EV_IRQn 1 */
 241:Core/Src/stm32f1xx_it.c **** 
 242:Core/Src/stm32f1xx_it.c ****   /* USER CODE END I2C1_EV_IRQn 1 */
 243:Core/Src/stm32f1xx_it.c **** }
 304              		.loc 1 243 1 is_stmt 0 view .LVU36
 305 0008 08BD     		pop	{r3, pc}
 306              	.L29:
 307 000a 00BF     		.align	2
 308              	.L28:
 309 000c 00000000 		.word	hi2c1
 310              		.cfi_endproc
 311              	.LFE75:
 313              		.section	.text.USART1_IRQHandler,"ax",%progbits
 314              		.align	1
 315              		.global	USART1_IRQHandler
 316              		.syntax unified
 317              		.thumb
 318              		.thumb_func
 319              		.fpu softvfp
 321              	USART1_IRQHandler:
 322              	.LFB76:
 244:Core/Src/stm32f1xx_it.c **** 
 245:Core/Src/stm32f1xx_it.c **** /**
 246:Core/Src/stm32f1xx_it.c ****   * @brief This function handles USART1 global interrupt.
 247:Core/Src/stm32f1xx_it.c ****   */
 248:Core/Src/stm32f1xx_it.c **** void USART1_IRQHandler(void)
 249:Core/Src/stm32f1xx_it.c **** {
 323              		.loc 1 249 1 is_stmt 1 view -0
 324              		.cfi_startproc
 325              		@ args = 0, pretend = 0, frame = 0
 326              		@ frame_needed = 0, uses_anonymous_args = 0
 327 0000 08B5     		push	{r3, lr}
 328              	.LCFI5:
 329              		.cfi_def_cfa_offset 8
 330              		.cfi_offset 3, -8
 331              		.cfi_offset 14, -4
 250:Core/Src/stm32f1xx_it.c ****   /* USER CODE BEGIN USART1_IRQn 0 */
 251:Core/Src/stm32f1xx_it.c **** 
 252:Core/Src/stm32f1xx_it.c ****   /* USER CODE END USART1_IRQn 0 */
 253:Core/Src/stm32f1xx_it.c ****   HAL_UART_IRQHandler(&huart1);
 332              		.loc 1 253 3 view .LVU38
 333 0002 0248     		ldr	r0, .L32
 334 0004 FFF7FEFF 		bl	HAL_UART_IRQHandler
 335              	.LVL5:
ARM GAS  C:\Users\Vento\AppData\Local\Temp\cccyC2FX.s 			page 11


 254:Core/Src/stm32f1xx_it.c ****   /* USER CODE BEGIN USART1_IRQn 1 */
 255:Core/Src/stm32f1xx_it.c **** 
 256:Core/Src/stm32f1xx_it.c ****   /* USER CODE END USART1_IRQn 1 */
 257:Core/Src/stm32f1xx_it.c **** }
 336              		.loc 1 257 1 is_stmt 0 view .LVU39
 337 0008 08BD     		pop	{r3, pc}
 338              	.L33:
 339 000a 00BF     		.align	2
 340              	.L32:
 341 000c 00000000 		.word	huart1
 342              		.cfi_endproc
 343              	.LFE76:
 345              		.global	TIM2_Tick
 346              		.section	.bss.TIM2_Tick,"aw",%nobits
 347              		.align	1
 350              	TIM2_Tick:
 351 0000 0000     		.space	2
 352              		.text
 353              	.Letext0:
 354              		.file 2 "d:\\tools\\gcc-arm-none-eabi-10.3-2021.07\\arm-none-eabi\\include\\machine\\_default_type
 355              		.file 3 "d:\\tools\\gcc-arm-none-eabi-10.3-2021.07\\arm-none-eabi\\include\\sys\\_stdint.h"
 356              		.file 4 "Drivers/CMSIS/Device/ST/STM32F1xx/Include/stm32f103xb.h"
 357              		.file 5 "Drivers/CMSIS/Device/ST/STM32F1xx/Include/stm32f1xx.h"
 358              		.file 6 "Drivers/STM32F1xx_HAL_Driver/Inc/stm32f1xx_hal_def.h"
 359              		.file 7 "Drivers/STM32F1xx_HAL_Driver/Inc/stm32f1xx_hal_dma.h"
 360              		.file 8 "Drivers/STM32F1xx_HAL_Driver/Inc/stm32f1xx_hal_adc.h"
 361              		.file 9 "Drivers/STM32F1xx_HAL_Driver/Inc/stm32f1xx_hal_i2c.h"
 362              		.file 10 "Drivers/STM32F1xx_HAL_Driver/Inc/stm32f1xx_hal_tim.h"
 363              		.file 11 "Drivers/STM32F1xx_HAL_Driver/Inc/stm32f1xx_hal_uart.h"
 364              		.file 12 "Drivers/STM32F1xx_HAL_Driver/Inc/stm32f1xx_hal_gpio.h"
ARM GAS  C:\Users\Vento\AppData\Local\Temp\cccyC2FX.s 			page 12


DEFINED SYMBOLS
                            *ABS*:00000000 stm32f1xx_it.c
C:\Users\Vento\AppData\Local\Temp\cccyC2FX.s:16     .text.NMI_Handler:00000000 $t
C:\Users\Vento\AppData\Local\Temp\cccyC2FX.s:24     .text.NMI_Handler:00000000 NMI_Handler
C:\Users\Vento\AppData\Local\Temp\cccyC2FX.s:42     .text.HardFault_Handler:00000000 $t
C:\Users\Vento\AppData\Local\Temp\cccyC2FX.s:49     .text.HardFault_Handler:00000000 HardFault_Handler
C:\Users\Vento\AppData\Local\Temp\cccyC2FX.s:66     .text.MemManage_Handler:00000000 $t
C:\Users\Vento\AppData\Local\Temp\cccyC2FX.s:73     .text.MemManage_Handler:00000000 MemManage_Handler
C:\Users\Vento\AppData\Local\Temp\cccyC2FX.s:90     .text.BusFault_Handler:00000000 $t
C:\Users\Vento\AppData\Local\Temp\cccyC2FX.s:97     .text.BusFault_Handler:00000000 BusFault_Handler
C:\Users\Vento\AppData\Local\Temp\cccyC2FX.s:114    .text.UsageFault_Handler:00000000 $t
C:\Users\Vento\AppData\Local\Temp\cccyC2FX.s:121    .text.UsageFault_Handler:00000000 UsageFault_Handler
C:\Users\Vento\AppData\Local\Temp\cccyC2FX.s:138    .text.DebugMon_Handler:00000000 $t
C:\Users\Vento\AppData\Local\Temp\cccyC2FX.s:145    .text.DebugMon_Handler:00000000 DebugMon_Handler
C:\Users\Vento\AppData\Local\Temp\cccyC2FX.s:158    .text.ADC1_2_IRQHandler:00000000 $t
C:\Users\Vento\AppData\Local\Temp\cccyC2FX.s:165    .text.ADC1_2_IRQHandler:00000000 ADC1_2_IRQHandler
C:\Users\Vento\AppData\Local\Temp\cccyC2FX.s:185    .text.ADC1_2_IRQHandler:0000000c $d
C:\Users\Vento\AppData\Local\Temp\cccyC2FX.s:190    .text.EXTI9_5_IRQHandler:00000000 $t
C:\Users\Vento\AppData\Local\Temp\cccyC2FX.s:197    .text.EXTI9_5_IRQHandler:00000000 EXTI9_5_IRQHandler
C:\Users\Vento\AppData\Local\Temp\cccyC2FX.s:218    .text.TIM1_UP_IRQHandler:00000000 $t
C:\Users\Vento\AppData\Local\Temp\cccyC2FX.s:225    .text.TIM1_UP_IRQHandler:00000000 TIM1_UP_IRQHandler
C:\Users\Vento\AppData\Local\Temp\cccyC2FX.s:245    .text.TIM1_UP_IRQHandler:0000000c $d
C:\Users\Vento\AppData\Local\Temp\cccyC2FX.s:250    .text.TIM2_IRQHandler:00000000 $t
C:\Users\Vento\AppData\Local\Temp\cccyC2FX.s:257    .text.TIM2_IRQHandler:00000000 TIM2_IRQHandler
C:\Users\Vento\AppData\Local\Temp\cccyC2FX.s:277    .text.TIM2_IRQHandler:0000000c $d
C:\Users\Vento\AppData\Local\Temp\cccyC2FX.s:282    .text.I2C1_EV_IRQHandler:00000000 $t
C:\Users\Vento\AppData\Local\Temp\cccyC2FX.s:289    .text.I2C1_EV_IRQHandler:00000000 I2C1_EV_IRQHandler
C:\Users\Vento\AppData\Local\Temp\cccyC2FX.s:309    .text.I2C1_EV_IRQHandler:0000000c $d
C:\Users\Vento\AppData\Local\Temp\cccyC2FX.s:314    .text.USART1_IRQHandler:00000000 $t
C:\Users\Vento\AppData\Local\Temp\cccyC2FX.s:321    .text.USART1_IRQHandler:00000000 USART1_IRQHandler
C:\Users\Vento\AppData\Local\Temp\cccyC2FX.s:341    .text.USART1_IRQHandler:0000000c $d
C:\Users\Vento\AppData\Local\Temp\cccyC2FX.s:350    .bss.TIM2_Tick:00000000 TIM2_Tick
C:\Users\Vento\AppData\Local\Temp\cccyC2FX.s:347    .bss.TIM2_Tick:00000000 $d

UNDEFINED SYMBOLS
HAL_ADC_IRQHandler
hadc1
HAL_GPIO_EXTI_IRQHandler
HAL_TIM_IRQHandler
htim1
htim2
HAL_I2C_EV_IRQHandler
hi2c1
HAL_UART_IRQHandler
huart1
